Copyright 1986-2022 Xilinx, Inc. All Rights Reserved.
------------------------------------------------------------------------------------
| Tool Version : Vivado v.2022.1 (win64) Build 3526262 Mon Apr 18 15:48:16 MDT 2022
| Date         : Mon Feb  5 15:05:38 2024
| Host         : DESKTOP-LF8951D running 64-bit major release  (build 9200)
| Command      : upgrade_ip
| Device       : xc7z020clg400-1
------------------------------------------------------------------------------------

Upgrade Log for IP 'Lab2_Axi_Int_seq_sqrt_mypi_axi_sqrt_bd_0_2'

1. Summary
----------

SUCCESS in the conversion of Lab2_Axi_Int_seq_sqrt_mypi_axi_sqrt_bd_0_2 (xilinx.com:user:mypi_axi_sqrt_bd:1.0 (Rev. 2)) to Vivado generation flows.






Copyright 1986-2022 Xilinx, Inc. All Rights Reserved.
------------------------------------------------------------------------------------
| Tool Version : Vivado v.2022.1 (win64) Build 3526262 Mon Apr 18 15:48:16 MDT 2022
| Date         : Mon Feb  5 14:54:45 2024
| Host         : DESKTOP-LF8951D running 64-bit major release  (build 9200)
| Command      : upgrade_ip
| Device       : xc7z020clg400-1
------------------------------------------------------------------------------------

Upgrade Log for IP 'Lab2_Axi_Int_seq_sqrt_mypi_axi_sqrt_bd_0_2'

1. Summary
----------

SUCCESS in the conversion of Lab2_Axi_Int_seq_sqrt_mypi_axi_sqrt_bd_0_2 (xilinx.com:user:mypi_axi_sqrt_bd:1.0 (Rev. 2)) to Vivado generation flows.






Copyright 1986-2022 Xilinx, Inc. All Rights Reserved.
------------------------------------------------------------------------------------
| Tool Version : Vivado v.2022.1 (win64) Build 3526262 Mon Apr 18 15:48:16 MDT 2022
| Date         : Mon Feb  5 14:40:45 2024
| Host         : DESKTOP-LF8951D running 64-bit major release  (build 9200)
| Command      : upgrade_ip
| Device       : xc7z020clg400-1
------------------------------------------------------------------------------------

Upgrade Log for IP 'Lab2_Axi_Int_seq_sqrt_mypi_axi_sqrt_bd_0_2'

1. Summary
----------

SUCCESS in the conversion of Lab2_Axi_Int_seq_sqrt_mypi_axi_sqrt_bd_0_2 (xilinx.com:user:mypi_axi_sqrt_bd:1.0 (Rev. 2)) to Vivado generation flows.






Copyright 1986-2022 Xilinx, Inc. All Rights Reserved.
------------------------------------------------------------------------------------
| Tool Version : Vivado v.2022.1 (win64) Build 3526262 Mon Apr 18 15:48:16 MDT 2022
| Date         : Mon Feb  5 13:47:13 2024
| Host         : DESKTOP-LF8951D running 64-bit major release  (build 9200)
| Command      : upgrade_ip
| Device       : xc7z020clg400-1
------------------------------------------------------------------------------------

Upgrade Log for IP 'Lab2_Axi_Int_seq_sqrt_mypi_axi_sqrt_bd_0_2'

1. Summary
----------

CAUTION (success, with warnings) in the conversion of Lab2_Axi_Int_seq_sqrt_mypi_axi_sqrt_bd_0_2 (xilinx.com:user:mypi_axi_sqrt_bd:1.0 (Rev. 2)) to Vivado generation flows.

After upgrade, an IP may have parameter and port differences compared to the original customization. Please review the parameters within the IP customization GUI to ensure proper functionality. Also, please review the updated IP instantiation template to ensure proper connectivity, and update your design if required.

2. Connection Warnings
----------------------

Detected external port differences while upgrading 'Lab2_Axi_Int_seq_sqrt_mypi_axi_sqrt_bd_0_2'. These changes may impact your design.


-Upgrade has removed port 'root_0'







Copyright 1986-2022 Xilinx, Inc. All Rights Reserved.
------------------------------------------------------------------------------------
| Tool Version : Vivado v.2022.1 (win64) Build 3526262 Mon Apr 18 15:48:16 MDT 2022
| Date         : Mon Feb  5 13:15:58 2024
| Host         : DESKTOP-LF8951D running 64-bit major release  (build 9200)
| Command      : upgrade_ip
| Device       : xc7z020clg400-1
------------------------------------------------------------------------------------

Upgrade Log for IP 'Lab2_Axi_Int_seq_sqrt_mypi_axi_sqrt_bd_0_2'

1. Summary
----------

CAUTION (success, with warnings) in the conversion of Lab2_Axi_Int_seq_sqrt_mypi_axi_sqrt_bd_0_2 (xilinx.com:user:mypi_axi_sqrt_bd:1.0 (Rev. 2)) to Vivado generation flows.

After upgrade, an IP may have parameter and port differences compared to the original customization. Please review the parameters within the IP customization GUI to ensure proper functionality. Also, please review the updated IP instantiation template to ensure proper connectivity, and update your design if required.

2. Connection Warnings
----------------------

Detected external port differences while upgrading 'Lab2_Axi_Int_seq_sqrt_mypi_axi_sqrt_bd_0_2'. These changes may impact your design.


-Upgrade has removed port 'clr_0'







Copyright 1986-2022 Xilinx, Inc. All Rights Reserved.
------------------------------------------------------------------------------------
| Tool Version : Vivado v.2022.1 (win64) Build 3526262 Mon Apr 18 15:48:16 MDT 2022
| Date         : Mon Feb  5 12:59:08 2024
| Host         : DESKTOP-LF8951D running 64-bit major release  (build 9200)
| Command      : upgrade_ip
| Device       : xc7z020clg400-1
------------------------------------------------------------------------------------

Upgrade Log for IP 'Lab2_Axi_Int_seq_sqrt_mypi_axi_sqrt_bd_0_2'

1. Summary
----------

CAUTION (success, with warnings) in the upgrade of Lab2_Axi_Int_seq_sqrt_mypi_axi_sqrt_bd_0_2 (xilinx.com:user:mypi_axi_sqrt_bd:1.0) from (Rev. 3) to (Rev. 2)

After upgrade, an IP may have parameter and port differences compared to the original customization. Please review the parameters within the IP customization GUI to ensure proper functionality. Also, please review the updated IP instantiation template to ensure proper connectivity, and update your design if required.

2. Connection Warnings
----------------------

Detected external port differences while upgrading 'Lab2_Axi_Int_seq_sqrt_mypi_axi_sqrt_bd_0_2'. These changes may impact your design.


-Upgrade has added port 'clr_0'







Copyright 1986-2022 Xilinx, Inc. All Rights Reserved.
------------------------------------------------------------------------------------
| Tool Version : Vivado v.2022.1 (win64) Build 3526262 Mon Apr 18 15:48:16 MDT 2022
| Date         : Mon Feb  5 12:28:39 2024
| Host         : DESKTOP-LF8951D running 64-bit major release  (build 9200)
| Command      : upgrade_ip
| Device       : xc7z020clg400-1
------------------------------------------------------------------------------------

Upgrade Log for IP 'Lab2_Axi_Int_seq_sqrt_mypi_axi_sqrt_bd_0_2'

1. Summary
----------

CAUTION (success, with warnings) in the upgrade of Lab2_Axi_Int_seq_sqrt_mypi_axi_sqrt_bd_0_2 (xilinx.com:user:mypi_axi_sqrt_bd:1.0) from (Rev. 2) to (Rev. 3)

After upgrade, an IP may have parameter and port differences compared to the original customization. Please review the parameters within the IP customization GUI to ensure proper functionality. Also, please review the updated IP instantiation template to ensure proper connectivity, and update your design if required.

2. Connection Warnings
----------------------

Detected external port differences while upgrading 'Lab2_Axi_Int_seq_sqrt_mypi_axi_sqrt_bd_0_2'. These changes may impact your design.


-Upgrade has added port 'root_0'







Copyright 1986-2022 Xilinx, Inc. All Rights Reserved.
------------------------------------------------------------------------------------
| Tool Version : Vivado v.2022.1 (win64) Build 3526262 Mon Apr 18 15:48:16 MDT 2022
| Date         : Mon Feb  5 08:56:37 2024
| Host         : DESKTOP-LF8951D running 64-bit major release  (build 9200)
| Command      : upgrade_ip
| Device       : xc7z020clg400-1
------------------------------------------------------------------------------------

Upgrade Log for IP 'Lab2_Axi_Int_seq_sqrt_mypi_axi_sqrt_bd_0_2'

1. Summary
----------

SUCCESS in the conversion of Lab2_Axi_Int_seq_sqrt_mypi_axi_sqrt_bd_0_2 (xilinx.com:user:mypi_axi_sqrt_bd:1.0 (Rev. 2)) to Vivado generation flows.






Copyright 1986-2022 Xilinx, Inc. All Rights Reserved.
------------------------------------------------------------------------------------
| Tool Version : Vivado v.2022.1 (win64) Build 3526262 Mon Apr 18 15:48:16 MDT 2022
| Date         : Mon Feb  5 08:50:57 2024
| Host         : DESKTOP-LF8951D running 64-bit major release  (build 9200)
| Command      : upgrade_ip
| Device       : xc7z020clg400-1
------------------------------------------------------------------------------------

Upgrade Log for IP 'Lab2_Axi_Int_seq_sqrt_mypi_axi_sqrt_bd_0_2'

1. Summary
----------

SUCCESS in the conversion of Lab2_Axi_Int_seq_sqrt_mypi_axi_sqrt_bd_0_2 (xilinx.com:user:mypi_axi_sqrt_bd:1.0 (Rev. 2)) to Vivado generation flows.






Copyright 1986-2022 Xilinx, Inc. All Rights Reserved.
------------------------------------------------------------------------------------
| Tool Version : Vivado v.2022.1 (win64) Build 3526262 Mon Apr 18 15:48:16 MDT 2022
| Date         : Mon Feb  5 08:26:22 2024
| Host         : DESKTOP-LF8951D running 64-bit major release  (build 9200)
| Command      : upgrade_ip
| Device       : xc7z020clg400-1
------------------------------------------------------------------------------------

Upgrade Log for IP 'Lab2_Axi_Int_seq_sqrt_mypi_axi_sqrt_bd_0_2'

1. Summary
----------

SUCCESS in the conversion of Lab2_Axi_Int_seq_sqrt_mypi_axi_sqrt_bd_0_2 (xilinx.com:user:mypi_axi_sqrt_bd:1.0 (Rev. 2)) to Vivado generation flows.

