#-----------------------------------------------------------
# Vivado v2022.1 (64-bit)
# SW Build 3526262 on Mon Apr 18 15:48:16 MDT 2022
# IP Build 3524634 on Mon Apr 18 20:55:01 MDT 2022
# Start of session at: Mon Jan 22 18:56:49 2024
# Process ID: 29064
# Current directory: F:/MastersProgram/ECE6740/Labs/Lab1/PartA/Lab1
# Command line: vivado.exe -gui_launcher_event rodinguilauncherevent29828 F:\MastersProgram\ECE6740\Labs\Lab1\PartA\Lab1\Lab1.xpr
# Log file: F:/MastersProgram/ECE6740/Labs/Lab1/PartA/Lab1/vivado.log
# Journal file: F:/MastersProgram/ECE6740/Labs/Lab1/PartA/Lab1\vivado.jou
# Running On: DESKTOP-LF8951D, OS: Windows, CPU Frequency: 3600 MHz, CPU Physical cores: 16, Host memory: 34276 MB
#-----------------------------------------------------------
start_gui
open_project F:/MastersProgram/ECE6740/Labs/Lab1/PartA/Lab1/Lab1.xpr
WARNING: [Board 49-26] cannot add Board Part xilinx.com:ac701:part0:1.4 available at F:/Xilinx/Vivado/2022.1/data/xhub/boards/XilinxBoardStore/boards/Xilinx/ac701/1.4/board.xml as part xc7a200tfbg676-2 specified in board_part file is either invalid or not available
WARNING: [Board 49-26] cannot add Board Part xilinx.com:k26c:part0:1.2 available at F:/Xilinx/Vivado/2022.1/data/xhub/boards/XilinxBoardStore/boards/Xilinx/k26c/1.2/board.xml as part xck26-sfvc784-2lv-c specified in board_part file is either invalid or not available
WARNING: [Board 49-26] cannot add Board Part xilinx.com:k26c:part0:1.3 available at F:/Xilinx/Vivado/2022.1/data/xhub/boards/XilinxBoardStore/boards/Xilinx/k26c/1.3/board.xml as part xck26-sfvc784-2lv-c specified in board_part file is either invalid or not available
WARNING: [Board 49-26] cannot add Board Part xilinx.com:k26i:part0:1.2 available at F:/Xilinx/Vivado/2022.1/data/xhub/boards/XilinxBoardStore/boards/Xilinx/k26i/1.2/board.xml as part xck26-sfvc784-2lvi-i specified in board_part file is either invalid or not available
WARNING: [Board 49-26] cannot add Board Part xilinx.com:k26i:part0:1.3 available at F:/Xilinx/Vivado/2022.1/data/xhub/boards/XilinxBoardStore/boards/Xilinx/k26i/1.3/board.xml as part xck26-sfvc784-2lvi-i specified in board_part file is either invalid or not available
WARNING: [Board 49-26] cannot add Board Part xilinx.com:kc705:part0:1.6 available at F:/Xilinx/Vivado/2022.1/data/xhub/boards/XilinxBoardStore/boards/Xilinx/kc705/1.6/board.xml as part xc7k325tffg900-2 specified in board_part file is either invalid or not available
WARNING: [Board 49-26] cannot add Board Part xilinx.com:kcu105:part0:1.6 available at F:/Xilinx/Vivado/2022.1/data/xhub/boards/XilinxBoardStore/boards/Xilinx/kcu105/1.6/board.xml as part xcku040-ffva1156-2-e specified in board_part file is either invalid or not available
WARNING: [Board 49-26] cannot add Board Part xilinx.com:kcu105:part0:1.7 available at F:/Xilinx/Vivado/2022.1/data/xhub/boards/XilinxBoardStore/boards/Xilinx/kcu105/1.7/board.xml as part xcku040-ffva1156-2-e specified in board_part file is either invalid or not available
WARNING: [Board 49-26] cannot add Board Part xilinx.com:kcu116:part0:1.4 available at F:/Xilinx/Vivado/2022.1/data/xhub/boards/XilinxBoardStore/boards/Xilinx/kcu116/1.4/board.xml as part xcku5p-ffvb676-2-e specified in board_part file is either invalid or not available
WARNING: [Board 49-26] cannot add Board Part xilinx.com:kcu116:part0:1.5 available at F:/Xilinx/Vivado/2022.1/data/xhub/boards/XilinxBoardStore/boards/Xilinx/kcu116/1.5/board.xml as part xcku5p-ffvb676-2-e specified in board_part file is either invalid or not available
WARNING: [Board 49-26] cannot add Board Part xilinx.com:kcu1500:part0:1.2 available at F:/Xilinx/Vivado/2022.1/data/xhub/boards/XilinxBoardStore/boards/Xilinx/kcu1500/1.2/board.xml as part xcku115-flvb2104-2-e specified in board_part file is either invalid or not available
WARNING: [Board 49-26] cannot add Board Part xilinx.com:kv260_som:part0:1.2 available at F:/Xilinx/Vivado/2022.1/data/xhub/boards/XilinxBoardStore/boards/Xilinx/kv260_som/1.2/board.xml as part xck26-sfvc784-2lv-c specified in board_part file is either invalid or not available
WARNING: [Board 49-26] cannot add Board Part xilinx.com:kv260_som:part0:1.3 available at F:/Xilinx/Vivado/2022.1/data/xhub/boards/XilinxBoardStore/boards/Xilinx/kv260_som/1.3/board.xml as part xck26-sfvc784-2lv-c specified in board_part file is either invalid or not available
WARNING: [Board 49-26] cannot add Board Part xilinx.com:sp701:part0:1.0 available at F:/Xilinx/Vivado/2022.1/data/xhub/boards/XilinxBoardStore/boards/Xilinx/sp701/1.0/board.xml as part xc7s100fgga676-2 specified in board_part file is either invalid or not available
WARNING: [Board 49-26] cannot add Board Part xilinx.com:sp701:part0:1.1 available at F:/Xilinx/Vivado/2022.1/data/xhub/boards/XilinxBoardStore/boards/Xilinx/sp701/1.1/board.xml as part xc7s100fgga676-2 specified in board_part file is either invalid or not available
WARNING: [Board 49-26] cannot add Board Part xilinx.com:vc707:part0:1.4 available at F:/Xilinx/Vivado/2022.1/data/xhub/boards/XilinxBoardStore/boards/Xilinx/vc707/1.4/board.xml as part xc7vx485tffg1761-2 specified in board_part file is either invalid or not available
WARNING: [Board 49-26] cannot add Board Part xilinx.com:vc709:part0:1.8 available at F:/Xilinx/Vivado/2022.1/data/xhub/boards/XilinxBoardStore/boards/Xilinx/vc709/1.8/board.xml as part xc7vx690tffg1761-2 specified in board_part file is either invalid or not available
WARNING: [Board 49-26] cannot add Board Part xilinx.com:vck190:part0:2.2 available at F:/Xilinx/Vivado/2022.1/data/xhub/boards/XilinxBoardStore/boards/Xilinx/vck190/production/2.2/board.xml as part xcvc1902-vsva2197-2mp-e-s specified in board_part file is either invalid or not available
WARNING: [Board 49-26] cannot add Board Part xilinx.com:vck190:part0:3.0 available at F:/Xilinx/Vivado/2022.1/data/xhub/boards/XilinxBoardStore/boards/Xilinx/vck190/production/3.0/board.xml as part xcvc1902-vsva2197-2mp-e-s specified in board_part file is either invalid or not available
WARNING: [Board 49-26] cannot add Board Part xilinx.com:vck190_newl:part0:1.0 available at F:/Xilinx/Vivado/2022.1/data/xhub/boards/XilinxBoardStore/boards/Xilinx/vck190_newl/production/1.0/board.xml as part xcvc1902-vsva2197-2mp-e-s specified in board_part file is either invalid or not available
WARNING: [Board 49-26] cannot add Board Part xilinx.com:vcu108:part0:1.6 available at F:/Xilinx/Vivado/2022.1/data/xhub/boards/XilinxBoardStore/boards/Xilinx/vcu108/1.6/board.xml as part xcvu095-ffva2104-2-e specified in board_part file is either invalid or not available
WARNING: [Board 49-26] cannot add Board Part xilinx.com:vcu108:part0:1.7 available at F:/Xilinx/Vivado/2022.1/data/xhub/boards/XilinxBoardStore/boards/Xilinx/vcu108/1.7/board.xml as part xcvu095-ffva2104-2-e specified in board_part file is either invalid or not available
WARNING: [Board 49-26] cannot add Board Part xilinx.com:vcu110:part0:1.4 available at F:/Xilinx/Vivado/2022.1/data/xhub/boards/XilinxBoardStore/boards/Xilinx/vcu110/1.4/board.xml as part xcvu190-flgc2104-2-e specified in board_part file is either invalid or not available
WARNING: [Board 49-26] cannot add Board Part xilinx.com:vcu118:part0:2.0 available at F:/Xilinx/Vivado/2022.1/data/xhub/boards/XilinxBoardStore/boards/Xilinx/vcu118/2.0/board.xml as part xcvu9p-flga2104-2l-e specified in board_part file is either invalid or not available
WARNING: [Board 49-26] cannot add Board Part xilinx.com:vcu118:part0:2.3 available at F:/Xilinx/Vivado/2022.1/data/xhub/boards/XilinxBoardStore/boards/Xilinx/vcu118/2.3/board.xml as part xcvu9p-flga2104-2l-e specified in board_part file is either invalid or not available
WARNING: [Board 49-26] cannot add Board Part xilinx.com:vcu118:part0:2.4 available at F:/Xilinx/Vivado/2022.1/data/xhub/boards/XilinxBoardStore/boards/Xilinx/vcu118/2.4/board.xml as part xcvu9p-flga2104-2l-e specified in board_part file is either invalid or not available
WARNING: [Board 49-26] cannot add Board Part xilinx.com:vcu128:part0:1.0 available at F:/Xilinx/Vivado/2022.1/data/xhub/boards/XilinxBoardStore/boards/Xilinx/vcu128/production/1.0/board.xml as part xcvu37p-fsvh2892-2l-e specified in board_part file is either invalid or not available
WARNING: [Board 49-26] cannot add Board Part xilinx.com:vcu129:part0:1.0 available at F:/Xilinx/Vivado/2022.1/data/xhub/boards/XilinxBoardStore/boards/Xilinx/vcu129/production/1.0/board.xml as part xcvu29p-fsga2577-2l-e specified in board_part file is either invalid or not available
WARNING: [Board 49-26] cannot add Board Part xilinx.com:vcu1525:part0:1.3 available at F:/Xilinx/Vivado/2022.1/data/xhub/boards/XilinxBoardStore/boards/Xilinx/vcu1525/1.3/board.xml as part xcvu9p-fsgd2104-2l-e specified in board_part file is either invalid or not available
WARNING: [Board 49-26] cannot add Board Part xilinx.com:vermeo_t1_mpsoc:part0:1.0 available at F:/Xilinx/Vivado/2022.1/data/xhub/boards/XilinxBoardStore/boards/Xilinx/vermeo_t1_mpsoc/1.0/board.xml as part xczu19eg-ffvd1760-2l-e specified in board_part file is either invalid or not available
WARNING: [Board 49-26] cannot add Board Part xilinx.com:vermeo_t1_rfsoc:part0:1.0 available at F:/Xilinx/Vivado/2022.1/data/xhub/boards/XilinxBoardStore/boards/Xilinx/vermeo_t1_rfsoc/1.0/board.xml as part xczu21dr-ffvd1156-2l-e specified in board_part file is either invalid or not available
WARNING: [Board 49-26] cannot add Board Part xilinx.com:vmk180:part0:2.2 available at F:/Xilinx/Vivado/2022.1/data/xhub/boards/XilinxBoardStore/boards/Xilinx/vmk180/production/2.2/board.xml as part xcvm1802-vsva2197-2mp-e-s specified in board_part file is either invalid or not available
WARNING: [Board 49-26] cannot add Board Part xilinx.com:vmk180:part0:3.0 available at F:/Xilinx/Vivado/2022.1/data/xhub/boards/XilinxBoardStore/boards/Xilinx/vmk180/production/3.0/board.xml as part xcvm1802-vsva2197-2mp-e-s specified in board_part file is either invalid or not available
WARNING: [Board 49-26] cannot add Board Part xilinx.com:vmk180_newl:part0:1.0 available at F:/Xilinx/Vivado/2022.1/data/xhub/boards/XilinxBoardStore/boards/Xilinx/vmk180_newl/production/1.0/board.xml as part xcvm1802-vsva2197-2mp-e-s specified in board_part file is either invalid or not available
WARNING: [Board 49-26] cannot add Board Part xilinx.com:vpk120_es:part0:1.2 available at F:/Xilinx/Vivado/2022.1/data/xhub/boards/XilinxBoardStore/boards/Xilinx/vpk120/es/1.2/board.xml as part xcvp1202-vsva2785-2mp-e-s-es1 specified in board_part file is either invalid or not available
WARNING: [Board 49-26] cannot add Board Part xilinx.com:vpk120_es_revb:part0:1.0 available at F:/Xilinx/Vivado/2022.1/data/xhub/boards/XilinxBoardStore/boards/Xilinx/vpk120_revb/es/1.0/board.xml as part xcvp1202-vsva2785-2mp-e-s-es1 specified in board_part file is either invalid or not available
WARNING: [Board 49-26] cannot add Board Part xilinx.com:zcu102:part0:3.3 available at F:/Xilinx/Vivado/2022.1/data/xhub/boards/XilinxBoardStore/boards/Xilinx/zcu102/3.3/board.xml as part xczu9eg-ffvb1156-2-e specified in board_part file is either invalid or not available
WARNING: [Board 49-26] cannot add Board Part xilinx.com:zcu102:part0:3.4 available at F:/Xilinx/Vivado/2022.1/data/xhub/boards/XilinxBoardStore/boards/Xilinx/zcu102/3.4/board.xml as part xczu9eg-ffvb1156-2-e specified in board_part file is either invalid or not available
WARNING: [Board 49-26] cannot add Board Part xilinx.com:zcu104:part0:1.1 available at F:/Xilinx/Vivado/2022.1/data/xhub/boards/XilinxBoardStore/boards/Xilinx/zcu104/1.1/board.xml as part xczu7ev-ffvc1156-2-e specified in board_part file is either invalid or not available
WARNING: [Board 49-26] cannot add Board Part xilinx.com:zcu106:part0:2.4 available at F:/Xilinx/Vivado/2022.1/data/xhub/boards/XilinxBoardStore/boards/Xilinx/zcu106/2.4/board.xml as part xczu7ev-ffvc1156-2-e specified in board_part file is either invalid or not available
WARNING: [Board 49-26] cannot add Board Part xilinx.com:zcu106:part0:2.5 available at F:/Xilinx/Vivado/2022.1/data/xhub/boards/XilinxBoardStore/boards/Xilinx/zcu106/2.5/board.xml as part xczu7ev-ffvc1156-2-e specified in board_part file is either invalid or not available
WARNING: [Board 49-26] cannot add Board Part xilinx.com:zcu106:part0:2.6 available at F:/Xilinx/Vivado/2022.1/data/xhub/boards/XilinxBoardStore/boards/Xilinx/zcu106/2.6/board.xml as part xczu7ev-ffvc1156-2-e specified in board_part file is either invalid or not available
WARNING: [Board 49-26] cannot add Board Part xilinx.com:zcu111:part0:1.2 available at F:/Xilinx/Vivado/2022.1/data/xhub/boards/XilinxBoardStore/boards/Xilinx/zcu111/1.2/board.xml as part xczu28dr-ffvg1517-2-e specified in board_part file is either invalid or not available
WARNING: [Board 49-26] cannot add Board Part xilinx.com:zcu111:part0:1.3 available at F:/Xilinx/Vivado/2022.1/data/xhub/boards/XilinxBoardStore/boards/Xilinx/zcu111/1.3/board.xml as part xczu28dr-ffvg1517-2-e specified in board_part file is either invalid or not available
WARNING: [Board 49-26] cannot add Board Part xilinx.com:zcu111:part0:1.4 available at F:/Xilinx/Vivado/2022.1/data/xhub/boards/XilinxBoardStore/boards/Xilinx/zcu111/1.4/board.xml as part xczu28dr-ffvg1517-2-e specified in board_part file is either invalid or not available
WARNING: [Board 49-26] cannot add Board Part xilinx.com:zcu1275:part0:1.0 available at F:/Xilinx/Vivado/2022.1/data/xhub/boards/XilinxBoardStore/boards/Xilinx/zcu1275/1.0/board.xml as part xczu29dr-ffvf1760-2-e specified in board_part file is either invalid or not available
WARNING: [Board 49-26] cannot add Board Part xilinx.com:zcu1285:part0:1.0 available at F:/Xilinx/Vivado/2022.1/data/xhub/boards/XilinxBoardStore/boards/Xilinx/zcu1285/1.0/board.xml as part xczu39dr-ffvf1760-2-i specified in board_part file is either invalid or not available
WARNING: [Board 49-26] cannot add Board Part xilinx.com:zcu208:part0:2.0 available at F:/Xilinx/Vivado/2022.1/data/xhub/boards/XilinxBoardStore/boards/Xilinx/zcu208/production/2.0/board.xml as part xczu48dr-fsvg1517-2-e specified in board_part file is either invalid or not available
WARNING: [Board 49-26] cannot add Board Part xilinx.com:zcu208ld:part0:2.0 available at F:/Xilinx/Vivado/2022.1/data/xhub/boards/XilinxBoardStore/boards/Xilinx/zcu208ld/production/2.0/board.xml as part xczu58dr-fsvg1517-2-i specified in board_part file is either invalid or not available
WARNING: [Board 49-26] cannot add Board Part xilinx.com:zcu216:part0:2.0 available at F:/Xilinx/Vivado/2022.1/data/xhub/boards/XilinxBoardStore/boards/Xilinx/zcu216/production/2.0/board.xml as part xczu49dr-ffvf1760-2-e specified in board_part file is either invalid or not available
WARNING: [Board 49-26] cannot add Board Part xilinx.com:zcu216ld:part0:2.0 available at F:/Xilinx/Vivado/2022.1/data/xhub/boards/XilinxBoardStore/boards/Xilinx/zcu216ld/production/2.0/board.xml as part xczu59dr-ffvf1760-2-i specified in board_part file is either invalid or not available
WARNING: [Board 49-26] cannot add Board Part xilinx.com:zcu670:part0:2.0 available at F:/Xilinx/Vivado/2022.1/data/xhub/boards/XilinxBoardStore/boards/Xilinx/zcu670/2.0/board.xml as part xczu67dr-fsve1156-2-i specified in board_part file is either invalid or not available
WARNING: [Board 49-26] cannot add Board Part xilinx.com:zcu670ld:part0:1.0 available at F:/Xilinx/Vivado/2022.1/data/xhub/boards/XilinxBoardStore/boards/Xilinx/zcu670ld/1.0/board.xml as part xczu57dr-fsve1156-2-i specified in board_part file is either invalid or not available
Scanning sources...
Finished scanning sources
INFO: [IP_Flow 19-234] Refreshing IP repositories
INFO: [IP_Flow 19-1700] Loaded user IP repository 'f:/MastersProgram/ECE6740/IPRepo'.
INFO: [IP_Flow 19-2313] Loaded Vivado IP repository 'F:/Xilinx/Vivado/2022.1/data/ip'.
open_project: Time (s): cpu = 00:00:17 ; elapsed = 00:00:06 . Memory (MB): peak = 1702.523 ; gain = 0.000
update_compile_order -fileset sources_1
open_bd_design {F:/MastersProgram/ECE6740/Labs/Lab1/PartA/Lab1/Lab1.srcs/sources_1/bd/uart_bd/uart_bd.bd}
Reading block design file <F:/MastersProgram/ECE6740/Labs/Lab1/PartA/Lab1/Lab1.srcs/sources_1/bd/uart_bd/uart_bd.bd>...
Adding component instance block -- xilinx.com:ip:processing_system7:5.5 - processing_system7_0
Adding component instance block -- xilinx.com:ip:axi_interconnect:2.1 - ps7_0_axi_periph
Adding component instance block -- xilinx.com:ip:axi_protocol_converter:2.1 - auto_pc
Adding component instance block -- xilinx.com:ip:proc_sys_reset:5.0 - rst_ps7_0_100M
Successfully read diagram <uart_bd> from block design file <F:/MastersProgram/ECE6740/Labs/Lab1/PartA/Lab1/Lab1.srcs/sources_1/bd/uart_bd/uart_bd.bd>
open_bd_design: Time (s): cpu = 00:00:08 ; elapsed = 00:00:07 . Memory (MB): peak = 1702.523 ; gain = 0.000
startgroup
create_bd_cell -type ip -vlnv xilinx.com:user:design_1_wrapper:1.0 design_1_wrapper_0
endgroup
set_property location {2.5 893 388} [get_bd_cells design_1_wrapper_0]
apply_bd_automation -rule xilinx.com:bd_rule:axi4 -config { Clk_master {/processing_system7_0/FCLK_CLK0 (100 MHz)} Clk_slave {Auto} Clk_xbar {/processing_system7_0/FCLK_CLK0 (100 MHz)} Master {/processing_system7_0/M_AXI_GP0} Slave {/design_1_wrapper_0/S00_AXI_0} ddr_seg {Auto} intc_ip {/ps7_0_axi_periph} master_apm {0}}  [get_bd_intf_pins design_1_wrapper_0/S00_AXI_0]
Slave segment '/design_1_wrapper_0/S00_AXI_0/reg0' is being assigned into address space '/processing_system7_0/Data' at <0x4000_0000 [ 4K ]>.
regenerate_bd_layout
validate_bd_design
CRITICAL WARNING: [BD 41-967] AXI interface pin /design_1_wrapper_0/S00_AXI_0 is not associated to any clock pin. It may not work correctly.
WARNING: [BD 41-702] Propagation TCL tries to overwrite USER strength parameter PCW_M_AXI_GP0_FREQMHZ(10) on '/processing_system7_0' with propagated value(100). Command ignored
CRITICAL WARNING: [BD 41-759] The input pins (listed below) are either not connected or do not have a source port, and they don't have a tie-off specified. These pins are tied-off to all 0's to avoid error in Implementation flow.
Please check your design and connect them as needed: 
/design_1_wrapper_0/s00_axi_aclk_0
/design_1_wrapper_0/s00_axi_aresetn_0

connect_bd_net [get_bd_pins design_1_wrapper_0/s00_axi_aclk_0] [get_bd_pins processing_system7_0/FCLK_CLK0]
connect_bd_net [get_bd_pins design_1_wrapper_0/s00_axi_aresetn_0] [get_bd_pins rst_ps7_0_100M/peripheral_aresetn]
regenerate_bd_layout
startgroup
make_bd_pins_external  [get_bd_pins design_1_wrapper_0/led]
endgroup
save_bd_design
Wrote  : <F:\MastersProgram\ECE6740\Labs\Lab1\PartA\Lab1\Lab1.srcs\sources_1\bd\uart_bd\uart_bd.bd> 
Wrote  : <F:/MastersProgram/ECE6740/Labs/Lab1/PartA/Lab1/Lab1.srcs/sources_1/bd/uart_bd/ui/bd_e572ba73.ui> 
set_property name led [get_bd_ports led_0]
save_bd_design
Wrote  : <F:\MastersProgram\ECE6740\Labs\Lab1\PartA\Lab1\Lab1.srcs\sources_1\bd\uart_bd\uart_bd.bd> 
Wrote  : <F:/MastersProgram/ECE6740/Labs/Lab1/PartA/Lab1/Lab1.srcs/sources_1/bd/uart_bd/ui/bd_e572ba73.ui> 
make_wrapper -files [get_files F:/MastersProgram/ECE6740/Labs/Lab1/PartA/Lab1/Lab1.srcs/sources_1/bd/uart_bd/uart_bd.bd] -top
CRITICAL WARNING: [BD 41-967] AXI interface pin /design_1_wrapper_0/S00_AXI_0 is not associated to any clock pin. It may not work correctly.
WARNING: [BD 41-702] Propagation TCL tries to overwrite USER strength parameter PCW_M_AXI_GP0_FREQMHZ(10) on '/processing_system7_0' with propagated value(100). Command ignored
Wrote  : <F:\MastersProgram\ECE6740\Labs\Lab1\PartA\Lab1\Lab1.srcs\sources_1\bd\uart_bd\uart_bd.bd> 
VHDL Output written to : f:/MastersProgram/ECE6740/Labs/Lab1/PartA/Lab1/Lab1.gen/sources_1/bd/uart_bd/synth/uart_bd.vhd
VHDL Output written to : f:/MastersProgram/ECE6740/Labs/Lab1/PartA/Lab1/Lab1.gen/sources_1/bd/uart_bd/sim/uart_bd.vhd
VHDL Output written to : f:/MastersProgram/ECE6740/Labs/Lab1/PartA/Lab1/Lab1.gen/sources_1/bd/uart_bd/hdl/uart_bd_wrapper.vhd
regenerate_bd_layout
reset_run synth_1
INFO: [Project 1-1161] Replacing file F:/MastersProgram/ECE6740/Labs/Lab1/PartA/Lab1/Lab1.srcs/utils_1/imports/synth_1/uart_bd_wrapper.dcp with file F:/MastersProgram/ECE6740/Labs/Lab1/PartA/Lab1/Lab1.runs/synth_1/uart_bd_wrapper.dcp
launch_runs impl_1 -to_step write_bitstream -jobs 4
INFO: [BD 41-1662] The design 'uart_bd.bd' is already validated. Therefore parameter propagation will not be re-run.
Wrote  : <F:/MastersProgram/ECE6740/Labs/Lab1/PartA/Lab1/Lab1.srcs/sources_1/bd/uart_bd/ui/bd_e572ba73.ui> 
VHDL Output written to : f:/MastersProgram/ECE6740/Labs/Lab1/PartA/Lab1/Lab1.gen/sources_1/bd/uart_bd/synth/uart_bd.vhd
VHDL Output written to : f:/MastersProgram/ECE6740/Labs/Lab1/PartA/Lab1/Lab1.gen/sources_1/bd/uart_bd/sim/uart_bd.vhd
VHDL Output written to : f:/MastersProgram/ECE6740/Labs/Lab1/PartA/Lab1/Lab1.gen/sources_1/bd/uart_bd/hdl/uart_bd_wrapper.vhd
INFO: [BD 41-1029] Generation completed for the IP Integrator block design_1_wrapper_0 .
WARNING: [IP_Flow 19-4994] Overwriting existing constraint file 'f:/MastersProgram/ECE6740/Labs/Lab1/PartA/Lab1/Lab1.gen/sources_1/bd/uart_bd/ip/uart_bd_auto_pc_0/uart_bd_auto_pc_0_ooc.xdc'
INFO: [BD 41-1029] Generation completed for the IP Integrator block ps7_0_axi_periph/s00_couplers/auto_pc .
Exporting to file f:/MastersProgram/ECE6740/Labs/Lab1/PartA/Lab1/Lab1.gen/sources_1/bd/uart_bd/hw_handoff/uart_bd.hwh
Generated Hardware Definition File f:/MastersProgram/ECE6740/Labs/Lab1/PartA/Lab1/Lab1.gen/sources_1/bd/uart_bd/synth/uart_bd.hwdef
WARNING: [BD 41-2265] Clock pin for protocol instance pin S00_AXI_0 could not be determined. Make sure that ASSOCIATED_BUSIF and ASSOCIATED_RESET properties are set or propagated on clock pins of block /design_1_wrapper_0
INFO: [IP_Flow 19-4993] Using cached IP synthesis design for IP uart_bd_auto_pc_0, cache-ID = b153afd59553cf3f; cache size = 1.771 MB.
[Mon Jan 22 19:05:30 2024] Launched uart_bd_design_1_wrapper_0_0_synth_1, synth_1...
Run output will be captured here:
uart_bd_design_1_wrapper_0_0_synth_1: F:/MastersProgram/ECE6740/Labs/Lab1/PartA/Lab1/Lab1.runs/uart_bd_design_1_wrapper_0_0_synth_1/runme.log
synth_1: F:/MastersProgram/ECE6740/Labs/Lab1/PartA/Lab1/Lab1.runs/synth_1/runme.log
[Mon Jan 22 19:05:30 2024] Launched impl_1...
Run output will be captured here: F:/MastersProgram/ECE6740/Labs/Lab1/PartA/Lab1/Lab1.runs/impl_1/runme.log
launch_runs: Time (s): cpu = 00:00:03 ; elapsed = 00:00:06 . Memory (MB): peak = 1702.523 ; gain = 0.000
INFO: [Coretcl 2-12] '/design_1_wrapper_0/S00_AXI_0' selected.
INFO: [Coretcl 2-12] '/design_1_wrapper_0/S00_AXI_0' selected.
write_hw_platform -fixed -include_bit -force -file F:/MastersProgram/ECE6740/Labs/Lab1/PartA/Lab1/uart_bd_wrapper.xsa
INFO: [Project 1-1918] Creating Hardware Platform: F:/MastersProgram/ECE6740/Labs/Lab1/PartA/Lab1/uart_bd_wrapper.xsa ...
WARNING: [Project 1-645] Board images not set in Hardware Platform.
INFO: [Project 1-1943] The Hardware Platform can be used for Hardware
INFO: [Project 1-1941] Successfully created Hardware Platform: F:/MastersProgram/ECE6740/Labs/Lab1/PartA/Lab1/uart_bd_wrapper.xsa
INFO: [Hsi 55-2053] elapsed time for repository (F:/Xilinx/Vivado/2022.1/data/embeddedsw) loading 0 seconds
exit
INFO: [Common 17-206] Exiting Vivado at Mon Jan 22 19:11:00 2024...
