Copyright 1986-2022 Xilinx, Inc. All Rights Reserved.
------------------------------------------------------------------------------------------------------------------------------------------------------------------------------
| Tool Version : Vivado v.2022.1 (win64) Build 3526262 Mon Apr 18 15:48:16 MDT 2022
| Date         : Mon Feb  5 15:07:53 2024
| Host         : DESKTOP-LF8951D running 64-bit major release  (build 9200)
| Command      : report_drc -file Lab2_Axi_Int_seq_sqrt_wrapper_drc_opted.rpt -pb Lab2_Axi_Int_seq_sqrt_wrapper_drc_opted.pb -rpx Lab2_Axi_Int_seq_sqrt_wrapper_drc_opted.rpx
| Design       : Lab2_Axi_Int_seq_sqrt_wrapper
| Device       : xc7z020clg400-1
| Speed File   : -1
| Design State : Synthesized
------------------------------------------------------------------------------------------------------------------------------------------------------------------------------

Report DRC

Table of Contents
-----------------
1. REPORT SUMMARY
2. REPORT DETAILS

1. REPORT SUMMARY
-----------------
            Netlist: netlist
          Floorplan: design_1
      Design limits: <entire design considered>
           Ruledeck: default
             Max violations: <unlimited>
             Violations found: 0
+------+----------+-------------+------------+
| Rule | Severity | Description | Violations |
+------+----------+-------------+------------+
+------+----------+-------------+------------+

2. REPORT DETAILS
-----------------

