Copyright 1986-2022 Xilinx, Inc. All Rights Reserved.
----------------------------------------------------------------------------------------------------------
| Tool Version : Vivado v.2022.1 (win64) Build 3526262 Mon Apr 18 15:48:16 MDT 2022
| Date         : Sun Feb  4 14:30:11 2024
| Host         : DESKTOP-LF8951D running 64-bit major release  (build 9200)
| Command      : report_control_sets -verbose -file Lab2_Axi_Int_seq_sqrt_wrapper_control_sets_placed.rpt
| Design       : Lab2_Axi_Int_seq_sqrt_wrapper
| Device       : xc7z020
----------------------------------------------------------------------------------------------------------

Control Set Information

Table of Contents
-----------------
1. Summary
2. Histogram
3. Flip-Flop Distribution
4. Detailed Control Set Information

1. Summary
----------

+----------------------------------------------------------+-------+
|                          Status                          | Count |
+----------------------------------------------------------+-------+
| Total control sets                                       |    56 |
|    Minimum number of control sets                        |    56 |
|    Addition due to synthesis replication                 |     0 |
|    Addition due to physical synthesis replication        |     0 |
| Unused register locations in slices containing registers |   128 |
+----------------------------------------------------------+-------+
* Control sets can be merged at opt_design using control_set_merge or merge_equivalent_drivers
** Run report_qor_suggestions for automated merging and remapping suggestions


2. Histogram
------------

+--------------------+-------+
|       Fanout       | Count |
+--------------------+-------+
| Total control sets |    56 |
| >= 0 to < 4        |     6 |
| >= 4 to < 6        |    10 |
| >= 6 to < 8        |     1 |
| >= 8 to < 10       |    17 |
| >= 10 to < 12      |     2 |
| >= 12 to < 14      |     2 |
| >= 14 to < 16      |     2 |
| >= 16              |    16 |
+--------------------+-------+
* Control sets can be remapped at either synth_design or opt_design


3. Flip-Flop Distribution
-------------------------

+--------------+-----------------------+------------------------+-----------------+--------------+
| Clock Enable | Synchronous Set/Reset | Asynchronous Set/Reset | Total Registers | Total Slices |
+--------------+-----------------------+------------------------+-----------------+--------------+
| No           | No                    | No                     |             112 |           41 |
| No           | No                    | Yes                    |              43 |           16 |
| No           | Yes                   | No                     |              32 |           11 |
| Yes          | No                    | No                     |             271 |           65 |
| Yes          | No                    | Yes                    |              73 |           19 |
| Yes          | Yes                   | No                     |             189 |           41 |
+--------------+-----------------------+------------------------+-----------------+--------------+


4. Detailed Control Set Information
-----------------------------------

+------------------------------------------------------------------------------------------------------------------+-----------------------------------------------------------------------------------------------------------------------------------------------------------------------------+--------------------------------------------------------------------------------------------------------------------------------------------------------------------+------------------+----------------+--------------+
|                                                   Clock Signal                                                   |                                                                                Enable Signal                                                                                |                                                                          Set/Reset Signal                                                                          | Slice Load Count | Bel Load Count | Bels / Slice |
+------------------------------------------------------------------------------------------------------------------+-----------------------------------------------------------------------------------------------------------------------------------------------------------------------------+--------------------------------------------------------------------------------------------------------------------------------------------------------------------+------------------+----------------+--------------+
|  Lab2_Axi_Int_seq_sqrt_i/mypi_axi_sqrt_bd_0/U0/mypi_seqdeta_top_0/U0/SeqInut/outp_BUFG                           |                                                                                                                                                                             | Lab2_Axi_Int_seq_sqrt_i/mypi_axi_sqrt_bd_0/U0/mypi_seqdeta_top_0/U0/U4/clear                                                                                       |                1 |              1 |         1.00 |
|  Lab2_Axi_Int_seq_sqrt_i/processing_system7_0/inst/FCLK_CLK0                                                     | Lab2_Axi_Int_seq_sqrt_i/ps7_0_axi_periph/s00_couplers/auto_pc/inst/gen_axilite.gen_b2s_conv.axilite_b2s/WR.aw_channel_0/aw_cmd_fsm_0/FSM_sequential_state_reg[0]_1          | Lab2_Axi_Int_seq_sqrt_i/ps7_0_axi_periph/s00_couplers/auto_pc/inst/gen_axilite.gen_b2s_conv.axilite_b2s/WR.aw_channel_0/aw_cmd_fsm_0/FSM_sequential_state_reg[0]_0 |                1 |              1 |         1.00 |
|  Lab2_Axi_Int_seq_sqrt_i/processing_system7_0/inst/FCLK_CLK0                                                     | Lab2_Axi_Int_seq_sqrt_i/ps7_0_axi_periph/s00_couplers/auto_pc/inst/gen_axilite.gen_b2s_conv.axilite_b2s/WR.b_channel_0/bid_fifo_0/sel                                       |                                                                                                                                                                    |                1 |              2 |         2.00 |
|  Lab2_Axi_Int_seq_sqrt_i/mypi_axi_sqrt_bd_0/U0/mypi_seqdeta_top_0/U0/SeqInut/outp_BUFG                           |                                                                                                                                                                             | Lab2_Axi_Int_seq_sqrt_i/mypi_axi_sqrt_bd_0/U0/mypi_seqdeta_top_0/U0/U4/AR[0]                                                                                       |                1 |              3 |         3.00 |
|  Lab2_Axi_Int_seq_sqrt_i/mypi_axi_sqrt_bd_0/U0/mypi_seqdeta_top_0/U0/U3/FSM_sequential_next_state_reg[2]_i_2_n_0 |                                                                                                                                                                             |                                                                                                                                                                    |                1 |              3 |         3.00 |
|  Lab2_Axi_Int_seq_sqrt_i/mypi_axi_sqrt_bd_0/U0/mypi_seqdeta_top_0/U0/lockinInput/S[0]                            |                                                                                                                                                                             | Lab2_Axi_Int_seq_sqrt_i/rst_ps7_0_100M/U0/peripheral_aresetn[0]                                                                                                    |                1 |              3 |         3.00 |
|  Lab2_Axi_Int_seq_sqrt_i/processing_system7_0/inst/FCLK_CLK0                                                     |                                                                                                                                                                             | Lab2_Axi_Int_seq_sqrt_i/rst_ps7_0_100M/U0/EXT_LPF/lpf_int                                                                                                          |                1 |              4 |         4.00 |
|  Lab2_Axi_Int_seq_sqrt_i/processing_system7_0/inst/FCLK_CLK0                                                     |                                                                                                                                                                             | Lab2_Axi_Int_seq_sqrt_i/ps7_0_axi_periph/s00_couplers/auto_pc/inst/gen_axilite.gen_b2s_conv.axilite_b2s/SI_REG/ar.ar_pipe/aresetn_d_reg[1]_inv_0                   |                2 |              4 |         2.00 |
|  Lab2_Axi_Int_seq_sqrt_i/processing_system7_0/inst/FCLK_CLK0                                                     |                                                                                                                                                                             | Lab2_Axi_Int_seq_sqrt_i/ps7_0_axi_periph/s00_couplers/auto_pc/inst/gen_axilite.gen_b2s_conv.axilite_b2s/SI_REG/aw.aw_pipe/aresetn_d_reg[0]_0                       |                2 |              4 |         2.00 |
|  Lab2_Axi_Int_seq_sqrt_i/processing_system7_0/inst/FCLK_CLK0                                                     | Lab2_Axi_Int_seq_sqrt_i/ps7_0_axi_periph/s00_couplers/auto_pc/inst/gen_axilite.gen_b2s_conv.axilite_b2s/WR.aw_channel_0/cmd_translator_0/incr_cmd_0/axaddr_incr[11]_i_1_n_0 |                                                                                                                                                                    |                1 |              4 |         4.00 |
|  Lab2_Axi_Int_seq_sqrt_i/processing_system7_0/inst/FCLK_CLK0                                                     | Lab2_Axi_Int_seq_sqrt_i/ps7_0_axi_periph/s00_couplers/auto_pc/inst/gen_axilite.gen_b2s_conv.axilite_b2s/WR.aw_channel_0/aw_cmd_fsm_0/m_valid_i_reg[0]                       |                                                                                                                                                                    |                2 |              4 |         2.00 |
|  Lab2_Axi_Int_seq_sqrt_i/processing_system7_0/inst/FCLK_CLK0                                                     | Lab2_Axi_Int_seq_sqrt_i/ps7_0_axi_periph/s00_couplers/auto_pc/inst/gen_axilite.gen_b2s_conv.axilite_b2s/RD.ar_channel_0/ar_cmd_fsm_0/m_axi_arready_2                        | Lab2_Axi_Int_seq_sqrt_i/ps7_0_axi_periph/s00_couplers/auto_pc/inst/gen_axilite.gen_b2s_conv.axilite_b2s/RD.ar_channel_0/ar_cmd_fsm_0/FSM_sequential_state_reg[1]_0 |                2 |              4 |         2.00 |
|  Lab2_Axi_Int_seq_sqrt_i/processing_system7_0/inst/FCLK_CLK0                                                     | Lab2_Axi_Int_seq_sqrt_i/ps7_0_axi_periph/s00_couplers/auto_pc/inst/gen_axilite.gen_b2s_conv.axilite_b2s/RD.ar_channel_0/ar_cmd_fsm_0/E[0]                                   |                                                                                                                                                                    |                4 |              4 |         1.00 |
|  Lab2_Axi_Int_seq_sqrt_i/processing_system7_0/inst/FCLK_CLK0                                                     | Lab2_Axi_Int_seq_sqrt_i/ps7_0_axi_periph/s00_couplers/auto_pc/inst/gen_axilite.gen_b2s_conv.axilite_b2s/RD.ar_channel_0/ar_cmd_fsm_0/sel_first_reg[0]                       |                                                                                                                                                                    |                1 |              4 |         4.00 |
|  Lab2_Axi_Int_seq_sqrt_i/processing_system7_0/inst/FCLK_CLK0                                                     | Lab2_Axi_Int_seq_sqrt_i/ps7_0_axi_periph/s00_couplers/auto_pc/inst/gen_axilite.gen_b2s_conv.axilite_b2s/RD.r_channel_0/rd_data_fifo_0/cnt_read[4]_i_1__0_n_0                | Lab2_Axi_Int_seq_sqrt_i/ps7_0_axi_periph/s00_couplers/auto_pc/inst/gen_axilite.gen_b2s_conv.axilite_b2s/areset_d1                                                  |                2 |              5 |         2.50 |
|  Lab2_Axi_Int_seq_sqrt_i/processing_system7_0/inst/FCLK_CLK0                                                     | Lab2_Axi_Int_seq_sqrt_i/ps7_0_axi_periph/s00_couplers/auto_pc/inst/gen_axilite.gen_b2s_conv.axilite_b2s/RD.r_channel_0/transaction_fifo_0/cnt_read[4]_i_1_n_0               | Lab2_Axi_Int_seq_sqrt_i/ps7_0_axi_periph/s00_couplers/auto_pc/inst/gen_axilite.gen_b2s_conv.axilite_b2s/areset_d1                                                  |                2 |              5 |         2.50 |
|  Lab2_Axi_Int_seq_sqrt_i/processing_system7_0/inst/FCLK_CLK0                                                     | Lab2_Axi_Int_seq_sqrt_i/rst_ps7_0_100M/U0/SEQ/seq_cnt_en                                                                                                                    | Lab2_Axi_Int_seq_sqrt_i/rst_ps7_0_100M/U0/SEQ/SEQ_COUNTER/clear                                                                                                    |                1 |              6 |         6.00 |
|  Lab2_Axi_Int_seq_sqrt_i/processing_system7_0/inst/FCLK_CLK0                                                     | Lab2_Axi_Int_seq_sqrt_i/mypi_axi_sqrt_bd_0/U0/mypi_axi_seq_sqrt_0/U0/mypi_axi_seq_sqrt_v1_0_S00_AXI_inst/slv_reg2[23]_i_1_n_0                                               | Lab2_Axi_Int_seq_sqrt_i/mypi_axi_sqrt_bd_0/U0/mypi_axi_seq_sqrt_0/U0/mypi_axi_seq_sqrt_v1_0_S00_AXI_inst/axi_awready_i_1_n_0                                       |                2 |              8 |         4.00 |
|  Lab2_Axi_Int_seq_sqrt_i/processing_system7_0/inst/FCLK_CLK0                                                     | Lab2_Axi_Int_seq_sqrt_i/mypi_axi_sqrt_bd_0/U0/mypi_axi_seq_sqrt_0/U0/mypi_axi_seq_sqrt_v1_0_S00_AXI_inst/slv_reg1[15]_i_1_n_0                                               | Lab2_Axi_Int_seq_sqrt_i/mypi_axi_sqrt_bd_0/U0/mypi_axi_seq_sqrt_0/U0/mypi_axi_seq_sqrt_v1_0_S00_AXI_inst/axi_awready_i_1_n_0                                       |                2 |              8 |         4.00 |
|  Lab2_Axi_Int_seq_sqrt_i/processing_system7_0/inst/FCLK_CLK0                                                     | Lab2_Axi_Int_seq_sqrt_i/mypi_axi_sqrt_bd_0/U0/mypi_axi_seq_sqrt_0/U0/mypi_axi_seq_sqrt_v1_0_S00_AXI_inst/slv_reg0[23]_i_1_n_0                                               | Lab2_Axi_Int_seq_sqrt_i/mypi_axi_sqrt_bd_0/U0/mypi_axi_seq_sqrt_0/U0/mypi_axi_seq_sqrt_v1_0_S00_AXI_inst/axi_awready_i_1_n_0                                       |                1 |              8 |         8.00 |
|  Lab2_Axi_Int_seq_sqrt_i/processing_system7_0/inst/FCLK_CLK0                                                     | Lab2_Axi_Int_seq_sqrt_i/mypi_axi_sqrt_bd_0/U0/mypi_axi_seq_sqrt_0/U0/mypi_axi_seq_sqrt_v1_0_S00_AXI_inst/slv_reg2[31]_i_1_n_0                                               | Lab2_Axi_Int_seq_sqrt_i/mypi_axi_sqrt_bd_0/U0/mypi_axi_seq_sqrt_0/U0/mypi_axi_seq_sqrt_v1_0_S00_AXI_inst/axi_awready_i_1_n_0                                       |                2 |              8 |         4.00 |
|  Lab2_Axi_Int_seq_sqrt_i/processing_system7_0/inst/FCLK_CLK0                                                     | Lab2_Axi_Int_seq_sqrt_i/mypi_axi_sqrt_bd_0/U0/mypi_axi_seq_sqrt_0/U0/mypi_axi_seq_sqrt_v1_0_S00_AXI_inst/p_1_in[15]                                                         | Lab2_Axi_Int_seq_sqrt_i/mypi_axi_sqrt_bd_0/U0/mypi_axi_seq_sqrt_0/U0/mypi_axi_seq_sqrt_v1_0_S00_AXI_inst/axi_awready_i_1_n_0                                       |                1 |              8 |         8.00 |
|  Lab2_Axi_Int_seq_sqrt_i/processing_system7_0/inst/FCLK_CLK0                                                     | Lab2_Axi_Int_seq_sqrt_i/mypi_axi_sqrt_bd_0/U0/mypi_axi_seq_sqrt_0/U0/mypi_axi_seq_sqrt_v1_0_S00_AXI_inst/slv_reg2[7]_i_1_n_0                                                | Lab2_Axi_Int_seq_sqrt_i/mypi_axi_sqrt_bd_0/U0/mypi_axi_seq_sqrt_0/U0/mypi_axi_seq_sqrt_v1_0_S00_AXI_inst/axi_awready_i_1_n_0                                       |                1 |              8 |         8.00 |
|  Lab2_Axi_Int_seq_sqrt_i/processing_system7_0/inst/FCLK_CLK0                                                     | Lab2_Axi_Int_seq_sqrt_i/mypi_axi_sqrt_bd_0/U0/mypi_axi_seq_sqrt_0/U0/mypi_axi_seq_sqrt_v1_0_S00_AXI_inst/slv_reg1[7]_i_1_n_0                                                | Lab2_Axi_Int_seq_sqrt_i/mypi_axi_sqrt_bd_0/U0/mypi_axi_seq_sqrt_0/U0/mypi_axi_seq_sqrt_v1_0_S00_AXI_inst/axi_awready_i_1_n_0                                       |                1 |              8 |         8.00 |
|  Lab2_Axi_Int_seq_sqrt_i/processing_system7_0/inst/FCLK_CLK0                                                     | Lab2_Axi_Int_seq_sqrt_i/mypi_axi_sqrt_bd_0/U0/mypi_axi_seq_sqrt_0/U0/mypi_axi_seq_sqrt_v1_0_S00_AXI_inst/p_1_in[23]                                                         | Lab2_Axi_Int_seq_sqrt_i/mypi_axi_sqrt_bd_0/U0/mypi_axi_seq_sqrt_0/U0/mypi_axi_seq_sqrt_v1_0_S00_AXI_inst/axi_awready_i_1_n_0                                       |                1 |              8 |         8.00 |
|  Lab2_Axi_Int_seq_sqrt_i/processing_system7_0/inst/FCLK_CLK0                                                     | Lab2_Axi_Int_seq_sqrt_i/mypi_axi_sqrt_bd_0/U0/mypi_axi_seq_sqrt_0/U0/mypi_axi_seq_sqrt_v1_0_S00_AXI_inst/slv_reg2[15]_i_1_n_0                                               | Lab2_Axi_Int_seq_sqrt_i/mypi_axi_sqrt_bd_0/U0/mypi_axi_seq_sqrt_0/U0/mypi_axi_seq_sqrt_v1_0_S00_AXI_inst/axi_awready_i_1_n_0                                       |                1 |              8 |         8.00 |
|  Lab2_Axi_Int_seq_sqrt_i/processing_system7_0/inst/FCLK_CLK0                                                     | Lab2_Axi_Int_seq_sqrt_i/mypi_axi_sqrt_bd_0/U0/mypi_axi_seq_sqrt_0/U0/mypi_axi_seq_sqrt_v1_0_S00_AXI_inst/p_1_in[7]                                                          | Lab2_Axi_Int_seq_sqrt_i/mypi_axi_sqrt_bd_0/U0/mypi_axi_seq_sqrt_0/U0/mypi_axi_seq_sqrt_v1_0_S00_AXI_inst/axi_awready_i_1_n_0                                       |                1 |              8 |         8.00 |
|  Lab2_Axi_Int_seq_sqrt_i/processing_system7_0/inst/FCLK_CLK0                                                     | Lab2_Axi_Int_seq_sqrt_i/mypi_axi_sqrt_bd_0/U0/mypi_axi_seq_sqrt_0/U0/mypi_axi_seq_sqrt_v1_0_S00_AXI_inst/slv_reg1[31]_i_1_n_0                                               | Lab2_Axi_Int_seq_sqrt_i/mypi_axi_sqrt_bd_0/U0/mypi_axi_seq_sqrt_0/U0/mypi_axi_seq_sqrt_v1_0_S00_AXI_inst/axi_awready_i_1_n_0                                       |                2 |              8 |         4.00 |
|  Lab2_Axi_Int_seq_sqrt_i/processing_system7_0/inst/FCLK_CLK0                                                     | Lab2_Axi_Int_seq_sqrt_i/ps7_0_axi_periph/s00_couplers/auto_pc/inst/gen_axilite.gen_b2s_conv.axilite_b2s/WR.b_channel_0/mhandshake_r                                         | Lab2_Axi_Int_seq_sqrt_i/ps7_0_axi_periph/s00_couplers/auto_pc/inst/gen_axilite.gen_b2s_conv.axilite_b2s/WR.b_channel_0/bid_fifo_0/SR[0]                            |                2 |              8 |         4.00 |
|  Lab2_Axi_Int_seq_sqrt_i/processing_system7_0/inst/FCLK_CLK0                                                     | Lab2_Axi_Int_seq_sqrt_i/mypi_axi_sqrt_bd_0/U0/mypi_axi_seq_sqrt_0/U0/mypi_axi_seq_sqrt_v1_0_S00_AXI_inst/slv_reg0[31]_i_1_n_0                                               | Lab2_Axi_Int_seq_sqrt_i/mypi_axi_sqrt_bd_0/U0/mypi_axi_seq_sqrt_0/U0/mypi_axi_seq_sqrt_v1_0_S00_AXI_inst/axi_awready_i_1_n_0                                       |                1 |              8 |         8.00 |
|  Lab2_Axi_Int_seq_sqrt_i/processing_system7_0/inst/FCLK_CLK0                                                     | Lab2_Axi_Int_seq_sqrt_i/mypi_axi_sqrt_bd_0/U0/mypi_axi_seq_sqrt_0/U0/mypi_axi_seq_sqrt_v1_0_S00_AXI_inst/p_1_in[31]                                                         | Lab2_Axi_Int_seq_sqrt_i/mypi_axi_sqrt_bd_0/U0/mypi_axi_seq_sqrt_0/U0/mypi_axi_seq_sqrt_v1_0_S00_AXI_inst/axi_awready_i_1_n_0                                       |                1 |              8 |         8.00 |
|  Lab2_Axi_Int_seq_sqrt_i/processing_system7_0/inst/FCLK_CLK0                                                     | Lab2_Axi_Int_seq_sqrt_i/mypi_axi_sqrt_bd_0/U0/mypi_axi_seq_sqrt_0/U0/mypi_axi_seq_sqrt_v1_0_S00_AXI_inst/slv_reg1[23]_i_1_n_0                                               | Lab2_Axi_Int_seq_sqrt_i/mypi_axi_sqrt_bd_0/U0/mypi_axi_seq_sqrt_0/U0/mypi_axi_seq_sqrt_v1_0_S00_AXI_inst/axi_awready_i_1_n_0                                       |                1 |              8 |         8.00 |
|  Lab2_Axi_Int_seq_sqrt_i/processing_system7_0/inst/FCLK_CLK0                                                     | Lab2_Axi_Int_seq_sqrt_i/mypi_axi_sqrt_bd_0/U0/mypi_axi_seq_sqrt_0/U0/mypi_axi_seq_sqrt_v1_0_S00_AXI_inst/slv_reg0[7]_i_1_n_0                                                | Lab2_Axi_Int_seq_sqrt_i/mypi_axi_sqrt_bd_0/U0/mypi_axi_seq_sqrt_0/U0/mypi_axi_seq_sqrt_v1_0_S00_AXI_inst/axi_awready_i_1_n_0                                       |                1 |              8 |         8.00 |
|  Lab2_Axi_Int_seq_sqrt_i/processing_system7_0/inst/FCLK_CLK0                                                     | Lab2_Axi_Int_seq_sqrt_i/mypi_axi_sqrt_bd_0/U0/mypi_axi_seq_sqrt_0/U0/mypi_axi_seq_sqrt_v1_0_S00_AXI_inst/slv_reg0[15]_i_1_n_0                                               | Lab2_Axi_Int_seq_sqrt_i/mypi_axi_sqrt_bd_0/U0/mypi_axi_seq_sqrt_0/U0/mypi_axi_seq_sqrt_v1_0_S00_AXI_inst/axi_awready_i_1_n_0                                       |                1 |              8 |         8.00 |
|  Lab2_Axi_Int_seq_sqrt_i/processing_system7_0/inst/FCLK_CLK0                                                     |                                                                                                                                                                             | Lab2_Axi_Int_seq_sqrt_i/ps7_0_axi_periph/s00_couplers/auto_pc/inst/gen_axilite.gen_b2s_conv.axilite_b2s/areset_d1                                                  |                3 |             10 |         3.33 |
|  Lab2_Axi_Int_seq_sqrt_i/processing_system7_0/inst/FCLK_CLK0                                                     |                                                                                                                                                                             | Lab2_Axi_Int_seq_sqrt_i/mypi_axi_sqrt_bd_0/U0/mypi_axi_seq_sqrt_0/U0/mypi_axi_seq_sqrt_v1_0_S00_AXI_inst/axi_awready_i_1_n_0                                       |                3 |             10 |         3.33 |
|  Lab2_Axi_Int_seq_sqrt_i/processing_system7_0/inst/FCLK_CLK0                                                     | Lab2_Axi_Int_seq_sqrt_i/ps7_0_axi_periph/s00_couplers/auto_pc/inst/gen_axilite.gen_b2s_conv.axilite_b2s/RD.r_channel_0/r_push_r                                             |                                                                                                                                                                    |                4 |             13 |         3.25 |
|  Lab2_Axi_Int_seq_sqrt_i/processing_system7_0/inst/FCLK_CLK0                                                     | Lab2_Axi_Int_seq_sqrt_i/ps7_0_axi_periph/s00_couplers/auto_pc/inst/gen_axilite.gen_b2s_conv.axilite_b2s/RD.ar_channel_0/ar_cmd_fsm_0/m_axi_arready_2                        |                                                                                                                                                                    |                5 |             13 |         2.60 |
|  Lab2_Axi_Int_seq_sqrt_i/processing_system7_0/inst/FCLK_CLK0                                                     | Lab2_Axi_Int_seq_sqrt_i/ps7_0_axi_periph/s00_couplers/auto_pc/inst/gen_axilite.gen_b2s_conv.axilite_b2s/SI_REG/b.b_pipe/s_ready_i_reg_0                                     |                                                                                                                                                                    |                3 |             14 |         4.67 |
|  Lab2_Axi_Int_seq_sqrt_i/processing_system7_0/inst/FCLK_CLK0                                                     | Lab2_Axi_Int_seq_sqrt_i/ps7_0_axi_periph/s00_couplers/auto_pc/inst/gen_axilite.gen_b2s_conv.axilite_b2s/SI_REG/b.b_pipe/p_1_in                                              |                                                                                                                                                                    |                2 |             14 |         7.00 |
|  Lab2_Axi_Int_seq_sqrt_i/mypi_axi_sqrt_bd_0/U0/mypi_seqdeta_top_0/U0/SeqInut/outp_BUFG                           |                                                                                                                                                                             | Lab2_Axi_Int_seq_sqrt_i/rst_ps7_0_100M/U0/peripheral_aresetn[0]                                                                                                    |                7 |             16 |         2.29 |
|  Lab2_Axi_Int_seq_sqrt_i/processing_system7_0/inst/FCLK_CLK0                                                     | Lab2_Axi_Int_seq_sqrt_i/ps7_0_axi_periph/s00_couplers/auto_pc/inst/gen_axilite.gen_b2s_conv.axilite_b2s/WR.aw_channel_0/aw_cmd_fsm_0/FSM_sequential_state_reg[0]_1          |                                                                                                                                                                    |                5 |             16 |         3.20 |
|  Lab2_Axi_Int_seq_sqrt_i/processing_system7_0/inst/FCLK_CLK0                                                     | Lab2_Axi_Int_seq_sqrt_i/ps7_0_axi_periph/s00_couplers/auto_pc/inst/gen_axilite.gen_b2s_conv.axilite_b2s/WR.aw_channel_0/aw_cmd_fsm_0/m_axi_awready_0                        |                                                                                                                                                                    |                3 |             16 |         5.33 |
|  Lab2_Axi_Int_seq_sqrt_i/processing_system7_0/inst/FCLK_CLK0                                                     | Lab2_Axi_Int_seq_sqrt_i/mypi_axi_sqrt_bd_0/U0/mypi_seqdeta_top_0/U0/U5/sqrt1/E[0]                                                                                           | Lab2_Axi_Int_seq_sqrt_i/rst_ps7_0_100M/U0/peripheral_aresetn[0]                                                                                                    |                4 |             16 |         4.00 |
|  Lab2_Axi_Int_seq_sqrt_i/processing_system7_0/inst/FCLK_CLK0                                                     |                                                                                                                                                                             | Lab2_Axi_Int_seq_sqrt_i/rst_ps7_0_100M/U0/peripheral_aresetn[0]                                                                                                    |                6 |             20 |         3.33 |
|  Lab2_Axi_Int_seq_sqrt_i/processing_system7_0/inst/FCLK_CLK0                                                     | Lab2_Axi_Int_seq_sqrt_i/mypi_axi_sqrt_bd_0/U0/mypi_seqdeta_top_0/U0/U5/sqrt1/FSM_sequential_present_state_reg[1]_0[0]                                                       | Lab2_Axi_Int_seq_sqrt_i/rst_ps7_0_100M/U0/peripheral_aresetn[0]                                                                                                    |                7 |             25 |         3.57 |
|  Lab2_Axi_Int_seq_sqrt_i/processing_system7_0/inst/FCLK_CLK0                                                     | Lab2_Axi_Int_seq_sqrt_i/ps7_0_axi_periph/s00_couplers/auto_pc/inst/gen_axilite.gen_b2s_conv.axilite_b2s/RD.ar_channel_0/ar_cmd_fsm_0/m_valid_i_reg[0]                       |                                                                                                                                                                    |                6 |             27 |         4.50 |
|  Lab2_Axi_Int_seq_sqrt_i/processing_system7_0/inst/FCLK_CLK0                                                     | Lab2_Axi_Int_seq_sqrt_i/ps7_0_axi_periph/s00_couplers/auto_pc/inst/gen_axilite.gen_b2s_conv.axilite_b2s/WR.aw_channel_0/aw_cmd_fsm_0/E[0]                                   |                                                                                                                                                                    |                6 |             27 |         4.50 |
|  Lab2_Axi_Int_seq_sqrt_i/processing_system7_0/inst/FCLK_CLK0                                                     | Lab2_Axi_Int_seq_sqrt_i/ps7_0_axi_periph/s00_couplers/auto_pc/inst/gen_axilite.gen_b2s_conv.axilite_b2s/SI_REG/ar.ar_pipe/s_ready_i_reg_0                                   |                                                                                                                                                                    |                5 |             27 |         5.40 |
|  Lab2_Axi_Int_seq_sqrt_i/processing_system7_0/inst/FCLK_CLK0                                                     | Lab2_Axi_Int_seq_sqrt_i/ps7_0_axi_periph/s00_couplers/auto_pc/inst/gen_axilite.gen_b2s_conv.axilite_b2s/SI_REG/aw.aw_pipe/s_ready_i_reg_0                                   |                                                                                                                                                                    |                6 |             27 |         4.50 |
|  Lab2_Axi_Int_seq_sqrt_i/processing_system7_0/inst/FCLK_CLK0                                                     | Lab2_Axi_Int_seq_sqrt_i/mypi_axi_sqrt_bd_0/U0/mypi_axi_seq_sqrt_0/U0/mypi_axi_seq_sqrt_v1_0_S00_AXI_inst/slv_reg_rden                                                       | Lab2_Axi_Int_seq_sqrt_i/mypi_axi_sqrt_bd_0/U0/mypi_axi_seq_sqrt_0/U0/mypi_axi_seq_sqrt_v1_0_S00_AXI_inst/axi_awready_i_1_n_0                                       |               11 |             32 |         2.91 |
|  Lab2_Axi_Int_seq_sqrt_i/mypi_axi_sqrt_bd_0/U0/mypi_seqdeta_top_0/U0/SeqInut/outp_BUFG                           | Lab2_Axi_Int_seq_sqrt_i/mypi_axi_sqrt_bd_0/U0/mypi_seqdeta_top_0/U0/U3/clk_counter0                                                                                         | Lab2_Axi_Int_seq_sqrt_i/mypi_axi_sqrt_bd_0/U0/mypi_seqdeta_top_0/U0/U4/clear                                                                                       |                8 |             32 |         4.00 |
|  Lab2_Axi_Int_seq_sqrt_i/processing_system7_0/inst/FCLK_CLK0                                                     | Lab2_Axi_Int_seq_sqrt_i/ps7_0_axi_periph/s00_couplers/auto_pc/inst/gen_axilite.gen_b2s_conv.axilite_b2s/RD.r_channel_0/rd_data_fifo_0/wr_en0                                |                                                                                                                                                                    |                9 |             32 |         3.56 |
|  Lab2_Axi_Int_seq_sqrt_i/processing_system7_0/inst/FCLK_CLK0                                                     | Lab2_Axi_Int_seq_sqrt_i/ps7_0_axi_periph/s00_couplers/auto_pc/inst/gen_axilite.gen_b2s_conv.axilite_b2s/SI_REG/r.r_pipe/p_1_in                                              |                                                                                                                                                                    |               10 |             45 |         4.50 |
|  Lab2_Axi_Int_seq_sqrt_i/processing_system7_0/inst/FCLK_CLK0                                                     | Lab2_Axi_Int_seq_sqrt_i/ps7_0_axi_periph/s00_couplers/auto_pc/inst/gen_axilite.gen_b2s_conv.axilite_b2s/SI_REG/r.r_pipe/s_ready_i_reg_0                                     |                                                                                                                                                                    |                9 |             45 |         5.00 |
|  Lab2_Axi_Int_seq_sqrt_i/processing_system7_0/inst/FCLK_CLK0                                                     |                                                                                                                                                                             |                                                                                                                                                                    |               41 |            110 |         2.68 |
+------------------------------------------------------------------------------------------------------------------+-----------------------------------------------------------------------------------------------------------------------------------------------------------------------------+--------------------------------------------------------------------------------------------------------------------------------------------------------------------+------------------+----------------+--------------+


