Copyright 1986-2022 Xilinx, Inc. All Rights Reserved.
------------------------------------------------------------------------------------
| Tool Version : Vivado v.2022.1 (win64) Build 3526262 Mon Apr 18 15:48:16 MDT 2022
| Date         : Mon Feb  5 15:04:38 2024
| Host         : DESKTOP-LF8951D running 64-bit major release  (build 9200)
| Command      : upgrade_ip
| Device       : xc7z020clg400-1
------------------------------------------------------------------------------------

Upgrade Log for IP 'axi_sqrt_bd_mypi_seqdeta_top_0_0'

1. Summary
----------

SUCCESS in the upgrade of axi_sqrt_bd_mypi_seqdeta_top_0_0 (xilinx.com:user:mypi_seqdeta_top:1.0) from (Rev. 7) to (Rev. 8)






Copyright 1986-2022 Xilinx, Inc. All Rights Reserved.
------------------------------------------------------------------------------------
| Tool Version : Vivado v.2022.1 (win64) Build 3526262 Mon Apr 18 15:48:16 MDT 2022
| Date         : Mon Feb  5 14:53:22 2024
| Host         : DESKTOP-LF8951D running 64-bit major release  (build 9200)
| Command      : upgrade_ip
| Device       : xc7z020clg400-1
------------------------------------------------------------------------------------

Upgrade Log for IP 'axi_sqrt_bd_mypi_seqdeta_top_0_0'

1. Summary
----------

SUCCESS in the upgrade of axi_sqrt_bd_mypi_seqdeta_top_0_0 (xilinx.com:user:mypi_seqdeta_top:1.0) from (Rev. 6) to (Rev. 7)






Copyright 1986-2022 Xilinx, Inc. All Rights Reserved.
------------------------------------------------------------------------------------
| Tool Version : Vivado v.2022.1 (win64) Build 3526262 Mon Apr 18 15:48:16 MDT 2022
| Date         : Mon Feb  5 14:40:03 2024
| Host         : DESKTOP-LF8951D running 64-bit major release  (build 9200)
| Command      : upgrade_ip
| Device       : xc7z020clg400-1
------------------------------------------------------------------------------------

Upgrade Log for IP 'axi_sqrt_bd_mypi_seqdeta_top_0_0'

1. Summary
----------

SUCCESS in the upgrade of axi_sqrt_bd_mypi_seqdeta_top_0_0 (xilinx.com:user:mypi_seqdeta_top:1.0) from (Rev. 5) to (Rev. 6)






Copyright 1986-2022 Xilinx, Inc. All Rights Reserved.
------------------------------------------------------------------------------------
| Tool Version : Vivado v.2022.1 (win64) Build 3526262 Mon Apr 18 15:48:16 MDT 2022
| Date         : Mon Feb  5 13:45:57 2024
| Host         : DESKTOP-LF8951D running 64-bit major release  (build 9200)
| Command      : upgrade_ip
| Device       : xc7z020clg400-1
------------------------------------------------------------------------------------

Upgrade Log for IP 'axi_sqrt_bd_mypi_seqdeta_top_0_0'

1. Summary
----------

CAUTION (success, with warnings) in the upgrade of axi_sqrt_bd_mypi_seqdeta_top_0_0 (xilinx.com:user:mypi_seqdeta_top:1.0) from (Rev. 4) to (Rev. 5)

After upgrade, an IP may have parameter and port differences compared to the original customization. Please review the parameters within the IP customization GUI to ensure proper functionality. Also, please review the updated IP instantiation template to ensure proper connectivity, and update your design if required.

2. Connection Warnings
----------------------

Detected external port differences while upgrading 'axi_sqrt_bd_mypi_seqdeta_top_0_0'. These changes may impact your design.


-Upgrade has added port 'din'







Copyright 1986-2022 Xilinx, Inc. All Rights Reserved.
------------------------------------------------------------------------------------
| Tool Version : Vivado v.2022.1 (win64) Build 3526262 Mon Apr 18 15:48:16 MDT 2022
| Date         : Mon Feb  5 13:43:47 2024
| Host         : DESKTOP-LF8951D running 64-bit major release  (build 9200)
| Command      : upgrade_ip
| Device       : xc7z020clg400-1
------------------------------------------------------------------------------------

Upgrade Log for IP 'axi_sqrt_bd_mypi_axi_seq_sqrt_0_0'

1. Summary
----------

CAUTION (success, with warnings) in the upgrade of axi_sqrt_bd_mypi_axi_seq_sqrt_0_0 (xilinx.com:user:mypi_axi_seq_sqrt:1.0) from (Rev. 6) to (Rev. 7)

After upgrade, an IP may have parameter and port differences compared to the original customization. Please review the parameters within the IP customization GUI to ensure proper functionality. Also, please review the updated IP instantiation template to ensure proper connectivity, and update your design if required.

2. Connection Warnings
----------------------

Detected external port differences while upgrading 'axi_sqrt_bd_mypi_axi_seq_sqrt_0_0'. These changes may impact your design.


-Upgrade has added port 'S_DIN_IN'







Copyright 1986-2022 Xilinx, Inc. All Rights Reserved.
------------------------------------------------------------------------------------
| Tool Version : Vivado v.2022.1 (win64) Build 3526262 Mon Apr 18 15:48:16 MDT 2022
| Date         : Mon Feb  5 13:14:53 2024
| Host         : DESKTOP-LF8951D running 64-bit major release  (build 9200)
| Command      : upgrade_ip
| Device       : xc7z020clg400-1
------------------------------------------------------------------------------------

Upgrade Log for IP 'axi_sqrt_bd_mypi_seqdeta_top_0_0'

1. Summary
----------

CAUTION (success, with warnings) in the upgrade of axi_sqrt_bd_mypi_seqdeta_top_0_0 (xilinx.com:user:mypi_seqdeta_top:1.0) from (Rev. 3) to (Rev. 4)

After upgrade, an IP may have parameter and port differences compared to the original customization. Please review the parameters within the IP customization GUI to ensure proper functionality. Also, please review the updated IP instantiation template to ensure proper connectivity, and update your design if required.

2. Connection Warnings
----------------------

Detected external port differences while upgrading 'axi_sqrt_bd_mypi_seqdeta_top_0_0'. These changes may impact your design.


-Upgrade has removed port 'clr'







Copyright 1986-2022 Xilinx, Inc. All Rights Reserved.
------------------------------------------------------------------------------------
| Tool Version : Vivado v.2022.1 (win64) Build 3526262 Mon Apr 18 15:48:16 MDT 2022
| Date         : Mon Feb  5 08:55:05 2024
| Host         : DESKTOP-LF8951D running 64-bit major release  (build 9200)
| Command      : upgrade_ip
| Device       : xc7z020clg400-1
------------------------------------------------------------------------------------

Upgrade Log for IP 'axi_sqrt_bd_mypi_axi_seq_sqrt_0_0'

1. Summary
----------

SUCCESS in the upgrade of axi_sqrt_bd_mypi_axi_seq_sqrt_0_0 (xilinx.com:user:mypi_axi_seq_sqrt:1.0) from (Rev. 5) to (Rev. 6)






Copyright 1986-2022 Xilinx, Inc. All Rights Reserved.
------------------------------------------------------------------------------------
| Tool Version : Vivado v.2022.1 (win64) Build 3526262 Mon Apr 18 15:48:16 MDT 2022
| Date         : Mon Feb  5 08:53:17 2024
| Host         : DESKTOP-LF8951D running 64-bit major release  (build 9200)
| Command      : upgrade_ip
| Device       : xc7z020clg400-1
------------------------------------------------------------------------------------

Upgrade Log for IP 'axi_sqrt_bd_mypi_axi_seq_sqrt_0_0'

1. Summary
----------

SUCCESS in the upgrade of axi_sqrt_bd_mypi_axi_seq_sqrt_0_0 (xilinx.com:user:mypi_axi_seq_sqrt:1.0) from (Rev. 4) to (Rev. 5)






Copyright 1986-2022 Xilinx, Inc. All Rights Reserved.
------------------------------------------------------------------------------------
| Tool Version : Vivado v.2022.1 (win64) Build 3526262 Mon Apr 18 15:48:16 MDT 2022
| Date         : Mon Feb  5 08:50:16 2024
| Host         : DESKTOP-LF8951D running 64-bit major release  (build 9200)
| Command      : upgrade_ip
| Device       : xc7z020clg400-1
------------------------------------------------------------------------------------

Upgrade Log for IP 'axi_sqrt_bd_mypi_axi_seq_sqrt_0_0'

1. Summary
----------

SUCCESS in the upgrade of axi_sqrt_bd_mypi_axi_seq_sqrt_0_0 (xilinx.com:user:mypi_axi_seq_sqrt:1.0) from (Rev. 3) to (Rev. 4)






Copyright 1986-2022 Xilinx, Inc. All Rights Reserved.
------------------------------------------------------------------------------------
| Tool Version : Vivado v.2022.1 (win64) Build 3526262 Mon Apr 18 15:48:16 MDT 2022
| Date         : Mon Feb  5 08:24:06 2024
| Host         : DESKTOP-LF8951D running 64-bit major release  (build 9200)
| Command      : upgrade_ip
| Device       : xc7z020clg400-1
------------------------------------------------------------------------------------

Upgrade Log for IP 'axi_sqrt_bd_mypi_axi_seq_sqrt_0_0'

1. Summary
----------

SUCCESS in the upgrade of axi_sqrt_bd_mypi_axi_seq_sqrt_0_0 (xilinx.com:user:mypi_axi_seq_sqrt:1.0) from (Rev. 2) to (Rev. 3)






Copyright 1986-2022 Xilinx, Inc. All Rights Reserved.
------------------------------------------------------------------------------------
| Tool Version : Vivado v.2022.1 (win64) Build 3526262 Mon Apr 18 15:48:16 MDT 2022
| Date         : Mon Feb  5 08:16:36 2024
| Host         : DESKTOP-LF8951D running 64-bit major release  (build 9200)
| Command      : upgrade_ip
| Device       : xc7z020clg400-1
------------------------------------------------------------------------------------

Upgrade Log for IP 'axi_sqrt_bd_mypi_axi_seq_sqrt_0_0'

1. Summary
----------

CAUTION (success, with warnings) in the upgrade of axi_sqrt_bd_mypi_axi_seq_sqrt_0_0 (xilinx.com:user:mypi_axi_seq_sqrt:1.0) from (Rev. 1) to (Rev. 2)

After upgrade, an IP may have parameter and port differences compared to the original customization. Please review the parameters within the IP customization GUI to ensure proper functionality. Also, please review the updated IP instantiation template to ensure proper connectivity, and update your design if required.

2. Connection Warnings
----------------------

Detected external port differences while upgrading 'axi_sqrt_bd_mypi_axi_seq_sqrt_0_0'. These changes may impact your design.


-Upgrade has added port 'S_ROOT_IN'







Copyright 1986-2022 Xilinx, Inc. All Rights Reserved.
------------------------------------------------------------------------------------
| Tool Version : Vivado v.2022.1 (win64) Build 3526262 Mon Apr 18 15:48:16 MDT 2022
| Date         : Mon Feb  5 08:12:11 2024
| Host         : DESKTOP-LF8951D running 64-bit major release  (build 9200)
| Command      : upgrade_ip
| Device       : xc7z020clg400-1
------------------------------------------------------------------------------------

Upgrade Log for IP 'axi_sqrt_bd_mypi_seqdeta_top_0_0'

1. Summary
----------

CAUTION (success, with warnings) in the upgrade of axi_sqrt_bd_mypi_seqdeta_top_0_0 (xilinx.com:user:mypi_seqdeta_top:1.0) from (Rev. 2) to (Rev. 3)

After upgrade, an IP may have parameter and port differences compared to the original customization. Please review the parameters within the IP customization GUI to ensure proper functionality. Also, please review the updated IP instantiation template to ensure proper connectivity, and update your design if required.

2. Connection Warnings
----------------------

Detected external port differences while upgrading 'axi_sqrt_bd_mypi_seqdeta_top_0_0'. These changes may impact your design.


-Upgrade has added port 'root'







Copyright 1986-2022 Xilinx, Inc. All Rights Reserved.
------------------------------------------------------------------------------------
| Tool Version : Vivado v.2022.1 (win64) Build 3526262 Mon Apr 18 15:48:16 MDT 2022
| Date         : Sun Feb  4 14:25:37 2024
| Host         : DESKTOP-LF8951D running 64-bit major release  (build 9200)
| Command      : upgrade_ip
| Device       : xc7z020clg400-1
------------------------------------------------------------------------------------

Upgrade Log for IP 'axi_sqrt_bd_mypi_seqdeta_top_0_0'

1. Summary
----------

CAUTION (success, with warnings) in the upgrade of axi_sqrt_bd_mypi_seqdeta_top_0_0 (xilinx.com:user:mypi_seqdeta_top:1.0) from (Rev. 1) to (Rev. 2)

After upgrade, an IP may have parameter and port differences compared to the original customization. Please review the parameters within the IP customization GUI to ensure proper functionality. Also, please review the updated IP instantiation template to ensure proper connectivity, and update your design if required.

2. Connection Warnings
----------------------

Detected external port differences while upgrading 'axi_sqrt_bd_mypi_seqdeta_top_0_0'. These changes may impact your design.


-Upgrade has added port 'done'


