Copyright 1986-2022 Xilinx, Inc. All Rights Reserved. Copyright 2022-2023 Advanced Micro Devices, Inc. All Rights Reserved.
---------------------------------------------------------------------------------------------------------------------------------------------
| Tool Version : Vivado v.2023.2 (win64) Build 4029153 Fri Oct 13 20:14:34 MDT 2023
| Date         : Thu Jan 18 20:28:47 2024
| Host         : DESKTOP-NE4QLD0 running 64-bit major release  (build 9200)
| Command      : upgrade_ip
| Device       : xc7z020clg400-1
---------------------------------------------------------------------------------------------------------------------------------------------

Upgrade Log for IP 'uart_bd_lab1_axi_interface_0_0'

1. Summary
----------

SUCCESS in the upgrade of uart_bd_lab1_axi_interface_0_0 (xilinx.com:user:lab1_axi_interface:1.0) from (Rev. 5) to (Rev. 6)






Copyright 1986-2022 Xilinx, Inc. All Rights Reserved. Copyright 2022-2023 Advanced Micro Devices, Inc. All Rights Reserved.
---------------------------------------------------------------------------------------------------------------------------------------------
| Tool Version : Vivado v.2023.2 (win64) Build 4029153 Fri Oct 13 20:14:34 MDT 2023
| Date         : Thu Jan 18 20:24:52 2024
| Host         : DESKTOP-NE4QLD0 running 64-bit major release  (build 9200)
| Command      : upgrade_ip
| Device       : xc7z020clg400-1
---------------------------------------------------------------------------------------------------------------------------------------------

Upgrade Log for IP 'uart_bd_lab1_axi_interface_0_0'

1. Summary
----------

SUCCESS in the upgrade of uart_bd_lab1_axi_interface_0_0 (xilinx.com:user:lab1_axi_interface:1.0) from (Rev. 4) to (Rev. 5)






Copyright 1986-2022 Xilinx, Inc. All Rights Reserved. Copyright 2022-2023 Advanced Micro Devices, Inc. All Rights Reserved.
---------------------------------------------------------------------------------------------------------------------------------------------
| Tool Version : Vivado v.2023.2 (win64) Build 4029153 Fri Oct 13 20:14:34 MDT 2023
| Date         : Thu Jan 18 19:49:21 2024
| Host         : DESKTOP-NE4QLD0 running 64-bit major release  (build 9200)
| Command      : upgrade_ip
| Device       : xc7z020clg400-1
---------------------------------------------------------------------------------------------------------------------------------------------

Upgrade Log for IP 'uart_bd_lab1_axi_interface_0_0'

1. Summary
----------

CAUTION (success, with warnings) in the upgrade of uart_bd_lab1_axi_interface_0_0 (xilinx.com:user:lab1_axi_interface:1.0) from (Rev. 3) to (Rev. 4)

After upgrade, an IP may have parameter and port differences compared to the original customization. Please review the parameters within the IP customization GUI to ensure proper functionality. Also, please review the updated IP instantiation template to ensure proper connectivity, and update your design if required.

2. Connection Warnings
----------------------

Detected external port differences while upgrading 'uart_bd_lab1_axi_interface_0_0'. These changes may impact your design.


-Upgrade has added port 'R_ADDR_1'

-Upgrade has added port 'R_ADDR_2'

-Upgrade has added port 'R_ADDR_SUM'







Copyright 1986-2022 Xilinx, Inc. All Rights Reserved. Copyright 2022-2023 Advanced Micro Devices, Inc. All Rights Reserved.
---------------------------------------------------------------------------------------------------------------------------------------------
| Tool Version : Vivado v.2023.2 (win64) Build 4029153 Fri Oct 13 20:14:34 MDT 2023
| Date         : Thu Jan 18 19:44:26 2024
| Host         : DESKTOP-NE4QLD0 running 64-bit major release  (build 9200)
| Command      : upgrade_ip
| Device       : xc7z020clg400-1
---------------------------------------------------------------------------------------------------------------------------------------------

Upgrade Log for IP 'uart_bd_lab1_axi_interface_0_0'

1. Summary
----------

SUCCESS in the upgrade of uart_bd_lab1_axi_interface_0_0 (xilinx.com:user:lab1_axi_interface:1.0) from (Rev. 2) to (Rev. 3)

