Vivado Simulator v2022.1
Copyright 1986-1999, 2001-2022 Xilinx, Inc. All Rights Reserved.
Running: F:/Xilinx/Vivado/2022.1/bin/unwrapped/win64.o/xelab.exe --incr --debug typical --relax --mt 2 -L xil_defaultlib -L secureip --snapshot seq_tb_behav xil_defaultlib.seq_tb -log elaborate.log 
Using 2 slave threads.
Starting static elaboration
Completed static elaboration
Starting simulation data flow analysis
Completed simulation data flow analysis
Time Resolution for simulation is 1ps
Compiling package std.standard
Compiling package std.textio
Compiling package ieee.std_logic_1164
Compiling package ieee.std_logic_arith
Compiling package ieee.std_logic_unsigned
Compiling architecture clock_pulse of entity xil_defaultlib.clock_pulse [clock_pulse_default]
Compiling architecture clkdiv of entity xil_defaultlib.clkdiv [clkdiv_default]
Compiling architecture behavioral of entity xil_defaultlib.seqdeta [seqdeta_default]
Compiling architecture behavioral of entity xil_defaultlib.seqRead16 [seqread16_default]
Compiling architecture behavioral of entity xil_defaultlib.sqrtctl [sqrtctl_default]
Compiling architecture behavioral of entity xil_defaultlib.regr [\regr(n=16,bit0='0',bit1='0')\]
Compiling architecture behavioral of entity xil_defaultlib.regr [\regr(n=17,bit0='1',bit1='0')\]
Compiling architecture behavioral of entity xil_defaultlib.regr [\regr(n=9,bit0='1',bit1='1')\]
Compiling architecture behavioral of entity xil_defaultlib.regr [\regr(n=8,bit0='0',bit1='0')\]
Compiling architecture behavioral of entity xil_defaultlib.sqrtPath [sqrtpath_default]
Compiling architecture behavioral of entity xil_defaultlib.sqrt [sqrt_default]
Compiling architecture seqdeta_top of entity xil_defaultlib.seqdeta_top [seqdeta_top_default]
Compiling architecture behavioral of entity xil_defaultlib.seq_tb
Built simulation snapshot seq_tb_behav
