
*** Running vivado
    with args -log seqdeta_top.vdi -applog -m64 -product Vivado -messageDb vivado.pb -mode batch -source seqdeta_top.tcl -notrace



****** Vivado v2022.1 (64-bit)
  **** SW Build 3526262 on Mon Apr 18 15:48:16 MDT 2022
  **** IP Build 3524634 on Mon Apr 18 20:55:01 MDT 2022
    ** Copyright 1986-2022 Xilinx, Inc. All Rights Reserved.

source seqdeta_top.tcl -notrace
INFO: [IP_Flow 19-234] Refreshing IP repositories
INFO: [IP_Flow 19-1700] Loaded user IP repository 'f:/MastersProgram/ECE6740/IPRepo'.
INFO: [IP_Flow 19-2313] Loaded Vivado IP repository 'F:/Xilinx/Vivado/2022.1/data/ip'.
Command: link_design -top seqdeta_top -part xc7z020clg400-1
Design is defaulting to srcset: sources_1
Design is defaulting to constrset: constrs_1
INFO: [Device 21-403] Loading part xc7z020clg400-1
Netlist sorting complete. Time (s): cpu = 00:00:00 ; elapsed = 00:00:00 . Memory (MB): peak = 1275.711 ; gain = 0.000
INFO: [Netlist 29-17] Analyzing 1 Unisim elements for replacement
INFO: [Netlist 29-28] Unisim Transformation completed in 0 CPU seconds
INFO: [Project 1-479] Netlist was created with Vivado 2022.1
INFO: [Project 1-570] Preparing netlist for logic optimization
Parsing XDC File [F:/MastersProgram/ECE6740/Labs/Lab2/SeqClass/SeqDet/SeqDet.srcs/constrs_1/imports/zybo_master/PYNQ-Z1_C.xdc]
WARNING: [Vivado 12-584] No ports matched 'ck_io[28]'. [F:/MastersProgram/ECE6740/Labs/Lab2/SeqClass/SeqDet/SeqDet.srcs/constrs_1/imports/zybo_master/PYNQ-Z1_C.xdc:108]
CRITICAL WARNING: [Common 17-55] 'set_property' expects at least one object. [F:/MastersProgram/ECE6740/Labs/Lab2/SeqClass/SeqDet/SeqDet.srcs/constrs_1/imports/zybo_master/PYNQ-Z1_C.xdc:108]
Resolution: If [get_<value>] was used to populate the object, check to make sure this command returns at least one valid object.
WARNING: [Vivado 12-584] No ports matched 'ck_io[35]'. [F:/MastersProgram/ECE6740/Labs/Lab2/SeqClass/SeqDet/SeqDet.srcs/constrs_1/imports/zybo_master/PYNQ-Z1_C.xdc:109]
CRITICAL WARNING: [Common 17-55] 'set_property' expects at least one object. [F:/MastersProgram/ECE6740/Labs/Lab2/SeqClass/SeqDet/SeqDet.srcs/constrs_1/imports/zybo_master/PYNQ-Z1_C.xdc:109]
Resolution: If [get_<value>] was used to populate the object, check to make sure this command returns at least one valid object.
Finished Parsing XDC File [F:/MastersProgram/ECE6740/Labs/Lab2/SeqClass/SeqDet/SeqDet.srcs/constrs_1/imports/zybo_master/PYNQ-Z1_C.xdc]
INFO: [Opt 31-138] Pushed 0 inverter(s) to 0 load pin(s).
Netlist sorting complete. Time (s): cpu = 00:00:00 ; elapsed = 00:00:00 . Memory (MB): peak = 1275.711 ; gain = 0.000
INFO: [Project 1-111] Unisim Transformation Summary:
No Unisim elements were transformed.

10 Infos, 2 Warnings, 2 Critical Warnings and 0 Errors encountered.
link_design completed successfully
link_design: Time (s): cpu = 00:00:05 ; elapsed = 00:00:06 . Memory (MB): peak = 1275.711 ; gain = 0.000
Command: opt_design
Attempting to get a license for feature 'Implementation' and/or device 'xc7z020'
INFO: [Common 17-349] Got license for feature 'Implementation' and/or device 'xc7z020'
Running DRC as a precondition to command opt_design

Starting DRC Task
INFO: [DRC 23-27] Running DRC with 2 threads
INFO: [Project 1-461] DRC finished with 0 Errors
INFO: [Project 1-462] Please refer to the DRC report (report_drc) for more information.

Time (s): cpu = 00:00:02 ; elapsed = 00:00:00.905 . Memory (MB): peak = 1275.711 ; gain = 0.000

Starting Cache Timing Information Task
INFO: [Timing 38-35] Done setting XDC timing constraints.
Ending Cache Timing Information Task | Checksum: 1dba69f06

Time (s): cpu = 00:00:07 ; elapsed = 00:00:07 . Memory (MB): peak = 1430.156 ; gain = 154.445

Starting Logic Optimization Task

Phase 1 Retarget
INFO: [Opt 31-138] Pushed 0 inverter(s) to 0 load pin(s).
In IDDR TRANSFORM
INFO: [Opt 31-49] Retargeted 0 cell(s).
Phase 1 Retarget | Checksum: 1dba69f06

Time (s): cpu = 00:00:00 ; elapsed = 00:00:00.021 . Memory (MB): peak = 1741.137 ; gain = 0.000
INFO: [Opt 31-389] Phase Retarget created 0 cells and removed 0 cells

Phase 2 Constant propagation
INFO: [Opt 31-138] Pushed 0 inverter(s) to 0 load pin(s).
Phase 2 Constant propagation | Checksum: 1dba69f06

Time (s): cpu = 00:00:00 ; elapsed = 00:00:00.023 . Memory (MB): peak = 1741.137 ; gain = 0.000
INFO: [Opt 31-389] Phase Constant propagation created 0 cells and removed 0 cells

Phase 3 Sweep
Phase 3 Sweep | Checksum: 14d693703

Time (s): cpu = 00:00:00 ; elapsed = 00:00:00.029 . Memory (MB): peak = 1741.137 ; gain = 0.000
INFO: [Opt 31-389] Phase Sweep created 0 cells and removed 0 cells

Phase 4 BUFG optimization
Phase 4 BUFG optimization | Checksum: 14d693703

Time (s): cpu = 00:00:01 ; elapsed = 00:00:00.064 . Memory (MB): peak = 1741.137 ; gain = 0.000
INFO: [Opt 31-662] Phase BUFG optimization created 0 cells of which 0 are BUFGs and removed 0 cells.

Phase 5 Shift Register Optimization
INFO: [Opt 31-1064] SRL Remap converted 0 SRLs to 0 registers and converted 0 registers of register chains to 0 SRLs
Phase 5 Shift Register Optimization | Checksum: 14d693703

Time (s): cpu = 00:00:01 ; elapsed = 00:00:00.065 . Memory (MB): peak = 1741.137 ; gain = 0.000
INFO: [Opt 31-389] Phase Shift Register Optimization created 0 cells and removed 0 cells

Phase 6 Post Processing Netlist
Phase 6 Post Processing Netlist | Checksum: 14d693703

Time (s): cpu = 00:00:01 ; elapsed = 00:00:00.067 . Memory (MB): peak = 1741.137 ; gain = 0.000
INFO: [Opt 31-389] Phase Post Processing Netlist created 0 cells and removed 0 cells
Opt_design Change Summary
=========================


-------------------------------------------------------------------------------------------------------------------------
|  Phase                        |  #Cells created  |  #Cells Removed  |  #Constrained objects preventing optimizations  |
-------------------------------------------------------------------------------------------------------------------------
|  Retarget                     |               0  |               0  |                                              0  |
|  Constant propagation         |               0  |               0  |                                              0  |
|  Sweep                        |               0  |               0  |                                              0  |
|  BUFG optimization            |               0  |               0  |                                              0  |
|  Shift Register Optimization  |               0  |               0  |                                              0  |
|  Post Processing Netlist      |               0  |               0  |                                              0  |
-------------------------------------------------------------------------------------------------------------------------



Starting Connectivity Check Task

Time (s): cpu = 00:00:00 ; elapsed = 00:00:00.001 . Memory (MB): peak = 1741.137 ; gain = 0.000
Ending Logic Optimization Task | Checksum: 16b76895d

Time (s): cpu = 00:00:01 ; elapsed = 00:00:00.070 . Memory (MB): peak = 1741.137 ; gain = 0.000

Starting Power Optimization Task
INFO: [Pwropt 34-132] Skipping clock gating for clocks with a period < 2.00 ns.
Ending Power Optimization Task | Checksum: 16b76895d

Time (s): cpu = 00:00:00 ; elapsed = 00:00:00.011 . Memory (MB): peak = 1741.137 ; gain = 0.000

Starting Final Cleanup Task
Ending Final Cleanup Task | Checksum: 16b76895d

Time (s): cpu = 00:00:00 ; elapsed = 00:00:00 . Memory (MB): peak = 1741.137 ; gain = 0.000

Starting Netlist Obfuscation Task
Netlist sorting complete. Time (s): cpu = 00:00:00 ; elapsed = 00:00:00 . Memory (MB): peak = 1741.137 ; gain = 0.000
Ending Netlist Obfuscation Task | Checksum: 16b76895d

Time (s): cpu = 00:00:00 ; elapsed = 00:00:00 . Memory (MB): peak = 1741.137 ; gain = 0.000
INFO: [Common 17-83] Releasing license: Implementation
27 Infos, 2 Warnings, 2 Critical Warnings and 0 Errors encountered.
opt_design completed successfully
opt_design: Time (s): cpu = 00:00:12 ; elapsed = 00:00:11 . Memory (MB): peak = 1741.137 ; gain = 465.426
INFO: [Timing 38-480] Writing timing data to binary archive.
INFO: [Common 17-1381] The checkpoint 'F:/MastersProgram/ECE6740/Labs/Lab2/SeqClass/SeqDet/SeqDet.runs/impl_1/seqdeta_top_opt.dcp' has been generated.
INFO: [runtcl-4] Executing : report_drc -file seqdeta_top_drc_opted.rpt -pb seqdeta_top_drc_opted.pb -rpx seqdeta_top_drc_opted.rpx
Command: report_drc -file seqdeta_top_drc_opted.rpt -pb seqdeta_top_drc_opted.pb -rpx seqdeta_top_drc_opted.rpx
INFO: [IP_Flow 19-1839] IP Catalog is up to date.
INFO: [Timing 38-35] Done setting XDC timing constraints.
INFO: [DRC 23-27] Running DRC with 2 threads
INFO: [Vivado_Tcl 2-168] The results of DRC are in file F:/MastersProgram/ECE6740/Labs/Lab2/SeqClass/SeqDet/SeqDet.runs/impl_1/seqdeta_top_drc_opted.rpt.
report_drc completed successfully
Command: place_design
Attempting to get a license for feature 'Implementation' and/or device 'xc7z020'
INFO: [Common 17-349] Got license for feature 'Implementation' and/or device 'xc7z020'
INFO: [DRC 23-27] Running DRC with 2 threads
INFO: [Vivado_Tcl 4-198] DRC finished with 0 Errors
INFO: [Vivado_Tcl 4-199] Please refer to the DRC report (report_drc) for more information.
Running DRC as a precondition to command place_design
INFO: [DRC 23-27] Running DRC with 2 threads
INFO: [Vivado_Tcl 4-198] DRC finished with 0 Errors
INFO: [Vivado_Tcl 4-199] Please refer to the DRC report (report_drc) for more information.

Starting Placer Task
INFO: [Place 30-611] Multithreading enabled for place_design using a maximum of 2 CPUs

Phase 1 Placer Initialization

Phase 1.1 Placer Initialization Netlist Sorting
Netlist sorting complete. Time (s): cpu = 00:00:00 ; elapsed = 00:00:00 . Memory (MB): peak = 1781.199 ; gain = 0.000
Phase 1.1 Placer Initialization Netlist Sorting | Checksum: a0c15950

Time (s): cpu = 00:00:00 ; elapsed = 00:00:00.012 . Memory (MB): peak = 1781.199 ; gain = 0.000
Netlist sorting complete. Time (s): cpu = 00:00:00 ; elapsed = 00:00:00.001 . Memory (MB): peak = 1781.199 ; gain = 0.000

Phase 1.2 IO Placement/ Clock Placement/ Build Placer Device
WARNING: [Place 30-568] A LUT 'U2/outp' is driving clock pin of 3 registers. This could lead to large hold time violations. First few involved registers are:
	U3/FSM_sequential_present_state_reg[1] {FDCE}
	U3/FSM_sequential_present_state_reg[0] {FDCE}
	U3/FSM_sequential_present_state_reg[2] {FDCE}
Phase 1.2 IO Placement/ Clock Placement/ Build Placer Device | Checksum: 19e5b2076

Time (s): cpu = 00:00:00 ; elapsed = 00:00:00.333 . Memory (MB): peak = 1781.199 ; gain = 0.000

Phase 1.3 Build Placer Netlist Model
Phase 1.3 Build Placer Netlist Model | Checksum: 278a134ea

Time (s): cpu = 00:00:00 ; elapsed = 00:00:00.381 . Memory (MB): peak = 1781.199 ; gain = 0.000

Phase 1.4 Constrain Clocks/Macros
Phase 1.4 Constrain Clocks/Macros | Checksum: 278a134ea

Time (s): cpu = 00:00:00 ; elapsed = 00:00:00.384 . Memory (MB): peak = 1781.199 ; gain = 0.000
Phase 1 Placer Initialization | Checksum: 278a134ea

Time (s): cpu = 00:00:00 ; elapsed = 00:00:00.391 . Memory (MB): peak = 1781.199 ; gain = 0.000

Phase 2 Global Placement

Phase 2.1 Floorplanning
Phase 2.1 Floorplanning | Checksum: 278a134ea

Time (s): cpu = 00:00:00 ; elapsed = 00:00:00.401 . Memory (MB): peak = 1781.199 ; gain = 0.000

Phase 2.2 Update Timing before SLR Path Opt
Phase 2.2 Update Timing before SLR Path Opt | Checksum: 278a134ea

Time (s): cpu = 00:00:00 ; elapsed = 00:00:00.402 . Memory (MB): peak = 1781.199 ; gain = 0.000

Phase 2.3 Post-Processing in Floorplanning
Phase 2.3 Post-Processing in Floorplanning | Checksum: 278a134ea

Time (s): cpu = 00:00:00 ; elapsed = 00:00:00.403 . Memory (MB): peak = 1781.199 ; gain = 0.000

Phase 2.4 Global Placement Core
WARNING: [Place 46-29] place_design is not in timing mode. Skip physical synthesis in placer
Phase 2.4 Global Placement Core | Checksum: 23474c361

Time (s): cpu = 00:00:02 ; elapsed = 00:00:01 . Memory (MB): peak = 1781.199 ; gain = 0.000
Phase 2 Global Placement | Checksum: 23474c361

Time (s): cpu = 00:00:02 ; elapsed = 00:00:01 . Memory (MB): peak = 1781.199 ; gain = 0.000

Phase 3 Detail Placement

Phase 3.1 Commit Multi Column Macros
Phase 3.1 Commit Multi Column Macros | Checksum: 23474c361

Time (s): cpu = 00:00:02 ; elapsed = 00:00:01 . Memory (MB): peak = 1781.199 ; gain = 0.000

Phase 3.2 Commit Most Macros & LUTRAMs
Phase 3.2 Commit Most Macros & LUTRAMs | Checksum: 1a8b640b7

Time (s): cpu = 00:00:02 ; elapsed = 00:00:01 . Memory (MB): peak = 1781.199 ; gain = 0.000

Phase 3.3 Area Swap Optimization
Phase 3.3 Area Swap Optimization | Checksum: 21a4ad9f4

Time (s): cpu = 00:00:02 ; elapsed = 00:00:01 . Memory (MB): peak = 1781.199 ; gain = 0.000

Phase 3.4 Pipeline Register Optimization
Phase 3.4 Pipeline Register Optimization | Checksum: 21a4ad9f4

Time (s): cpu = 00:00:02 ; elapsed = 00:00:01 . Memory (MB): peak = 1781.199 ; gain = 0.000

Phase 3.5 Small Shape Detail Placement
Phase 3.5 Small Shape Detail Placement | Checksum: 214f48fa3

Time (s): cpu = 00:00:02 ; elapsed = 00:00:01 . Memory (MB): peak = 1781.199 ; gain = 0.000

Phase 3.6 Re-assign LUT pins
Phase 3.6 Re-assign LUT pins | Checksum: 214f48fa3

Time (s): cpu = 00:00:02 ; elapsed = 00:00:01 . Memory (MB): peak = 1781.199 ; gain = 0.000

Phase 3.7 Pipeline Register Optimization
Phase 3.7 Pipeline Register Optimization | Checksum: 214f48fa3

Time (s): cpu = 00:00:02 ; elapsed = 00:00:01 . Memory (MB): peak = 1781.199 ; gain = 0.000
Phase 3 Detail Placement | Checksum: 214f48fa3

Time (s): cpu = 00:00:02 ; elapsed = 00:00:01 . Memory (MB): peak = 1781.199 ; gain = 0.000

Phase 4 Post Placement Optimization and Clean-Up

Phase 4.1 Post Commit Optimization
Phase 4.1 Post Commit Optimization | Checksum: 214f48fa3

Time (s): cpu = 00:00:02 ; elapsed = 00:00:01 . Memory (MB): peak = 1781.199 ; gain = 0.000

Phase 4.2 Post Placement Cleanup
Phase 4.2 Post Placement Cleanup | Checksum: 214f48fa3

Time (s): cpu = 00:00:02 ; elapsed = 00:00:01 . Memory (MB): peak = 1781.199 ; gain = 0.000

Phase 4.3 Placer Reporting

Phase 4.3.1 Print Estimated Congestion
INFO: [Place 30-612] Post-Placement Estimated Congestion 
 ____________________________________________________
|           | Global Congestion | Short Congestion  |
| Direction | Region Size       | Region Size       |
|___________|___________________|___________________|
|      North|                1x1|                1x1|
|___________|___________________|___________________|
|      South|                1x1|                1x1|
|___________|___________________|___________________|
|       East|                1x1|                1x1|
|___________|___________________|___________________|
|       West|                1x1|                1x1|
|___________|___________________|___________________|

Phase 4.3.1 Print Estimated Congestion | Checksum: 214f48fa3

Time (s): cpu = 00:00:02 ; elapsed = 00:00:01 . Memory (MB): peak = 1781.199 ; gain = 0.000
Phase 4.3 Placer Reporting | Checksum: 214f48fa3

Time (s): cpu = 00:00:02 ; elapsed = 00:00:01 . Memory (MB): peak = 1781.199 ; gain = 0.000

Phase 4.4 Final Placement Cleanup
Netlist sorting complete. Time (s): cpu = 00:00:00 ; elapsed = 00:00:00.001 . Memory (MB): peak = 1781.199 ; gain = 0.000

Time (s): cpu = 00:00:02 ; elapsed = 00:00:01 . Memory (MB): peak = 1781.199 ; gain = 0.000
Phase 4 Post Placement Optimization and Clean-Up | Checksum: 1f419eb43

Time (s): cpu = 00:00:02 ; elapsed = 00:00:01 . Memory (MB): peak = 1781.199 ; gain = 0.000
Ending Placer Task | Checksum: 188775421

Time (s): cpu = 00:00:02 ; elapsed = 00:00:01 . Memory (MB): peak = 1781.199 ; gain = 0.000
INFO: [Common 17-83] Releasing license: Implementation
44 Infos, 4 Warnings, 2 Critical Warnings and 0 Errors encountered.
place_design completed successfully
INFO: [Timing 38-480] Writing timing data to binary archive.
Writing XDEF routing.
Writing XDEF routing logical nets.
Writing XDEF routing special nets.
Write XDEF Complete: Time (s): cpu = 00:00:00 ; elapsed = 00:00:00.042 . Memory (MB): peak = 1781.199 ; gain = 0.000
INFO: [Common 17-1381] The checkpoint 'F:/MastersProgram/ECE6740/Labs/Lab2/SeqClass/SeqDet/SeqDet.runs/impl_1/seqdeta_top_placed.dcp' has been generated.
INFO: [runtcl-4] Executing : report_io -file seqdeta_top_io_placed.rpt
report_io: Time (s): cpu = 00:00:00 ; elapsed = 00:00:00.048 . Memory (MB): peak = 1781.199 ; gain = 0.000
INFO: [runtcl-4] Executing : report_utilization -file seqdeta_top_utilization_placed.rpt -pb seqdeta_top_utilization_placed.pb
INFO: [runtcl-4] Executing : report_control_sets -verbose -file seqdeta_top_control_sets_placed.rpt
report_control_sets: Time (s): cpu = 00:00:00 ; elapsed = 00:00:00.001 . Memory (MB): peak = 1781.199 ; gain = 0.000
Command: phys_opt_design
Attempting to get a license for feature 'Implementation' and/or device 'xc7z020'
INFO: [Common 17-349] Got license for feature 'Implementation' and/or device 'xc7z020'
INFO: [Vivado_Tcl 4-235] No timing constraint found. The netlist was not modified.
INFO: [Common 17-83] Releasing license: Implementation
52 Infos, 4 Warnings, 2 Critical Warnings and 0 Errors encountered.
phys_opt_design completed successfully
INFO: [Timing 38-480] Writing timing data to binary archive.
Writing XDEF routing.
Writing XDEF routing logical nets.
Writing XDEF routing special nets.
Write XDEF Complete: Time (s): cpu = 00:00:00 ; elapsed = 00:00:00.040 . Memory (MB): peak = 1782.906 ; gain = 1.707
INFO: [Common 17-1381] The checkpoint 'F:/MastersProgram/ECE6740/Labs/Lab2/SeqClass/SeqDet/SeqDet.runs/impl_1/seqdeta_top_physopt.dcp' has been generated.
Command: route_design
Attempting to get a license for feature 'Implementation' and/or device 'xc7z020'
INFO: [Common 17-349] Got license for feature 'Implementation' and/or device 'xc7z020'
Running DRC as a precondition to command route_design
INFO: [DRC 23-27] Running DRC with 2 threads
INFO: [Vivado_Tcl 4-198] DRC finished with 0 Errors
INFO: [Vivado_Tcl 4-199] Please refer to the DRC report (report_drc) for more information.


Starting Routing Task
INFO: [Route 35-254] Multithreading enabled for route_design using a maximum of 2 CPUs

Phase 1 Build RT Design
Checksum: PlaceDB: e7b5fad1 ConstDB: 0 ShapeSum: a0c15950 RouteDB: 0
Post Restoration Checksum: NetGraph: 347f6b5 NumContArr: dd8195e1 Constraints: 0 Timing: 0
Phase 1 Build RT Design | Checksum: e0c98c96

Time (s): cpu = 00:00:27 ; elapsed = 00:00:24 . Memory (MB): peak = 1880.223 ; gain = 88.160

Phase 2 Router Initialization
INFO: [Route 35-64] No timing constraints were detected. The router will operate in resource-optimization mode.

Phase 2.1 Fix Topology Constraints
Phase 2.1 Fix Topology Constraints | Checksum: e0c98c96

Time (s): cpu = 00:00:27 ; elapsed = 00:00:24 . Memory (MB): peak = 1886.797 ; gain = 94.734

Phase 2.2 Pre Route Cleanup
Phase 2.2 Pre Route Cleanup | Checksum: e0c98c96

Time (s): cpu = 00:00:27 ; elapsed = 00:00:24 . Memory (MB): peak = 1886.797 ; gain = 94.734
 Number of Nodes with overlaps = 0

Router Utilization Summary
  Global Vertical Routing Utilization    = 0 %
  Global Horizontal Routing Utilization  = 0 %
  Routable Net Status*
  *Does not include unroutable nets such as driverless and loadless.
  Run report_route_status for detailed report.
  Number of Failed Nets               = 20
    (Failed Nets is the sum of unrouted and partially routed nets)
  Number of Unrouted Nets             = 20
  Number of Partially Routed Nets     = 0
  Number of Node Overlaps             = 0

Phase 2 Router Initialization | Checksum: 8c51fb9a

Time (s): cpu = 00:00:27 ; elapsed = 00:00:24 . Memory (MB): peak = 1900.965 ; gain = 108.902

Phase 3 Initial Routing

Phase 3.1 Global Routing
Phase 3.1 Global Routing | Checksum: 8c51fb9a

Time (s): cpu = 00:00:27 ; elapsed = 00:00:24 . Memory (MB): peak = 1900.965 ; gain = 108.902
Phase 3 Initial Routing | Checksum: 1088847d2

Time (s): cpu = 00:00:27 ; elapsed = 00:00:25 . Memory (MB): peak = 1900.965 ; gain = 108.902

Phase 4 Rip-up And Reroute

Phase 4.1 Global Iteration 0
 Number of Nodes with overlaps = 0
Phase 4.1 Global Iteration 0 | Checksum: c47f1590

Time (s): cpu = 00:00:27 ; elapsed = 00:00:25 . Memory (MB): peak = 1900.965 ; gain = 108.902
Phase 4 Rip-up And Reroute | Checksum: c47f1590

Time (s): cpu = 00:00:27 ; elapsed = 00:00:25 . Memory (MB): peak = 1900.965 ; gain = 108.902

Phase 5 Delay and Skew Optimization
Phase 5 Delay and Skew Optimization | Checksum: c47f1590

Time (s): cpu = 00:00:27 ; elapsed = 00:00:25 . Memory (MB): peak = 1900.965 ; gain = 108.902

Phase 6 Post Hold Fix

Phase 6.1 Hold Fix Iter
Phase 6.1 Hold Fix Iter | Checksum: c47f1590

Time (s): cpu = 00:00:27 ; elapsed = 00:00:25 . Memory (MB): peak = 1900.965 ; gain = 108.902
Phase 6 Post Hold Fix | Checksum: c47f1590

Time (s): cpu = 00:00:27 ; elapsed = 00:00:25 . Memory (MB): peak = 1900.965 ; gain = 108.902

Phase 7 Route finalize

Router Utilization Summary
  Global Vertical Routing Utilization    = 0.000880191 %
  Global Horizontal Routing Utilization  = 0.00219743 %
  Routable Net Status*
  *Does not include unroutable nets such as driverless and loadless.
  Run report_route_status for detailed report.
  Number of Failed Nets               = 0
    (Failed Nets is the sum of unrouted and partially routed nets)
  Number of Unrouted Nets             = 0
  Number of Partially Routed Nets     = 0
  Number of Node Overlaps             = 0

Congestion Report
North Dir 1x1 Area, Max Cong = 2.7027%, No Congested Regions.
South Dir 1x1 Area, Max Cong = 3.6036%, No Congested Regions.
East Dir 1x1 Area, Max Cong = 7.35294%, No Congested Regions.
West Dir 1x1 Area, Max Cong = 8.82353%, No Congested Regions.

------------------------------
Reporting congestion hotspots
------------------------------
Direction: North
----------------
Congested clusters found at Level 0
Effective congestion level: 0 Aspect Ratio: 1 Sparse Ratio: 0
Direction: South
----------------
Congested clusters found at Level 0
Effective congestion level: 0 Aspect Ratio: 1 Sparse Ratio: 0
Direction: East
----------------
Congested clusters found at Level 0
Effective congestion level: 0 Aspect Ratio: 1 Sparse Ratio: 0
Direction: West
----------------
Congested clusters found at Level 0
Effective congestion level: 0 Aspect Ratio: 1 Sparse Ratio: 0

Phase 7 Route finalize | Checksum: c47f1590

Time (s): cpu = 00:00:27 ; elapsed = 00:00:25 . Memory (MB): peak = 1900.965 ; gain = 108.902

Phase 8 Verifying routed nets

 Verification completed successfully
Phase 8 Verifying routed nets | Checksum: c47f1590

Time (s): cpu = 00:00:27 ; elapsed = 00:00:25 . Memory (MB): peak = 1900.965 ; gain = 108.902

Phase 9 Depositing Routes
Phase 9 Depositing Routes | Checksum: 1430f42b6

Time (s): cpu = 00:00:27 ; elapsed = 00:00:25 . Memory (MB): peak = 1900.965 ; gain = 108.902
INFO: [Route 35-16] Router Completed Successfully

Time (s): cpu = 00:00:27 ; elapsed = 00:00:25 . Memory (MB): peak = 1900.965 ; gain = 108.902

Routing Is Done.
INFO: [Common 17-83] Releasing license: Implementation
62 Infos, 4 Warnings, 2 Critical Warnings and 0 Errors encountered.
route_design completed successfully
route_design: Time (s): cpu = 00:00:28 ; elapsed = 00:00:25 . Memory (MB): peak = 1900.965 ; gain = 118.059
INFO: [Timing 38-480] Writing timing data to binary archive.
Writing XDEF routing.
Writing XDEF routing logical nets.
Writing XDEF routing special nets.
Write XDEF Complete: Time (s): cpu = 00:00:00 ; elapsed = 00:00:00.040 . Memory (MB): peak = 1911.605 ; gain = 10.641
INFO: [Common 17-1381] The checkpoint 'F:/MastersProgram/ECE6740/Labs/Lab2/SeqClass/SeqDet/SeqDet.runs/impl_1/seqdeta_top_routed.dcp' has been generated.
INFO: [runtcl-4] Executing : report_drc -file seqdeta_top_drc_routed.rpt -pb seqdeta_top_drc_routed.pb -rpx seqdeta_top_drc_routed.rpx
Command: report_drc -file seqdeta_top_drc_routed.rpt -pb seqdeta_top_drc_routed.pb -rpx seqdeta_top_drc_routed.rpx
INFO: [IP_Flow 19-1839] IP Catalog is up to date.
INFO: [DRC 23-27] Running DRC with 2 threads
INFO: [Vivado_Tcl 2-168] The results of DRC are in file F:/MastersProgram/ECE6740/Labs/Lab2/SeqClass/SeqDet/SeqDet.runs/impl_1/seqdeta_top_drc_routed.rpt.
report_drc completed successfully
INFO: [runtcl-4] Executing : report_methodology -file seqdeta_top_methodology_drc_routed.rpt -pb seqdeta_top_methodology_drc_routed.pb -rpx seqdeta_top_methodology_drc_routed.rpx
Command: report_methodology -file seqdeta_top_methodology_drc_routed.rpt -pb seqdeta_top_methodology_drc_routed.pb -rpx seqdeta_top_methodology_drc_routed.rpx
INFO: [Timing 38-35] Done setting XDC timing constraints.
INFO: [DRC 23-133] Running Methodology with 2 threads
INFO: [Vivado_Tcl 2-1520] The results of Report Methodology are in file F:/MastersProgram/ECE6740/Labs/Lab2/SeqClass/SeqDet/SeqDet.runs/impl_1/seqdeta_top_methodology_drc_routed.rpt.
report_methodology completed successfully
INFO: [runtcl-4] Executing : report_power -file seqdeta_top_power_routed.rpt -pb seqdeta_top_power_summary_routed.pb -rpx seqdeta_top_power_routed.rpx
Command: report_power -file seqdeta_top_power_routed.rpt -pb seqdeta_top_power_summary_routed.pb -rpx seqdeta_top_power_routed.rpx
INFO: [Timing 38-35] Done setting XDC timing constraints.
WARNING: [Power 33-232] No user defined clocks were found in the design! Power estimation will be inaccurate until this is corrected.
Resolution: Please specify clocks using create_clock/create_generated_clock for sequential elements. For pure combinatorial circuits, please specify a virtual clock, otherwise the vectorless estimation might be inaccurate
Running Vector-less Activity Propagation...

Finished Running Vector-less Activity Propagation
74 Infos, 5 Warnings, 2 Critical Warnings and 0 Errors encountered.
report_power completed successfully
INFO: [runtcl-4] Executing : report_route_status -file seqdeta_top_route_status.rpt -pb seqdeta_top_route_status.pb
INFO: [runtcl-4] Executing : report_timing_summary -max_paths 10 -report_unconstrained -file seqdeta_top_timing_summary_routed.rpt -pb seqdeta_top_timing_summary_routed.pb -rpx seqdeta_top_timing_summary_routed.rpx -warn_on_violation 
INFO: [Timing 38-91] UpdateTimingParams: Speed grade: -1, Delay Type: min_max.
INFO: [Timing 38-191] Multithreading enabled for timing update using a maximum of 2 CPUs
WARNING: [Timing 38-313] There are no user specified timing constraints. Timing constraints are needed for proper timing analysis.
INFO: [runtcl-4] Executing : report_incremental_reuse -file seqdeta_top_incremental_reuse_routed.rpt
INFO: [Vivado_Tcl 4-1062] Incremental flow is disabled. No incremental reuse Info to report.
INFO: [runtcl-4] Executing : report_clock_utilization -file seqdeta_top_clock_utilization_routed.rpt
INFO: [runtcl-4] Executing : report_bus_skew -warn_on_violation -file seqdeta_top_bus_skew_routed.rpt -pb seqdeta_top_bus_skew_routed.pb -rpx seqdeta_top_bus_skew_routed.rpx
INFO: [Timing 38-91] UpdateTimingParams: Speed grade: -1, Delay Type: min_max.
INFO: [Timing 38-191] Multithreading enabled for timing update using a maximum of 2 CPUs
INFO: [Common 17-206] Exiting Vivado at Wed Jan 31 20:07:21 2024...
