
*** Running vivado
    with args -log uart_bd_Lab1_Axi_Addr_Combo_0_0.vds -m64 -product Vivado -mode batch -messageDb vivado.pb -notrace -source uart_bd_Lab1_Axi_Addr_Combo_0_0.tcl



****** Vivado v2022.1 (64-bit)
  **** SW Build 3526262 on Mon Apr 18 15:48:16 MDT 2022
  **** IP Build 3524634 on Mon Apr 18 20:55:01 MDT 2022
    ** Copyright 1986-2022 Xilinx, Inc. All Rights Reserved.

source uart_bd_Lab1_Axi_Addr_Combo_0_0.tcl -notrace
INFO: [IP_Flow 19-234] Refreshing IP repositories
INFO: [IP_Flow 19-1700] Loaded user IP repository 'f:/MastersProgram/ECE6740/IPRepo'.
INFO: [IP_Flow 19-2313] Loaded Vivado IP repository 'F:/Xilinx/Vivado/2022.1/data/ip'.
Command: synth_design -top uart_bd_Lab1_Axi_Addr_Combo_0_0 -part xc7z020clg400-1 -incremental_mode off -mode out_of_context
Starting synth_design
Attempting to get a license for feature 'Synthesis' and/or device 'xc7z020'
INFO: [Common 17-349] Got license for feature 'Synthesis' and/or device 'xc7z020'
INFO: [Device 21-403] Loading part xc7z020clg400-1
INFO: [Synth 8-7079] Multithreading enabled for synth_design using a maximum of 2 processes.
INFO: [Synth 8-7078] Launching helper process for spawning children vivado processes
INFO: [Synth 8-7075] Helper process launched with PID 6680
---------------------------------------------------------------------------------
Starting RTL Elaboration : Time (s): cpu = 00:00:06 ; elapsed = 00:00:06 . Memory (MB): peak = 1275.691 ; gain = 0.000
---------------------------------------------------------------------------------
INFO: [Synth 8-638] synthesizing module 'uart_bd_Lab1_Axi_Addr_Combo_0_0' [f:/MastersProgram/ECE6740/Labs/Lab1/PartA/Lab1/Lab1.gen/sources_1/bd/uart_bd/ip/uart_bd_Lab1_Axi_Addr_Combo_0_0/synth/uart_bd_Lab1_Axi_Addr_Combo_0_0.vhd:64]
INFO: [Synth 8-3491] module 'axi_addr_wrapper' declared at 'f:/MastersProgram/ECE6740/Labs/Lab1/PartA/Lab1/Lab1.gen/sources_1/bd/uart_bd/ipshared/5511/src/axi_addr_wrapper.vhd:14' bound to instance 'U0' of component 'axi_addr_wrapper' [f:/MastersProgram/ECE6740/Labs/Lab1/PartA/Lab1/Lab1.gen/sources_1/bd/uart_bd/ip/uart_bd_Lab1_Axi_Addr_Combo_0_0/synth/uart_bd_Lab1_Axi_Addr_Combo_0_0.vhd:89]
INFO: [Synth 8-638] synthesizing module 'axi_addr_wrapper' [f:/MastersProgram/ECE6740/Labs/Lab1/PartA/Lab1/Lab1.gen/sources_1/bd/uart_bd/ipshared/5511/src/axi_addr_wrapper.vhd:22]
INFO: [Synth 8-3491] module 'axi_addr' declared at 'f:/MastersProgram/ECE6740/Labs/Lab1/PartA/Lab1/Lab1.gen/sources_1/bd/uart_bd/ipshared/5511/src/axi_addr.vhd:14' bound to instance 'axi_addr_i' of component 'axi_addr' [f:/MastersProgram/ECE6740/Labs/Lab1/PartA/Lab1/Lab1.gen/sources_1/bd/uart_bd/ipshared/5511/src/axi_addr_wrapper.vhd:31]
INFO: [Synth 8-638] synthesizing module 'axi_addr' [f:/MastersProgram/ECE6740/Labs/Lab1/PartA/Lab1/Lab1.gen/sources_1/bd/uart_bd/ipshared/5511/src/axi_addr.vhd:26]
INFO: [Synth 8-3491] module 'axi_addr_Lab1_AxiInterface_Ad_0_0' declared at 'f:/MastersProgram/ECE6740/Labs/Lab1/PartA/Lab1/Lab1.gen/sources_1/bd/uart_bd/ip/uart_bd_Lab1_Axi_Addr_Combo_0_0/src/axi_addr_Lab1_AxiInterface_Ad_0_0/synth/axi_addr_Lab1_AxiInterface_Ad_0_0.vhd:56' bound to instance 'Lab1_AxiInterface_Ad_0' of component 'axi_addr_Lab1_AxiInterface_Ad_0_0' [f:/MastersProgram/ECE6740/Labs/Lab1/PartA/Lab1/Lab1.gen/sources_1/bd/uart_bd/ipshared/5511/src/axi_addr.vhd:110]
INFO: [Synth 8-638] synthesizing module 'axi_addr_Lab1_AxiInterface_Ad_0_0' [f:/MastersProgram/ECE6740/Labs/Lab1/PartA/Lab1/Lab1.gen/sources_1/bd/uart_bd/ip/uart_bd_Lab1_Axi_Addr_Combo_0_0/src/axi_addr_Lab1_AxiInterface_Ad_0_0/synth/axi_addr_Lab1_AxiInterface_Ad_0_0.vhd:85]
	Parameter C_S00_AXI_DATA_WIDTH bound to: 32 - type: integer 
	Parameter C_S00_AXI_ADDR_WIDTH bound to: 4 - type: integer 
INFO: [Synth 8-3491] module 'Lab1_AxiInterface_Adder_v1_0' declared at 'f:/MastersProgram/ECE6740/Labs/Lab1/PartA/Lab1/Lab1.gen/sources_1/bd/uart_bd/ip/uart_bd_Lab1_Axi_Addr_Combo_0_0/src/axi_addr_Lab1_AxiInterface_Ad_0_0/hdl/Lab1_AxiInterface_Adder_v1_0.vhd:5' bound to instance 'U0' of component 'Lab1_AxiInterface_Adder_v1_0' [f:/MastersProgram/ECE6740/Labs/Lab1/PartA/Lab1/Lab1.gen/sources_1/bd/uart_bd/ip/uart_bd_Lab1_Axi_Addr_Combo_0_0/src/axi_addr_Lab1_AxiInterface_Ad_0_0/synth/axi_addr_Lab1_AxiInterface_Ad_0_0.vhd:154]
INFO: [Synth 8-638] synthesizing module 'Lab1_AxiInterface_Adder_v1_0' [f:/MastersProgram/ECE6740/Labs/Lab1/PartA/Lab1/Lab1.gen/sources_1/bd/uart_bd/ip/uart_bd_Lab1_Axi_Addr_Combo_0_0/src/axi_addr_Lab1_AxiInterface_Ad_0_0/hdl/Lab1_AxiInterface_Adder_v1_0.vhd:51]
	Parameter C_S_AXI_DATA_WIDTH bound to: 32 - type: integer 
	Parameter C_S_AXI_ADDR_WIDTH bound to: 4 - type: integer 
INFO: [Synth 8-3491] module 'Lab1_AxiInterface_Adder_v1_0_S00_AXI' declared at 'f:/MastersProgram/ECE6740/Labs/Lab1/PartA/Lab1/Lab1.gen/sources_1/bd/uart_bd/ip/uart_bd_Lab1_Axi_Addr_Combo_0_0/src/axi_addr_Lab1_AxiInterface_Ad_0_0/hdl/Lab1_AxiInterface_Adder_v1_0_S00_AXI.vhd:5' bound to instance 'Lab1_AxiInterface_Adder_v1_0_S00_AXI_inst' of component 'Lab1_AxiInterface_Adder_v1_0_S00_AXI' [f:/MastersProgram/ECE6740/Labs/Lab1/PartA/Lab1/Lab1.gen/sources_1/bd/uart_bd/ip/uart_bd_Lab1_Axi_Addr_Combo_0_0/src/axi_addr_Lab1_AxiInterface_Ad_0_0/hdl/Lab1_AxiInterface_Adder_v1_0.vhd:90]
INFO: [Synth 8-638] synthesizing module 'Lab1_AxiInterface_Adder_v1_0_S00_AXI' [f:/MastersProgram/ECE6740/Labs/Lab1/PartA/Lab1/Lab1.gen/sources_1/bd/uart_bd/ip/uart_bd_Lab1_Axi_Addr_Combo_0_0/src/axi_addr_Lab1_AxiInterface_Ad_0_0/hdl/Lab1_AxiInterface_Adder_v1_0_S00_AXI.vhd:88]
INFO: [Synth 8-226] default block is never used [f:/MastersProgram/ECE6740/Labs/Lab1/PartA/Lab1/Lab1.gen/sources_1/bd/uart_bd/ip/uart_bd_Lab1_Axi_Addr_Combo_0_0/src/axi_addr_Lab1_AxiInterface_Ad_0_0/hdl/Lab1_AxiInterface_Adder_v1_0_S00_AXI.vhd:226]
INFO: [Synth 8-226] default block is never used [f:/MastersProgram/ECE6740/Labs/Lab1/PartA/Lab1/Lab1.gen/sources_1/bd/uart_bd/ip/uart_bd_Lab1_Axi_Addr_Combo_0_0/src/axi_addr_Lab1_AxiInterface_Ad_0_0/hdl/Lab1_AxiInterface_Adder_v1_0_S00_AXI.vhd:356]
WARNING: [Synth 8-614] signal 'R_ADDR_SUM' is read in the process but is not in the sensitivity list [f:/MastersProgram/ECE6740/Labs/Lab1/PartA/Lab1/Lab1.gen/sources_1/bd/uart_bd/ip/uart_bd_Lab1_Axi_Addr_Combo_0_0/src/axi_addr_Lab1_AxiInterface_Ad_0_0/hdl/Lab1_AxiInterface_Adder_v1_0_S00_AXI.vhd:351]
INFO: [Synth 8-256] done synthesizing module 'Lab1_AxiInterface_Adder_v1_0_S00_AXI' (0#1) [f:/MastersProgram/ECE6740/Labs/Lab1/PartA/Lab1/Lab1.gen/sources_1/bd/uart_bd/ip/uart_bd_Lab1_Axi_Addr_Combo_0_0/src/axi_addr_Lab1_AxiInterface_Ad_0_0/hdl/Lab1_AxiInterface_Adder_v1_0_S00_AXI.vhd:88]
INFO: [Synth 8-256] done synthesizing module 'Lab1_AxiInterface_Adder_v1_0' (0#1) [f:/MastersProgram/ECE6740/Labs/Lab1/PartA/Lab1/Lab1.gen/sources_1/bd/uart_bd/ip/uart_bd_Lab1_Axi_Addr_Combo_0_0/src/axi_addr_Lab1_AxiInterface_Ad_0_0/hdl/Lab1_AxiInterface_Adder_v1_0.vhd:51]
INFO: [Synth 8-256] done synthesizing module 'axi_addr_Lab1_AxiInterface_Ad_0_0' (0#1) [f:/MastersProgram/ECE6740/Labs/Lab1/PartA/Lab1/Lab1.gen/sources_1/bd/uart_bd/ip/uart_bd_Lab1_Axi_Addr_Combo_0_0/src/axi_addr_Lab1_AxiInterface_Ad_0_0/synth/axi_addr_Lab1_AxiInterface_Ad_0_0.vhd:85]
INFO: [Synth 8-3491] module 'axi_addr_c_addsub_0_0' declared at 'f:/MastersProgram/ECE6740/Labs/Lab1/PartA/Lab1/Lab1.gen/sources_1/bd/uart_bd/ip/uart_bd_Lab1_Axi_Addr_Combo_0_0/src/axi_addr_c_addsub_0_0/synth/axi_addr_c_addsub_0_0.vhd:59' bound to instance 'c_addsub_0' of component 'axi_addr_c_addsub_0_0' [f:/MastersProgram/ECE6740/Labs/Lab1/PartA/Lab1/Lab1.gen/sources_1/bd/uart_bd/ipshared/5511/src/axi_addr.vhd:137]
INFO: [Synth 8-638] synthesizing module 'axi_addr_c_addsub_0_0' [f:/MastersProgram/ECE6740/Labs/Lab1/PartA/Lab1/Lab1.gen/sources_1/bd/uart_bd/ip/uart_bd_Lab1_Axi_Addr_Combo_0_0/src/axi_addr_c_addsub_0_0/synth/axi_addr_c_addsub_0_0.vhd:69]
	Parameter C_VERBOSITY bound to: 0 - type: integer 
	Parameter C_XDEVICEFAMILY bound to: zynq - type: string 
	Parameter C_IMPLEMENTATION bound to: 0 - type: integer 
	Parameter C_A_WIDTH bound to: 32 - type: integer 
	Parameter C_B_WIDTH bound to: 32 - type: integer 
	Parameter C_OUT_WIDTH bound to: 32 - type: integer 
	Parameter C_CE_OVERRIDES_SCLR bound to: 0 - type: integer 
	Parameter C_A_TYPE bound to: 0 - type: integer 
	Parameter C_B_TYPE bound to: 0 - type: integer 
	Parameter C_LATENCY bound to: 1 - type: integer 
	Parameter C_ADD_MODE bound to: 0 - type: integer 
	Parameter C_B_CONSTANT bound to: 0 - type: integer 
	Parameter C_B_VALUE bound to: 00000000000000000000000000000000 - type: string 
	Parameter C_AINIT_VAL bound to: 0 - type: string 
	Parameter C_SINIT_VAL bound to: 0 - type: string 
	Parameter C_CE_OVERRIDES_BYPASS bound to: 1 - type: integer 
	Parameter C_BYPASS_LOW bound to: 0 - type: integer 
	Parameter C_SCLR_OVERRIDES_SSET bound to: 1 - type: integer 
	Parameter C_HAS_C_IN bound to: 0 - type: integer 
	Parameter C_HAS_C_OUT bound to: 0 - type: integer 
	Parameter C_BORROW_LOW bound to: 1 - type: integer 
	Parameter C_HAS_CE bound to: 1 - type: integer 
	Parameter C_HAS_BYPASS bound to: 0 - type: integer 
	Parameter C_HAS_SCLR bound to: 0 - type: integer 
	Parameter C_HAS_SSET bound to: 0 - type: integer 
	Parameter C_HAS_SINIT bound to: 0 - type: integer 
INFO: [Synth 8-3491] module 'c_addsub_v12_0_14' declared at 'f:/MastersProgram/ECE6740/Labs/Lab1/PartA/Lab1/Lab1.gen/sources_1/bd/uart_bd/ip/uart_bd_Lab1_Axi_Addr_Combo_0_0/src/axi_addr_c_addsub_0_0/hdl/c_addsub_v12_0_vh_rfs.vhd:7026' bound to instance 'U0' of component 'c_addsub_v12_0_14' [f:/MastersProgram/ECE6740/Labs/Lab1/PartA/Lab1/Lab1.gen/sources_1/bd/uart_bd/ip/uart_bd_Lab1_Axi_Addr_Combo_0_0/src/axi_addr_c_addsub_0_0/synth/axi_addr_c_addsub_0_0.vhd:137]
INFO: [Synth 8-256] done synthesizing module 'axi_addr_c_addsub_0_0' (0#1) [f:/MastersProgram/ECE6740/Labs/Lab1/PartA/Lab1/Lab1.gen/sources_1/bd/uart_bd/ip/uart_bd_Lab1_Axi_Addr_Combo_0_0/src/axi_addr_c_addsub_0_0/synth/axi_addr_c_addsub_0_0.vhd:69]
INFO: [Synth 8-3491] module 'axi_addr_clk_wiz_0' declared at 'f:/MastersProgram/ECE6740/Labs/Lab1/PartA/Lab1/Lab1.gen/sources_1/bd/uart_bd/ip/uart_bd_Lab1_Axi_Addr_Combo_0_0/src/axi_addr_clk_wiz_0/axi_addr_clk_wiz_0.v:68' bound to instance 'clk_wiz' of component 'axi_addr_clk_wiz_0' [f:/MastersProgram/ECE6740/Labs/Lab1/PartA/Lab1/Lab1.gen/sources_1/bd/uart_bd/ipshared/5511/src/axi_addr.vhd:145]
INFO: [Synth 8-6157] synthesizing module 'axi_addr_clk_wiz_0' [f:/MastersProgram/ECE6740/Labs/Lab1/PartA/Lab1/Lab1.gen/sources_1/bd/uart_bd/ip/uart_bd_Lab1_Axi_Addr_Combo_0_0/src/axi_addr_clk_wiz_0/axi_addr_clk_wiz_0.v:68]
INFO: [Synth 8-6157] synthesizing module 'axi_addr_clk_wiz_0_clk_wiz' [f:/MastersProgram/ECE6740/Labs/Lab1/PartA/Lab1/Lab1.gen/sources_1/bd/uart_bd/ip/uart_bd_Lab1_Axi_Addr_Combo_0_0/src/axi_addr_clk_wiz_0/axi_addr_clk_wiz_0_clk_wiz.v:68]
INFO: [Synth 8-6157] synthesizing module 'IBUF' [F:/Xilinx/Vivado/2022.1/scripts/rt/data/unisim_comp.v:55203]
INFO: [Synth 8-6155] done synthesizing module 'IBUF' (0#1) [F:/Xilinx/Vivado/2022.1/scripts/rt/data/unisim_comp.v:55203]
INFO: [Synth 8-6157] synthesizing module 'MMCME2_ADV' [F:/Xilinx/Vivado/2022.1/scripts/rt/data/unisim_comp.v:63509]
INFO: [Synth 8-6155] done synthesizing module 'MMCME2_ADV' (0#1) [F:/Xilinx/Vivado/2022.1/scripts/rt/data/unisim_comp.v:63509]
INFO: [Synth 8-6157] synthesizing module 'BUFG' [F:/Xilinx/Vivado/2022.1/scripts/rt/data/unisim_comp.v:1082]
INFO: [Synth 8-6155] done synthesizing module 'BUFG' (0#1) [F:/Xilinx/Vivado/2022.1/scripts/rt/data/unisim_comp.v:1082]
INFO: [Synth 8-6155] done synthesizing module 'axi_addr_clk_wiz_0_clk_wiz' (0#1) [f:/MastersProgram/ECE6740/Labs/Lab1/PartA/Lab1/Lab1.gen/sources_1/bd/uart_bd/ip/uart_bd_Lab1_Axi_Addr_Combo_0_0/src/axi_addr_clk_wiz_0/axi_addr_clk_wiz_0_clk_wiz.v:68]
INFO: [Synth 8-6155] done synthesizing module 'axi_addr_clk_wiz_0' (0#1) [f:/MastersProgram/ECE6740/Labs/Lab1/PartA/Lab1/Lab1.gen/sources_1/bd/uart_bd/ip/uart_bd_Lab1_Axi_Addr_Combo_0_0/src/axi_addr_clk_wiz_0/axi_addr_clk_wiz_0.v:68]
INFO: [Synth 8-3491] module 'axi_addr_xlconstant_0_0' declared at 'f:/MastersProgram/ECE6740/Labs/Lab1/PartA/Lab1/Lab1.gen/sources_1/bd/uart_bd/ip/uart_bd_Lab1_Axi_Addr_Combo_0_0/src/axi_addr_xlconstant_0_0/synth/axi_addr_xlconstant_0_0.v:53' bound to instance 'xlconstant_0' of component 'axi_addr_xlconstant_0_0' [f:/MastersProgram/ECE6740/Labs/Lab1/PartA/Lab1/Lab1.gen/sources_1/bd/uart_bd/ipshared/5511/src/axi_addr.vhd:152]
INFO: [Synth 8-6157] synthesizing module 'axi_addr_xlconstant_0_0' [f:/MastersProgram/ECE6740/Labs/Lab1/PartA/Lab1/Lab1.gen/sources_1/bd/uart_bd/ip/uart_bd_Lab1_Axi_Addr_Combo_0_0/src/axi_addr_xlconstant_0_0/synth/axi_addr_xlconstant_0_0.v:53]
INFO: [Synth 8-6157] synthesizing module 'xlconstant_v1_1_7_xlconstant' [f:/MastersProgram/ECE6740/Labs/Lab1/PartA/Lab1/Lab1.gen/sources_1/bd/uart_bd/ip/uart_bd_Lab1_Axi_Addr_Combo_0_0/src/axi_addr_xlconstant_0_0/hdl/xlconstant_v1_1_vl_rfs.v:23]
INFO: [Synth 8-6155] done synthesizing module 'xlconstant_v1_1_7_xlconstant' (0#1) [f:/MastersProgram/ECE6740/Labs/Lab1/PartA/Lab1/Lab1.gen/sources_1/bd/uart_bd/ip/uart_bd_Lab1_Axi_Addr_Combo_0_0/src/axi_addr_xlconstant_0_0/hdl/xlconstant_v1_1_vl_rfs.v:23]
INFO: [Synth 8-6155] done synthesizing module 'axi_addr_xlconstant_0_0' (0#1) [f:/MastersProgram/ECE6740/Labs/Lab1/PartA/Lab1/Lab1.gen/sources_1/bd/uart_bd/ip/uart_bd_Lab1_Axi_Addr_Combo_0_0/src/axi_addr_xlconstant_0_0/synth/axi_addr_xlconstant_0_0.v:53]
INFO: [Synth 8-3491] module 'axi_addr_xlslice_0_0' declared at 'f:/MastersProgram/ECE6740/Labs/Lab1/PartA/Lab1/Lab1.gen/sources_1/bd/uart_bd/ip/uart_bd_Lab1_Axi_Addr_Combo_0_0/src/axi_addr_xlslice_0_0/synth/axi_addr_xlslice_0_0.v:53' bound to instance 'xlslice_0' of component 'axi_addr_xlslice_0_0' [f:/MastersProgram/ECE6740/Labs/Lab1/PartA/Lab1/Lab1.gen/sources_1/bd/uart_bd/ipshared/5511/src/axi_addr.vhd:156]
INFO: [Synth 8-6157] synthesizing module 'axi_addr_xlslice_0_0' [f:/MastersProgram/ECE6740/Labs/Lab1/PartA/Lab1/Lab1.gen/sources_1/bd/uart_bd/ip/uart_bd_Lab1_Axi_Addr_Combo_0_0/src/axi_addr_xlslice_0_0/synth/axi_addr_xlslice_0_0.v:53]
INFO: [Synth 8-6157] synthesizing module 'xlslice_v1_0_2_xlslice' [f:/MastersProgram/ECE6740/Labs/Lab1/PartA/Lab1/Lab1.gen/sources_1/bd/uart_bd/ip/uart_bd_Lab1_Axi_Addr_Combo_0_0/src/axi_addr_xlslice_0_0/hdl/xlslice_v1_0_vl_rfs.v:13]
INFO: [Synth 8-6155] done synthesizing module 'xlslice_v1_0_2_xlslice' (0#1) [f:/MastersProgram/ECE6740/Labs/Lab1/PartA/Lab1/Lab1.gen/sources_1/bd/uart_bd/ip/uart_bd_Lab1_Axi_Addr_Combo_0_0/src/axi_addr_xlslice_0_0/hdl/xlslice_v1_0_vl_rfs.v:13]
INFO: [Synth 8-6155] done synthesizing module 'axi_addr_xlslice_0_0' (0#1) [f:/MastersProgram/ECE6740/Labs/Lab1/PartA/Lab1/Lab1.gen/sources_1/bd/uart_bd/ip/uart_bd_Lab1_Axi_Addr_Combo_0_0/src/axi_addr_xlslice_0_0/synth/axi_addr_xlslice_0_0.v:53]
INFO: [Synth 8-256] done synthesizing module 'axi_addr' (0#1) [f:/MastersProgram/ECE6740/Labs/Lab1/PartA/Lab1/Lab1.gen/sources_1/bd/uart_bd/ipshared/5511/src/axi_addr.vhd:26]
INFO: [Synth 8-256] done synthesizing module 'axi_addr_wrapper' (0#1) [f:/MastersProgram/ECE6740/Labs/Lab1/PartA/Lab1/Lab1.gen/sources_1/bd/uart_bd/ipshared/5511/src/axi_addr_wrapper.vhd:22]
INFO: [Synth 8-256] done synthesizing module 'uart_bd_Lab1_Axi_Addr_Combo_0_0' (0#1) [f:/MastersProgram/ECE6740/Labs/Lab1/PartA/Lab1/Lab1.gen/sources_1/bd/uart_bd/ip/uart_bd_Lab1_Axi_Addr_Combo_0_0/synth/uart_bd_Lab1_Axi_Addr_Combo_0_0.vhd:64]
WARNING: [Synth 8-6014] Unused sequential element slv_reg2_reg was removed.  [f:/MastersProgram/ECE6740/Labs/Lab1/PartA/Lab1/Lab1.gen/sources_1/bd/uart_bd/ip/uart_bd_Lab1_Axi_Addr_Combo_0_0/src/axi_addr_Lab1_AxiInterface_Ad_0_0/hdl/Lab1_AxiInterface_Adder_v1_0_S00_AXI.vhd:221]
WARNING: [Synth 8-7129] Port Din[31] in module xlslice_v1_0_2_xlslice is either unconnected or has no load
WARNING: [Synth 8-7129] Port Din[30] in module xlslice_v1_0_2_xlslice is either unconnected or has no load
WARNING: [Synth 8-7129] Port Din[29] in module xlslice_v1_0_2_xlslice is either unconnected or has no load
WARNING: [Synth 8-7129] Port Din[28] in module xlslice_v1_0_2_xlslice is either unconnected or has no load
WARNING: [Synth 8-7129] Port Din[27] in module xlslice_v1_0_2_xlslice is either unconnected or has no load
WARNING: [Synth 8-7129] Port Din[26] in module xlslice_v1_0_2_xlslice is either unconnected or has no load
WARNING: [Synth 8-7129] Port Din[25] in module xlslice_v1_0_2_xlslice is either unconnected or has no load
WARNING: [Synth 8-7129] Port Din[24] in module xlslice_v1_0_2_xlslice is either unconnected or has no load
WARNING: [Synth 8-7129] Port Din[23] in module xlslice_v1_0_2_xlslice is either unconnected or has no load
WARNING: [Synth 8-7129] Port Din[22] in module xlslice_v1_0_2_xlslice is either unconnected or has no load
WARNING: [Synth 8-7129] Port Din[21] in module xlslice_v1_0_2_xlslice is either unconnected or has no load
WARNING: [Synth 8-7129] Port Din[20] in module xlslice_v1_0_2_xlslice is either unconnected or has no load
WARNING: [Synth 8-7129] Port Din[19] in module xlslice_v1_0_2_xlslice is either unconnected or has no load
WARNING: [Synth 8-7129] Port Din[18] in module xlslice_v1_0_2_xlslice is either unconnected or has no load
WARNING: [Synth 8-7129] Port Din[17] in module xlslice_v1_0_2_xlslice is either unconnected or has no load
WARNING: [Synth 8-7129] Port Din[16] in module xlslice_v1_0_2_xlslice is either unconnected or has no load
WARNING: [Synth 8-7129] Port Din[15] in module xlslice_v1_0_2_xlslice is either unconnected or has no load
WARNING: [Synth 8-7129] Port Din[14] in module xlslice_v1_0_2_xlslice is either unconnected or has no load
WARNING: [Synth 8-7129] Port Din[13] in module xlslice_v1_0_2_xlslice is either unconnected or has no load
WARNING: [Synth 8-7129] Port Din[12] in module xlslice_v1_0_2_xlslice is either unconnected or has no load
WARNING: [Synth 8-7129] Port Din[11] in module xlslice_v1_0_2_xlslice is either unconnected or has no load
WARNING: [Synth 8-7129] Port Din[10] in module xlslice_v1_0_2_xlslice is either unconnected or has no load
WARNING: [Synth 8-7129] Port Din[9] in module xlslice_v1_0_2_xlslice is either unconnected or has no load
WARNING: [Synth 8-7129] Port Din[8] in module xlslice_v1_0_2_xlslice is either unconnected or has no load
WARNING: [Synth 8-7129] Port Din[7] in module xlslice_v1_0_2_xlslice is either unconnected or has no load
WARNING: [Synth 8-7129] Port Din[6] in module xlslice_v1_0_2_xlslice is either unconnected or has no load
WARNING: [Synth 8-7129] Port Din[5] in module xlslice_v1_0_2_xlslice is either unconnected or has no load
WARNING: [Synth 8-7129] Port Din[4] in module xlslice_v1_0_2_xlslice is either unconnected or has no load
WARNING: [Synth 8-7129] Port AINIT in module c_reg_fd_v12_0_6_viv is either unconnected or has no load
WARNING: [Synth 8-7129] Port ACLR in module c_reg_fd_v12_0_6_viv is either unconnected or has no load
WARNING: [Synth 8-7129] Port ASET in module c_reg_fd_v12_0_6_viv is either unconnected or has no load
WARNING: [Synth 8-7129] Port SINIT in module c_reg_fd_v12_0_6_viv is either unconnected or has no load
WARNING: [Synth 8-7129] Port SCLR in module c_reg_fd_v12_0_6_viv is either unconnected or has no load
WARNING: [Synth 8-7129] Port SSET in module c_reg_fd_v12_0_6_viv is either unconnected or has no load
WARNING: [Synth 8-7129] Port add in module c_addsub_v12_0_14_lut6_legacy is either unconnected or has no load
WARNING: [Synth 8-7129] Port c_in in module c_addsub_v12_0_14_lut6_legacy is either unconnected or has no load
WARNING: [Synth 8-7129] Port bypass in module c_addsub_v12_0_14_lut6_legacy is either unconnected or has no load
WARNING: [Synth 8-7129] Port sclr in module c_addsub_v12_0_14_lut6_legacy is either unconnected or has no load
WARNING: [Synth 8-7129] Port sset in module c_addsub_v12_0_14_lut6_legacy is either unconnected or has no load
WARNING: [Synth 8-7129] Port sinit in module c_addsub_v12_0_14_lut6_legacy is either unconnected or has no load
WARNING: [Synth 8-7129] Port c_in in module c_addsub_v12_0_14_legacy is either unconnected or has no load
WARNING: [Synth 8-7129] Port b_in in module c_addsub_v12_0_14_legacy is either unconnected or has no load
WARNING: [Synth 8-7129] Port a_signed in module c_addsub_v12_0_14_legacy is either unconnected or has no load
WARNING: [Synth 8-7129] Port b_signed in module c_addsub_v12_0_14_legacy is either unconnected or has no load
WARNING: [Synth 8-7129] Port C_IN in module c_addsub_v12_0_14_viv is either unconnected or has no load
WARNING: [Synth 8-7129] Port S_AXI_AWPROT[2] in module Lab1_AxiInterface_Adder_v1_0_S00_AXI is either unconnected or has no load
WARNING: [Synth 8-7129] Port S_AXI_AWPROT[1] in module Lab1_AxiInterface_Adder_v1_0_S00_AXI is either unconnected or has no load
WARNING: [Synth 8-7129] Port S_AXI_AWPROT[0] in module Lab1_AxiInterface_Adder_v1_0_S00_AXI is either unconnected or has no load
WARNING: [Synth 8-7129] Port S_AXI_ARPROT[2] in module Lab1_AxiInterface_Adder_v1_0_S00_AXI is either unconnected or has no load
WARNING: [Synth 8-7129] Port S_AXI_ARPROT[1] in module Lab1_AxiInterface_Adder_v1_0_S00_AXI is either unconnected or has no load
WARNING: [Synth 8-7129] Port S_AXI_ARPROT[0] in module Lab1_AxiInterface_Adder_v1_0_S00_AXI is either unconnected or has no load
---------------------------------------------------------------------------------
Finished RTL Elaboration : Time (s): cpu = 00:00:08 ; elapsed = 00:00:09 . Memory (MB): peak = 1275.691 ; gain = 0.000
---------------------------------------------------------------------------------
---------------------------------------------------------------------------------
Start Handling Custom Attributes
---------------------------------------------------------------------------------
---------------------------------------------------------------------------------
Finished Handling Custom Attributes : Time (s): cpu = 00:00:08 ; elapsed = 00:00:09 . Memory (MB): peak = 1275.691 ; gain = 0.000
---------------------------------------------------------------------------------
---------------------------------------------------------------------------------
Finished RTL Optimization Phase 1 : Time (s): cpu = 00:00:08 ; elapsed = 00:00:09 . Memory (MB): peak = 1275.691 ; gain = 0.000
---------------------------------------------------------------------------------
Netlist sorting complete. Time (s): cpu = 00:00:00 ; elapsed = 00:00:00.019 . Memory (MB): peak = 1275.691 ; gain = 0.000
INFO: [Netlist 29-17] Analyzing 64 Unisim elements for replacement
INFO: [Netlist 29-28] Unisim Transformation completed in 0 CPU seconds
INFO: [Project 1-570] Preparing netlist for logic optimization

Processing XDC Constraints
Initializing timing engine
Parsing XDC File [f:/MastersProgram/ECE6740/Labs/Lab1/PartA/Lab1/Lab1.gen/sources_1/bd/uart_bd/ip/uart_bd_Lab1_Axi_Addr_Combo_0_0/src/axi_addr_ooc.xdc] for cell 'U0/axi_addr_i'
Finished Parsing XDC File [f:/MastersProgram/ECE6740/Labs/Lab1/PartA/Lab1/Lab1.gen/sources_1/bd/uart_bd/ip/uart_bd_Lab1_Axi_Addr_Combo_0_0/src/axi_addr_ooc.xdc] for cell 'U0/axi_addr_i'
Parsing XDC File [f:/MastersProgram/ECE6740/Labs/Lab1/PartA/Lab1/Lab1.gen/sources_1/bd/uart_bd/ip/uart_bd_Lab1_Axi_Addr_Combo_0_0/src/axi_addr_clk_wiz_0/axi_addr_clk_wiz_0_board.xdc] for cell 'U0/axi_addr_i/clk_wiz/inst'
Finished Parsing XDC File [f:/MastersProgram/ECE6740/Labs/Lab1/PartA/Lab1/Lab1.gen/sources_1/bd/uart_bd/ip/uart_bd_Lab1_Axi_Addr_Combo_0_0/src/axi_addr_clk_wiz_0/axi_addr_clk_wiz_0_board.xdc] for cell 'U0/axi_addr_i/clk_wiz/inst'
Parsing XDC File [f:/MastersProgram/ECE6740/Labs/Lab1/PartA/Lab1/Lab1.gen/sources_1/bd/uart_bd/ip/uart_bd_Lab1_Axi_Addr_Combo_0_0/src/axi_addr_clk_wiz_0/axi_addr_clk_wiz_0.xdc] for cell 'U0/axi_addr_i/clk_wiz/inst'
WARNING: [Constraints 18-619] A clock with name 'sys_clock' already exists, overwriting the previous clock with the same name. [f:/MastersProgram/ECE6740/Labs/Lab1/PartA/Lab1/Lab1.gen/sources_1/bd/uart_bd/ip/uart_bd_Lab1_Axi_Addr_Combo_0_0/src/axi_addr_clk_wiz_0/axi_addr_clk_wiz_0.xdc:56]
Finished Parsing XDC File [f:/MastersProgram/ECE6740/Labs/Lab1/PartA/Lab1/Lab1.gen/sources_1/bd/uart_bd/ip/uart_bd_Lab1_Axi_Addr_Combo_0_0/src/axi_addr_clk_wiz_0/axi_addr_clk_wiz_0.xdc] for cell 'U0/axi_addr_i/clk_wiz/inst'
INFO: [Project 1-236] Implementation specific constraints were found while reading constraint file [f:/MastersProgram/ECE6740/Labs/Lab1/PartA/Lab1/Lab1.gen/sources_1/bd/uart_bd/ip/uart_bd_Lab1_Axi_Addr_Combo_0_0/src/axi_addr_clk_wiz_0/axi_addr_clk_wiz_0.xdc]. These constraints will be ignored for synthesis but will be used in implementation. Impacted constraints are listed in the file [.Xil/uart_bd_Lab1_Axi_Addr_Combo_0_0_propImpl.xdc].
Resolution: To avoid this warning, move constraints listed in [.Xil/uart_bd_Lab1_Axi_Addr_Combo_0_0_propImpl.xdc] to another XDC file and exclude this new file from synthesis with the used_in_synthesis property (File Properties dialog in GUI) and re-run elaboration/synthesis.
Parsing XDC File [f:/MastersProgram/ECE6740/Labs/Lab1/PartA/Lab1/Lab1.gen/sources_1/bd/uart_bd/ip/uart_bd_Lab1_Axi_Addr_Combo_0_0/src/PYNQ-Z1_C.xdc] for cell 'U0'
WARNING: [Vivado 12-584] No ports matched 'ck_io[28]'. [f:/MastersProgram/ECE6740/Labs/Lab1/PartA/Lab1/Lab1.gen/sources_1/bd/uart_bd/ip/uart_bd_Lab1_Axi_Addr_Combo_0_0/src/PYNQ-Z1_C.xdc:108]
WARNING: [Vivado 12-584] No ports matched 'ck_io[35]'. [f:/MastersProgram/ECE6740/Labs/Lab1/PartA/Lab1/Lab1.gen/sources_1/bd/uart_bd/ip/uart_bd_Lab1_Axi_Addr_Combo_0_0/src/PYNQ-Z1_C.xdc:109]
Finished Parsing XDC File [f:/MastersProgram/ECE6740/Labs/Lab1/PartA/Lab1/Lab1.gen/sources_1/bd/uart_bd/ip/uart_bd_Lab1_Axi_Addr_Combo_0_0/src/PYNQ-Z1_C.xdc] for cell 'U0'
WARNING: [Project 1-498] One or more constraints failed evaluation while reading constraint file [f:/MastersProgram/ECE6740/Labs/Lab1/PartA/Lab1/Lab1.gen/sources_1/bd/uart_bd/ip/uart_bd_Lab1_Axi_Addr_Combo_0_0/src/PYNQ-Z1_C.xdc] and the design contains unresolved black boxes. These constraints will be read post-synthesis (as long as their source constraint file is marked as used_in_implementation) and should be applied correctly then. You should review the constraints listed in the file [.Xil/uart_bd_Lab1_Axi_Addr_Combo_0_0_propImpl.xdc] and check the run log file to verify that these constraints were correctly applied.
INFO: [Project 1-236] Implementation specific constraints were found while reading constraint file [f:/MastersProgram/ECE6740/Labs/Lab1/PartA/Lab1/Lab1.gen/sources_1/bd/uart_bd/ip/uart_bd_Lab1_Axi_Addr_Combo_0_0/src/PYNQ-Z1_C.xdc]. These constraints will be ignored for synthesis but will be used in implementation. Impacted constraints are listed in the file [.Xil/uart_bd_Lab1_Axi_Addr_Combo_0_0_propImpl.xdc].
Resolution: To avoid this warning, move constraints listed in [.Xil/uart_bd_Lab1_Axi_Addr_Combo_0_0_propImpl.xdc] to another XDC file and exclude this new file from synthesis with the used_in_synthesis property (File Properties dialog in GUI) and re-run elaboration/synthesis.
INFO: [Timing 38-2] Deriving generated clocks
Parsing XDC File [F:/MastersProgram/ECE6740/Labs/Lab1/PartA/Lab1/Lab1.runs/uart_bd_Lab1_Axi_Addr_Combo_0_0_synth_1/dont_touch.xdc]
Finished Parsing XDC File [F:/MastersProgram/ECE6740/Labs/Lab1/PartA/Lab1/Lab1.runs/uart_bd_Lab1_Axi_Addr_Combo_0_0_synth_1/dont_touch.xdc]
INFO: [Project 1-236] Implementation specific constraints were found while reading constraint file [F:/MastersProgram/ECE6740/Labs/Lab1/PartA/Lab1/Lab1.runs/uart_bd_Lab1_Axi_Addr_Combo_0_0_synth_1/dont_touch.xdc]. These constraints will be ignored for synthesis but will be used in implementation. Impacted constraints are listed in the file [.Xil/uart_bd_Lab1_Axi_Addr_Combo_0_0_propImpl.xdc].
Resolution: To avoid this warning, move constraints listed in [.Xil/uart_bd_Lab1_Axi_Addr_Combo_0_0_propImpl.xdc] to another XDC file and exclude this new file from synthesis with the used_in_synthesis property (File Properties dialog in GUI) and re-run elaboration/synthesis.
Completed Processing XDC Constraints

Netlist sorting complete. Time (s): cpu = 00:00:00 ; elapsed = 00:00:00.001 . Memory (MB): peak = 1313.996 ; gain = 0.000
INFO: [Project 1-111] Unisim Transformation Summary:
No Unisim elements were transformed.

Constraint Validation Runtime : Time (s): cpu = 00:00:00 ; elapsed = 00:00:00.015 . Memory (MB): peak = 1313.996 ; gain = 0.000
INFO: [Designutils 20-5008] Incremental synthesis strategy off
---------------------------------------------------------------------------------
Finished Constraint Validation : Time (s): cpu = 00:00:15 ; elapsed = 00:00:16 . Memory (MB): peak = 1313.996 ; gain = 38.305
---------------------------------------------------------------------------------
---------------------------------------------------------------------------------
Start Loading Part and Timing Information
---------------------------------------------------------------------------------
Loading part: xc7z020clg400-1
---------------------------------------------------------------------------------
Finished Loading Part and Timing Information : Time (s): cpu = 00:00:15 ; elapsed = 00:00:16 . Memory (MB): peak = 1313.996 ; gain = 38.305
---------------------------------------------------------------------------------
---------------------------------------------------------------------------------
Start Applying 'set_property' XDC Constraints
---------------------------------------------------------------------------------
Applied set_property KEEP_HIERARCHY = SOFT for U0/axi_addr_i/clk_wiz/inst. (constraint file  F:/MastersProgram/ECE6740/Labs/Lab1/PartA/Lab1/Lab1.runs/uart_bd_Lab1_Axi_Addr_Combo_0_0_synth_1/dont_touch.xdc, line 23).
Applied set_property KEEP_HIERARCHY = SOFT for U0. (constraint file  F:/MastersProgram/ECE6740/Labs/Lab1/PartA/Lab1/Lab1.runs/uart_bd_Lab1_Axi_Addr_Combo_0_0_synth_1/dont_touch.xdc, line 32).
Applied set_property KEEP_HIERARCHY = SOFT for U0/axi_addr_i/Lab1_AxiInterface_Ad_0. (constraint file  auto generated constraint).
Applied set_property KEEP_HIERARCHY = SOFT for U0/axi_addr_i/c_addsub_0. (constraint file  auto generated constraint).
Applied set_property KEEP_HIERARCHY = SOFT for U0/axi_addr_i/clk_wiz. (constraint file  auto generated constraint).
Applied set_property KEEP_HIERARCHY = SOFT for U0/axi_addr_i/xlconstant_0. (constraint file  auto generated constraint).
Applied set_property KEEP_HIERARCHY = SOFT for U0/axi_addr_i/xlslice_0. (constraint file  auto generated constraint).
Applied set_property KEEP = true for sys_clock. (constraint file  auto generated constraint).
---------------------------------------------------------------------------------
Finished applying 'set_property' XDC Constraints : Time (s): cpu = 00:00:15 ; elapsed = 00:00:16 . Memory (MB): peak = 1313.996 ; gain = 38.305
---------------------------------------------------------------------------------
WARNING: [Synth 8-327] inferring latch for variable 'R_ADDR_1_reg' [f:/MastersProgram/ECE6740/Labs/Lab1/PartA/Lab1/Lab1.gen/sources_1/bd/uart_bd/ip/uart_bd_Lab1_Axi_Addr_Combo_0_0/src/axi_addr_Lab1_AxiInterface_Ad_0_0/hdl/Lab1_AxiInterface_Adder_v1_0_S00_AXI.vhd:358]
WARNING: [Synth 8-327] inferring latch for variable 'R_ADDR_2_reg' [f:/MastersProgram/ECE6740/Labs/Lab1/PartA/Lab1/Lab1.gen/sources_1/bd/uart_bd/ip/uart_bd_Lab1_Axi_Addr_Combo_0_0/src/axi_addr_Lab1_AxiInterface_Ad_0_0/hdl/Lab1_AxiInterface_Adder_v1_0_S00_AXI.vhd:360]
WARNING: [Synth 8-327] inferring latch for variable 'reg_data_out_reg' [f:/MastersProgram/ECE6740/Labs/Lab1/PartA/Lab1/Lab1.gen/sources_1/bd/uart_bd/ip/uart_bd_Lab1_Axi_Addr_Combo_0_0/src/axi_addr_Lab1_AxiInterface_Ad_0_0/hdl/Lab1_AxiInterface_Adder_v1_0_S00_AXI.vhd:362]
---------------------------------------------------------------------------------
Finished RTL Optimization Phase 2 : Time (s): cpu = 00:00:16 ; elapsed = 00:00:16 . Memory (MB): peak = 1313.996 ; gain = 38.305
---------------------------------------------------------------------------------
---------------------------------------------------------------------------------
Start RTL Component Statistics 
---------------------------------------------------------------------------------
---------------------------------------------------------------------------------
Finished RTL Component Statistics 
---------------------------------------------------------------------------------
---------------------------------------------------------------------------------
Start Part Resource Summary
---------------------------------------------------------------------------------
Part Resources:
DSPs: 220 (col length:60)
BRAMs: 280 (col length: RAMB18 60 RAMB36 30)
---------------------------------------------------------------------------------
Finished Part Resource Summary
---------------------------------------------------------------------------------
---------------------------------------------------------------------------------
Start Cross Boundary and Area Optimization
---------------------------------------------------------------------------------
WARNING: [Synth 8-7080] Parallel synthesis criteria is not met
WARNING: [Synth 8-7129] Port Din[31] in module axi_addr_xlslice_0_0 is either unconnected or has no load
WARNING: [Synth 8-7129] Port Din[30] in module axi_addr_xlslice_0_0 is either unconnected or has no load
WARNING: [Synth 8-7129] Port Din[29] in module axi_addr_xlslice_0_0 is either unconnected or has no load
WARNING: [Synth 8-7129] Port Din[28] in module axi_addr_xlslice_0_0 is either unconnected or has no load
WARNING: [Synth 8-7129] Port Din[27] in module axi_addr_xlslice_0_0 is either unconnected or has no load
WARNING: [Synth 8-7129] Port Din[26] in module axi_addr_xlslice_0_0 is either unconnected or has no load
WARNING: [Synth 8-7129] Port Din[25] in module axi_addr_xlslice_0_0 is either unconnected or has no load
WARNING: [Synth 8-7129] Port Din[24] in module axi_addr_xlslice_0_0 is either unconnected or has no load
WARNING: [Synth 8-7129] Port Din[23] in module axi_addr_xlslice_0_0 is either unconnected or has no load
WARNING: [Synth 8-7129] Port Din[22] in module axi_addr_xlslice_0_0 is either unconnected or has no load
WARNING: [Synth 8-7129] Port Din[21] in module axi_addr_xlslice_0_0 is either unconnected or has no load
WARNING: [Synth 8-7129] Port Din[20] in module axi_addr_xlslice_0_0 is either unconnected or has no load
WARNING: [Synth 8-7129] Port Din[19] in module axi_addr_xlslice_0_0 is either unconnected or has no load
WARNING: [Synth 8-7129] Port Din[18] in module axi_addr_xlslice_0_0 is either unconnected or has no load
WARNING: [Synth 8-7129] Port Din[17] in module axi_addr_xlslice_0_0 is either unconnected or has no load
WARNING: [Synth 8-7129] Port Din[16] in module axi_addr_xlslice_0_0 is either unconnected or has no load
WARNING: [Synth 8-7129] Port Din[15] in module axi_addr_xlslice_0_0 is either unconnected or has no load
WARNING: [Synth 8-7129] Port Din[14] in module axi_addr_xlslice_0_0 is either unconnected or has no load
WARNING: [Synth 8-7129] Port Din[13] in module axi_addr_xlslice_0_0 is either unconnected or has no load
WARNING: [Synth 8-7129] Port Din[12] in module axi_addr_xlslice_0_0 is either unconnected or has no load
WARNING: [Synth 8-7129] Port Din[11] in module axi_addr_xlslice_0_0 is either unconnected or has no load
WARNING: [Synth 8-7129] Port Din[10] in module axi_addr_xlslice_0_0 is either unconnected or has no load
WARNING: [Synth 8-7129] Port Din[9] in module axi_addr_xlslice_0_0 is either unconnected or has no load
WARNING: [Synth 8-7129] Port Din[8] in module axi_addr_xlslice_0_0 is either unconnected or has no load
WARNING: [Synth 8-7129] Port Din[7] in module axi_addr_xlslice_0_0 is either unconnected or has no load
WARNING: [Synth 8-7129] Port Din[6] in module axi_addr_xlslice_0_0 is either unconnected or has no load
WARNING: [Synth 8-7129] Port Din[5] in module axi_addr_xlslice_0_0 is either unconnected or has no load
WARNING: [Synth 8-7129] Port Din[4] in module axi_addr_xlslice_0_0 is either unconnected or has no load
WARNING: [Synth 8-7129] Port ADD in module c_addsub_v12_0_14_viv is either unconnected or has no load
WARNING: [Synth 8-7129] Port C_IN in module c_addsub_v12_0_14_viv is either unconnected or has no load
WARNING: [Synth 8-7129] Port BYPASS in module c_addsub_v12_0_14_viv is either unconnected or has no load
WARNING: [Synth 8-7129] Port SCLR in module c_addsub_v12_0_14_viv is either unconnected or has no load
WARNING: [Synth 8-7129] Port SSET in module c_addsub_v12_0_14_viv is either unconnected or has no load
WARNING: [Synth 8-7129] Port SINIT in module c_addsub_v12_0_14_viv is either unconnected or has no load
WARNING: [Synth 8-7129] Port s00_axi_awprot[2] in module axi_addr_Lab1_AxiInterface_Ad_0_0 is either unconnected or has no load
WARNING: [Synth 8-7129] Port s00_axi_awprot[1] in module axi_addr_Lab1_AxiInterface_Ad_0_0 is either unconnected or has no load
WARNING: [Synth 8-7129] Port s00_axi_awprot[0] in module axi_addr_Lab1_AxiInterface_Ad_0_0 is either unconnected or has no load
WARNING: [Synth 8-7129] Port s00_axi_arprot[2] in module axi_addr_Lab1_AxiInterface_Ad_0_0 is either unconnected or has no load
WARNING: [Synth 8-7129] Port s00_axi_arprot[1] in module axi_addr_Lab1_AxiInterface_Ad_0_0 is either unconnected or has no load
WARNING: [Synth 8-7129] Port s00_axi_arprot[0] in module axi_addr_Lab1_AxiInterface_Ad_0_0 is either unconnected or has no load
INFO: [Synth 8-3332] Sequential element (U0/Lab1_AxiInterface_Adder_v1_0_S00_AXI_inst/R_ADDR_1_reg[31]) is unused and will be removed from module axi_addr_Lab1_AxiInterface_Ad_0_0.
INFO: [Synth 8-3332] Sequential element (U0/Lab1_AxiInterface_Adder_v1_0_S00_AXI_inst/R_ADDR_1_reg[30]) is unused and will be removed from module axi_addr_Lab1_AxiInterface_Ad_0_0.
INFO: [Synth 8-3332] Sequential element (U0/Lab1_AxiInterface_Adder_v1_0_S00_AXI_inst/R_ADDR_1_reg[29]) is unused and will be removed from module axi_addr_Lab1_AxiInterface_Ad_0_0.
INFO: [Synth 8-3332] Sequential element (U0/Lab1_AxiInterface_Adder_v1_0_S00_AXI_inst/R_ADDR_1_reg[28]) is unused and will be removed from module axi_addr_Lab1_AxiInterface_Ad_0_0.
INFO: [Synth 8-3332] Sequential element (U0/Lab1_AxiInterface_Adder_v1_0_S00_AXI_inst/R_ADDR_1_reg[27]) is unused and will be removed from module axi_addr_Lab1_AxiInterface_Ad_0_0.
INFO: [Synth 8-3332] Sequential element (U0/Lab1_AxiInterface_Adder_v1_0_S00_AXI_inst/R_ADDR_1_reg[26]) is unused and will be removed from module axi_addr_Lab1_AxiInterface_Ad_0_0.
INFO: [Synth 8-3332] Sequential element (U0/Lab1_AxiInterface_Adder_v1_0_S00_AXI_inst/R_ADDR_1_reg[25]) is unused and will be removed from module axi_addr_Lab1_AxiInterface_Ad_0_0.
INFO: [Synth 8-3332] Sequential element (U0/Lab1_AxiInterface_Adder_v1_0_S00_AXI_inst/R_ADDR_1_reg[24]) is unused and will be removed from module axi_addr_Lab1_AxiInterface_Ad_0_0.
INFO: [Synth 8-3332] Sequential element (U0/Lab1_AxiInterface_Adder_v1_0_S00_AXI_inst/R_ADDR_1_reg[23]) is unused and will be removed from module axi_addr_Lab1_AxiInterface_Ad_0_0.
INFO: [Synth 8-3332] Sequential element (U0/Lab1_AxiInterface_Adder_v1_0_S00_AXI_inst/R_ADDR_1_reg[22]) is unused and will be removed from module axi_addr_Lab1_AxiInterface_Ad_0_0.
INFO: [Synth 8-3332] Sequential element (U0/Lab1_AxiInterface_Adder_v1_0_S00_AXI_inst/R_ADDR_1_reg[21]) is unused and will be removed from module axi_addr_Lab1_AxiInterface_Ad_0_0.
INFO: [Synth 8-3332] Sequential element (U0/Lab1_AxiInterface_Adder_v1_0_S00_AXI_inst/R_ADDR_1_reg[20]) is unused and will be removed from module axi_addr_Lab1_AxiInterface_Ad_0_0.
INFO: [Synth 8-3332] Sequential element (U0/Lab1_AxiInterface_Adder_v1_0_S00_AXI_inst/R_ADDR_1_reg[19]) is unused and will be removed from module axi_addr_Lab1_AxiInterface_Ad_0_0.
INFO: [Synth 8-3332] Sequential element (U0/Lab1_AxiInterface_Adder_v1_0_S00_AXI_inst/R_ADDR_1_reg[18]) is unused and will be removed from module axi_addr_Lab1_AxiInterface_Ad_0_0.
INFO: [Synth 8-3332] Sequential element (U0/Lab1_AxiInterface_Adder_v1_0_S00_AXI_inst/R_ADDR_1_reg[17]) is unused and will be removed from module axi_addr_Lab1_AxiInterface_Ad_0_0.
INFO: [Synth 8-3332] Sequential element (U0/Lab1_AxiInterface_Adder_v1_0_S00_AXI_inst/R_ADDR_1_reg[16]) is unused and will be removed from module axi_addr_Lab1_AxiInterface_Ad_0_0.
INFO: [Synth 8-3332] Sequential element (U0/Lab1_AxiInterface_Adder_v1_0_S00_AXI_inst/R_ADDR_1_reg[15]) is unused and will be removed from module axi_addr_Lab1_AxiInterface_Ad_0_0.
INFO: [Synth 8-3332] Sequential element (U0/Lab1_AxiInterface_Adder_v1_0_S00_AXI_inst/R_ADDR_1_reg[14]) is unused and will be removed from module axi_addr_Lab1_AxiInterface_Ad_0_0.
INFO: [Synth 8-3332] Sequential element (U0/Lab1_AxiInterface_Adder_v1_0_S00_AXI_inst/R_ADDR_1_reg[13]) is unused and will be removed from module axi_addr_Lab1_AxiInterface_Ad_0_0.
INFO: [Synth 8-3332] Sequential element (U0/Lab1_AxiInterface_Adder_v1_0_S00_AXI_inst/R_ADDR_1_reg[12]) is unused and will be removed from module axi_addr_Lab1_AxiInterface_Ad_0_0.
INFO: [Synth 8-3332] Sequential element (U0/Lab1_AxiInterface_Adder_v1_0_S00_AXI_inst/R_ADDR_1_reg[11]) is unused and will be removed from module axi_addr_Lab1_AxiInterface_Ad_0_0.
INFO: [Synth 8-3332] Sequential element (U0/Lab1_AxiInterface_Adder_v1_0_S00_AXI_inst/R_ADDR_1_reg[10]) is unused and will be removed from module axi_addr_Lab1_AxiInterface_Ad_0_0.
INFO: [Synth 8-3332] Sequential element (U0/Lab1_AxiInterface_Adder_v1_0_S00_AXI_inst/R_ADDR_1_reg[9]) is unused and will be removed from module axi_addr_Lab1_AxiInterface_Ad_0_0.
INFO: [Synth 8-3332] Sequential element (U0/Lab1_AxiInterface_Adder_v1_0_S00_AXI_inst/R_ADDR_1_reg[8]) is unused and will be removed from module axi_addr_Lab1_AxiInterface_Ad_0_0.
INFO: [Synth 8-3332] Sequential element (U0/Lab1_AxiInterface_Adder_v1_0_S00_AXI_inst/R_ADDR_1_reg[7]) is unused and will be removed from module axi_addr_Lab1_AxiInterface_Ad_0_0.
INFO: [Synth 8-3332] Sequential element (U0/Lab1_AxiInterface_Adder_v1_0_S00_AXI_inst/R_ADDR_1_reg[6]) is unused and will be removed from module axi_addr_Lab1_AxiInterface_Ad_0_0.
INFO: [Synth 8-3332] Sequential element (U0/Lab1_AxiInterface_Adder_v1_0_S00_AXI_inst/R_ADDR_1_reg[5]) is unused and will be removed from module axi_addr_Lab1_AxiInterface_Ad_0_0.
INFO: [Synth 8-3332] Sequential element (U0/Lab1_AxiInterface_Adder_v1_0_S00_AXI_inst/R_ADDR_1_reg[4]) is unused and will be removed from module axi_addr_Lab1_AxiInterface_Ad_0_0.
INFO: [Synth 8-3332] Sequential element (U0/Lab1_AxiInterface_Adder_v1_0_S00_AXI_inst/R_ADDR_1_reg[2]) is unused and will be removed from module axi_addr_Lab1_AxiInterface_Ad_0_0.
INFO: [Synth 8-3332] Sequential element (U0/Lab1_AxiInterface_Adder_v1_0_S00_AXI_inst/R_ADDR_2_reg[31]) is unused and will be removed from module axi_addr_Lab1_AxiInterface_Ad_0_0.
INFO: [Synth 8-3332] Sequential element (U0/Lab1_AxiInterface_Adder_v1_0_S00_AXI_inst/R_ADDR_2_reg[30]) is unused and will be removed from module axi_addr_Lab1_AxiInterface_Ad_0_0.
INFO: [Synth 8-3332] Sequential element (U0/Lab1_AxiInterface_Adder_v1_0_S00_AXI_inst/R_ADDR_2_reg[29]) is unused and will be removed from module axi_addr_Lab1_AxiInterface_Ad_0_0.
INFO: [Synth 8-3332] Sequential element (U0/Lab1_AxiInterface_Adder_v1_0_S00_AXI_inst/R_ADDR_2_reg[28]) is unused and will be removed from module axi_addr_Lab1_AxiInterface_Ad_0_0.
INFO: [Synth 8-3332] Sequential element (U0/Lab1_AxiInterface_Adder_v1_0_S00_AXI_inst/R_ADDR_2_reg[27]) is unused and will be removed from module axi_addr_Lab1_AxiInterface_Ad_0_0.
INFO: [Synth 8-3332] Sequential element (U0/Lab1_AxiInterface_Adder_v1_0_S00_AXI_inst/R_ADDR_2_reg[26]) is unused and will be removed from module axi_addr_Lab1_AxiInterface_Ad_0_0.
INFO: [Synth 8-3332] Sequential element (U0/Lab1_AxiInterface_Adder_v1_0_S00_AXI_inst/R_ADDR_2_reg[25]) is unused and will be removed from module axi_addr_Lab1_AxiInterface_Ad_0_0.
INFO: [Synth 8-3332] Sequential element (U0/Lab1_AxiInterface_Adder_v1_0_S00_AXI_inst/R_ADDR_2_reg[24]) is unused and will be removed from module axi_addr_Lab1_AxiInterface_Ad_0_0.
INFO: [Synth 8-3332] Sequential element (U0/Lab1_AxiInterface_Adder_v1_0_S00_AXI_inst/R_ADDR_2_reg[23]) is unused and will be removed from module axi_addr_Lab1_AxiInterface_Ad_0_0.
INFO: [Synth 8-3332] Sequential element (U0/Lab1_AxiInterface_Adder_v1_0_S00_AXI_inst/R_ADDR_2_reg[22]) is unused and will be removed from module axi_addr_Lab1_AxiInterface_Ad_0_0.
INFO: [Synth 8-3332] Sequential element (U0/Lab1_AxiInterface_Adder_v1_0_S00_AXI_inst/R_ADDR_2_reg[21]) is unused and will be removed from module axi_addr_Lab1_AxiInterface_Ad_0_0.
INFO: [Synth 8-3332] Sequential element (U0/Lab1_AxiInterface_Adder_v1_0_S00_AXI_inst/R_ADDR_2_reg[20]) is unused and will be removed from module axi_addr_Lab1_AxiInterface_Ad_0_0.
INFO: [Synth 8-3332] Sequential element (U0/Lab1_AxiInterface_Adder_v1_0_S00_AXI_inst/R_ADDR_2_reg[19]) is unused and will be removed from module axi_addr_Lab1_AxiInterface_Ad_0_0.
INFO: [Synth 8-3332] Sequential element (U0/Lab1_AxiInterface_Adder_v1_0_S00_AXI_inst/R_ADDR_2_reg[18]) is unused and will be removed from module axi_addr_Lab1_AxiInterface_Ad_0_0.
INFO: [Synth 8-3332] Sequential element (U0/Lab1_AxiInterface_Adder_v1_0_S00_AXI_inst/R_ADDR_2_reg[17]) is unused and will be removed from module axi_addr_Lab1_AxiInterface_Ad_0_0.
INFO: [Synth 8-3332] Sequential element (U0/Lab1_AxiInterface_Adder_v1_0_S00_AXI_inst/R_ADDR_2_reg[16]) is unused and will be removed from module axi_addr_Lab1_AxiInterface_Ad_0_0.
INFO: [Synth 8-3332] Sequential element (U0/Lab1_AxiInterface_Adder_v1_0_S00_AXI_inst/R_ADDR_2_reg[15]) is unused and will be removed from module axi_addr_Lab1_AxiInterface_Ad_0_0.
INFO: [Synth 8-3332] Sequential element (U0/Lab1_AxiInterface_Adder_v1_0_S00_AXI_inst/R_ADDR_2_reg[14]) is unused and will be removed from module axi_addr_Lab1_AxiInterface_Ad_0_0.
INFO: [Synth 8-3332] Sequential element (U0/Lab1_AxiInterface_Adder_v1_0_S00_AXI_inst/R_ADDR_2_reg[13]) is unused and will be removed from module axi_addr_Lab1_AxiInterface_Ad_0_0.
INFO: [Synth 8-3332] Sequential element (U0/Lab1_AxiInterface_Adder_v1_0_S00_AXI_inst/R_ADDR_2_reg[12]) is unused and will be removed from module axi_addr_Lab1_AxiInterface_Ad_0_0.
INFO: [Synth 8-3332] Sequential element (U0/Lab1_AxiInterface_Adder_v1_0_S00_AXI_inst/R_ADDR_2_reg[11]) is unused and will be removed from module axi_addr_Lab1_AxiInterface_Ad_0_0.
INFO: [Synth 8-3332] Sequential element (U0/Lab1_AxiInterface_Adder_v1_0_S00_AXI_inst/R_ADDR_2_reg[10]) is unused and will be removed from module axi_addr_Lab1_AxiInterface_Ad_0_0.
INFO: [Synth 8-3332] Sequential element (U0/Lab1_AxiInterface_Adder_v1_0_S00_AXI_inst/R_ADDR_2_reg[9]) is unused and will be removed from module axi_addr_Lab1_AxiInterface_Ad_0_0.
INFO: [Synth 8-3332] Sequential element (U0/Lab1_AxiInterface_Adder_v1_0_S00_AXI_inst/R_ADDR_2_reg[8]) is unused and will be removed from module axi_addr_Lab1_AxiInterface_Ad_0_0.
INFO: [Synth 8-3332] Sequential element (U0/Lab1_AxiInterface_Adder_v1_0_S00_AXI_inst/R_ADDR_2_reg[7]) is unused and will be removed from module axi_addr_Lab1_AxiInterface_Ad_0_0.
INFO: [Synth 8-3332] Sequential element (U0/Lab1_AxiInterface_Adder_v1_0_S00_AXI_inst/R_ADDR_2_reg[6]) is unused and will be removed from module axi_addr_Lab1_AxiInterface_Ad_0_0.
INFO: [Synth 8-3332] Sequential element (U0/Lab1_AxiInterface_Adder_v1_0_S00_AXI_inst/R_ADDR_2_reg[5]) is unused and will be removed from module axi_addr_Lab1_AxiInterface_Ad_0_0.
INFO: [Synth 8-3332] Sequential element (U0/Lab1_AxiInterface_Adder_v1_0_S00_AXI_inst/R_ADDR_2_reg[4]) is unused and will be removed from module axi_addr_Lab1_AxiInterface_Ad_0_0.
INFO: [Synth 8-3332] Sequential element (U0/Lab1_AxiInterface_Adder_v1_0_S00_AXI_inst/R_ADDR_2_reg[2]) is unused and will be removed from module axi_addr_Lab1_AxiInterface_Ad_0_0.
INFO: [Synth 8-3332] Sequential element (U0/Lab1_AxiInterface_Adder_v1_0_S00_AXI_inst/reg_data_out_reg[31]) is unused and will be removed from module axi_addr_Lab1_AxiInterface_Ad_0_0.
INFO: [Synth 8-3332] Sequential element (U0/Lab1_AxiInterface_Adder_v1_0_S00_AXI_inst/reg_data_out_reg[30]) is unused and will be removed from module axi_addr_Lab1_AxiInterface_Ad_0_0.
INFO: [Synth 8-3332] Sequential element (U0/Lab1_AxiInterface_Adder_v1_0_S00_AXI_inst/reg_data_out_reg[29]) is unused and will be removed from module axi_addr_Lab1_AxiInterface_Ad_0_0.
INFO: [Synth 8-3332] Sequential element (U0/Lab1_AxiInterface_Adder_v1_0_S00_AXI_inst/reg_data_out_reg[28]) is unused and will be removed from module axi_addr_Lab1_AxiInterface_Ad_0_0.
INFO: [Synth 8-3332] Sequential element (U0/Lab1_AxiInterface_Adder_v1_0_S00_AXI_inst/reg_data_out_reg[27]) is unused and will be removed from module axi_addr_Lab1_AxiInterface_Ad_0_0.
INFO: [Synth 8-3332] Sequential element (U0/Lab1_AxiInterface_Adder_v1_0_S00_AXI_inst/reg_data_out_reg[26]) is unused and will be removed from module axi_addr_Lab1_AxiInterface_Ad_0_0.
INFO: [Synth 8-3332] Sequential element (U0/Lab1_AxiInterface_Adder_v1_0_S00_AXI_inst/reg_data_out_reg[25]) is unused and will be removed from module axi_addr_Lab1_AxiInterface_Ad_0_0.
INFO: [Synth 8-3332] Sequential element (U0/Lab1_AxiInterface_Adder_v1_0_S00_AXI_inst/reg_data_out_reg[24]) is unused and will be removed from module axi_addr_Lab1_AxiInterface_Ad_0_0.
INFO: [Synth 8-3332] Sequential element (U0/Lab1_AxiInterface_Adder_v1_0_S00_AXI_inst/reg_data_out_reg[23]) is unused and will be removed from module axi_addr_Lab1_AxiInterface_Ad_0_0.
INFO: [Synth 8-3332] Sequential element (U0/Lab1_AxiInterface_Adder_v1_0_S00_AXI_inst/reg_data_out_reg[22]) is unused and will be removed from module axi_addr_Lab1_AxiInterface_Ad_0_0.
INFO: [Synth 8-3332] Sequential element (U0/Lab1_AxiInterface_Adder_v1_0_S00_AXI_inst/reg_data_out_reg[21]) is unused and will be removed from module axi_addr_Lab1_AxiInterface_Ad_0_0.
INFO: [Synth 8-3332] Sequential element (U0/Lab1_AxiInterface_Adder_v1_0_S00_AXI_inst/reg_data_out_reg[20]) is unused and will be removed from module axi_addr_Lab1_AxiInterface_Ad_0_0.
INFO: [Synth 8-3332] Sequential element (U0/Lab1_AxiInterface_Adder_v1_0_S00_AXI_inst/reg_data_out_reg[19]) is unused and will be removed from module axi_addr_Lab1_AxiInterface_Ad_0_0.
INFO: [Synth 8-3332] Sequential element (U0/Lab1_AxiInterface_Adder_v1_0_S00_AXI_inst/reg_data_out_reg[18]) is unused and will be removed from module axi_addr_Lab1_AxiInterface_Ad_0_0.
INFO: [Synth 8-3332] Sequential element (U0/Lab1_AxiInterface_Adder_v1_0_S00_AXI_inst/reg_data_out_reg[17]) is unused and will be removed from module axi_addr_Lab1_AxiInterface_Ad_0_0.
INFO: [Synth 8-3332] Sequential element (U0/Lab1_AxiInterface_Adder_v1_0_S00_AXI_inst/reg_data_out_reg[16]) is unused and will be removed from module axi_addr_Lab1_AxiInterface_Ad_0_0.
INFO: [Synth 8-3332] Sequential element (U0/Lab1_AxiInterface_Adder_v1_0_S00_AXI_inst/reg_data_out_reg[15]) is unused and will be removed from module axi_addr_Lab1_AxiInterface_Ad_0_0.
INFO: [Synth 8-3332] Sequential element (U0/Lab1_AxiInterface_Adder_v1_0_S00_AXI_inst/reg_data_out_reg[14]) is unused and will be removed from module axi_addr_Lab1_AxiInterface_Ad_0_0.
INFO: [Synth 8-3332] Sequential element (U0/Lab1_AxiInterface_Adder_v1_0_S00_AXI_inst/reg_data_out_reg[13]) is unused and will be removed from module axi_addr_Lab1_AxiInterface_Ad_0_0.
INFO: [Synth 8-3332] Sequential element (U0/Lab1_AxiInterface_Adder_v1_0_S00_AXI_inst/reg_data_out_reg[12]) is unused and will be removed from module axi_addr_Lab1_AxiInterface_Ad_0_0.
INFO: [Synth 8-3332] Sequential element (U0/Lab1_AxiInterface_Adder_v1_0_S00_AXI_inst/reg_data_out_reg[11]) is unused and will be removed from module axi_addr_Lab1_AxiInterface_Ad_0_0.
INFO: [Synth 8-3332] Sequential element (U0/Lab1_AxiInterface_Adder_v1_0_S00_AXI_inst/reg_data_out_reg[10]) is unused and will be removed from module axi_addr_Lab1_AxiInterface_Ad_0_0.
INFO: [Synth 8-3332] Sequential element (U0/Lab1_AxiInterface_Adder_v1_0_S00_AXI_inst/reg_data_out_reg[9]) is unused and will be removed from module axi_addr_Lab1_AxiInterface_Ad_0_0.
INFO: [Synth 8-3332] Sequential element (U0/Lab1_AxiInterface_Adder_v1_0_S00_AXI_inst/reg_data_out_reg[8]) is unused and will be removed from module axi_addr_Lab1_AxiInterface_Ad_0_0.
INFO: [Synth 8-3332] Sequential element (U0/Lab1_AxiInterface_Adder_v1_0_S00_AXI_inst/reg_data_out_reg[7]) is unused and will be removed from module axi_addr_Lab1_AxiInterface_Ad_0_0.
INFO: [Synth 8-3332] Sequential element (U0/Lab1_AxiInterface_Adder_v1_0_S00_AXI_inst/reg_data_out_reg[6]) is unused and will be removed from module axi_addr_Lab1_AxiInterface_Ad_0_0.
INFO: [Synth 8-3332] Sequential element (U0/Lab1_AxiInterface_Adder_v1_0_S00_AXI_inst/reg_data_out_reg[5]) is unused and will be removed from module axi_addr_Lab1_AxiInterface_Ad_0_0.
INFO: [Synth 8-3332] Sequential element (U0/Lab1_AxiInterface_Adder_v1_0_S00_AXI_inst/reg_data_out_reg[4]) is unused and will be removed from module axi_addr_Lab1_AxiInterface_Ad_0_0.
INFO: [Synth 8-3332] Sequential element (U0/Lab1_AxiInterface_Adder_v1_0_S00_AXI_inst/reg_data_out_reg[3]) is unused and will be removed from module axi_addr_Lab1_AxiInterface_Ad_0_0.
INFO: [Synth 8-3332] Sequential element (U0/Lab1_AxiInterface_Adder_v1_0_S00_AXI_inst/reg_data_out_reg[2]) is unused and will be removed from module axi_addr_Lab1_AxiInterface_Ad_0_0.
INFO: [Synth 8-3332] Sequential element (U0/Lab1_AxiInterface_Adder_v1_0_S00_AXI_inst/reg_data_out_reg[1]) is unused and will be removed from module axi_addr_Lab1_AxiInterface_Ad_0_0.
INFO: [Synth 8-3332] Sequential element (U0/Lab1_AxiInterface_Adder_v1_0_S00_AXI_inst/reg_data_out_reg[0]) is unused and will be removed from module axi_addr_Lab1_AxiInterface_Ad_0_0.
---------------------------------------------------------------------------------
Finished Cross Boundary and Area Optimization : Time (s): cpu = 00:00:17 ; elapsed = 00:00:18 . Memory (MB): peak = 1313.996 ; gain = 38.305
---------------------------------------------------------------------------------
---------------------------------------------------------------------------------
Start Applying XDC Timing Constraints
---------------------------------------------------------------------------------
WARNING: [Synth 8-565] redefining clock 'sys_clock'
---------------------------------------------------------------------------------
Finished Applying XDC Timing Constraints : Time (s): cpu = 00:00:23 ; elapsed = 00:00:23 . Memory (MB): peak = 1313.996 ; gain = 38.305
---------------------------------------------------------------------------------
---------------------------------------------------------------------------------
Start Timing Optimization
---------------------------------------------------------------------------------
---------------------------------------------------------------------------------
Finished Timing Optimization : Time (s): cpu = 00:00:23 ; elapsed = 00:00:23 . Memory (MB): peak = 1313.996 ; gain = 38.305
---------------------------------------------------------------------------------
---------------------------------------------------------------------------------
Start Technology Mapping
---------------------------------------------------------------------------------
---------------------------------------------------------------------------------
Finished Technology Mapping : Time (s): cpu = 00:00:23 ; elapsed = 00:00:23 . Memory (MB): peak = 1313.996 ; gain = 38.305
---------------------------------------------------------------------------------
---------------------------------------------------------------------------------
Start IO Insertion
---------------------------------------------------------------------------------
---------------------------------------------------------------------------------
Start Flattening Before IO Insertion
---------------------------------------------------------------------------------
---------------------------------------------------------------------------------
Finished Flattening Before IO Insertion
---------------------------------------------------------------------------------
---------------------------------------------------------------------------------
Start Final Netlist Cleanup
---------------------------------------------------------------------------------
---------------------------------------------------------------------------------
Finished Final Netlist Cleanup
---------------------------------------------------------------------------------
---------------------------------------------------------------------------------
Finished IO Insertion : Time (s): cpu = 00:00:26 ; elapsed = 00:00:27 . Memory (MB): peak = 1313.996 ; gain = 38.305
---------------------------------------------------------------------------------
---------------------------------------------------------------------------------
Start Renaming Generated Instances
---------------------------------------------------------------------------------
---------------------------------------------------------------------------------
Finished Renaming Generated Instances : Time (s): cpu = 00:00:26 ; elapsed = 00:00:27 . Memory (MB): peak = 1313.996 ; gain = 38.305
---------------------------------------------------------------------------------
---------------------------------------------------------------------------------
Start Rebuilding User Hierarchy
---------------------------------------------------------------------------------
---------------------------------------------------------------------------------
Finished Rebuilding User Hierarchy : Time (s): cpu = 00:00:26 ; elapsed = 00:00:27 . Memory (MB): peak = 1313.996 ; gain = 38.305
---------------------------------------------------------------------------------
---------------------------------------------------------------------------------
Start Renaming Generated Ports
---------------------------------------------------------------------------------
---------------------------------------------------------------------------------
Finished Renaming Generated Ports : Time (s): cpu = 00:00:26 ; elapsed = 00:00:27 . Memory (MB): peak = 1313.996 ; gain = 38.305
---------------------------------------------------------------------------------
---------------------------------------------------------------------------------
Start Handling Custom Attributes
---------------------------------------------------------------------------------
---------------------------------------------------------------------------------
Finished Handling Custom Attributes : Time (s): cpu = 00:00:26 ; elapsed = 00:00:27 . Memory (MB): peak = 1313.996 ; gain = 38.305
---------------------------------------------------------------------------------
---------------------------------------------------------------------------------
Start Renaming Generated Nets
---------------------------------------------------------------------------------
---------------------------------------------------------------------------------
Finished Renaming Generated Nets : Time (s): cpu = 00:00:26 ; elapsed = 00:00:27 . Memory (MB): peak = 1313.996 ; gain = 38.305
---------------------------------------------------------------------------------
---------------------------------------------------------------------------------
Start Writing Synthesis Report
---------------------------------------------------------------------------------

Report BlackBoxes: 
+-+--------------+----------+
| |BlackBox name |Instances |
+-+--------------+----------+
+-+--------------+----------+

Report Cell Usage: 
+------+-----------+------+
|      |Cell       |Count |
+------+-----------+------+
|1     |BUFG       |     2|
|2     |MMCME2_ADV |     1|
|3     |MUXCY      |     3|
|4     |XORCY      |     4|
|5     |FDRE       |     4|
|6     |IBUF       |     1|
+------+-----------+------+
---------------------------------------------------------------------------------
Finished Writing Synthesis Report : Time (s): cpu = 00:00:26 ; elapsed = 00:00:27 . Memory (MB): peak = 1313.996 ; gain = 38.305
---------------------------------------------------------------------------------
Synthesis finished with 0 errors, 0 critical warnings and 45 warnings.
Synthesis Optimization Runtime : Time (s): cpu = 00:00:16 ; elapsed = 00:00:25 . Memory (MB): peak = 1313.996 ; gain = 0.000
Synthesis Optimization Complete : Time (s): cpu = 00:00:26 ; elapsed = 00:00:27 . Memory (MB): peak = 1313.996 ; gain = 38.305
INFO: [Project 1-571] Translating synthesized netlist
Netlist sorting complete. Time (s): cpu = 00:00:00 ; elapsed = 00:00:00.002 . Memory (MB): peak = 1313.996 ; gain = 0.000
INFO: [Netlist 29-17] Analyzing 8 Unisim elements for replacement
INFO: [Netlist 29-28] Unisim Transformation completed in 0 CPU seconds
INFO: [Project 1-570] Preparing netlist for logic optimization
INFO: [Opt 31-138] Pushed 0 inverter(s) to 0 load pin(s).
Netlist sorting complete. Time (s): cpu = 00:00:00 ; elapsed = 00:00:00 . Memory (MB): peak = 1313.996 ; gain = 0.000
INFO: [Project 1-111] Unisim Transformation Summary:
  A total of 1 instances were transformed.
  (MUXCY,XORCY) => CARRY4: 1 instance 

Synth Design complete, checksum: f2c44272
INFO: [Common 17-83] Releasing license: Synthesis
158 Infos, 102 Warnings, 0 Critical Warnings and 0 Errors encountered.
synth_design completed successfully
synth_design: Time (s): cpu = 00:00:30 ; elapsed = 00:00:32 . Memory (MB): peak = 1313.996 ; gain = 38.305
INFO: [Common 17-1381] The checkpoint 'F:/MastersProgram/ECE6740/Labs/Lab1/PartA/Lab1/Lab1.runs/uart_bd_Lab1_Axi_Addr_Combo_0_0_synth_1/uart_bd_Lab1_Axi_Addr_Combo_0_0.dcp' has been generated.
INFO: [Coretcl 2-1648] Added synthesis output to IP cache for IP uart_bd_Lab1_Axi_Addr_Combo_0_0, cache-ID = 2011f39703b27448
INFO: [Coretcl 2-1174] Renamed 12 cell refs.
INFO: [Common 17-1381] The checkpoint 'F:/MastersProgram/ECE6740/Labs/Lab1/PartA/Lab1/Lab1.runs/uart_bd_Lab1_Axi_Addr_Combo_0_0_synth_1/uart_bd_Lab1_Axi_Addr_Combo_0_0.dcp' has been generated.
INFO: [runtcl-4] Executing : report_utilization -file uart_bd_Lab1_Axi_Addr_Combo_0_0_utilization_synth.rpt -pb uart_bd_Lab1_Axi_Addr_Combo_0_0_utilization_synth.pb
INFO: [Common 17-206] Exiting Vivado at Mon Jan 22 16:09:53 2024...
